EVENT=DREAM_BOOT ROLE=pcBridge VERSION=0.2.0 SOURCE=COM10@9600 TARGET=COM6@115200 SEND_RATE=20.0 WEB=http://127.0.0.1:8765/
EVENT=WEB_READY URL=http://127.0.0.1:8765/
EVENT=TARGET_SERIAL_OPEN PORT=COM6 BAUD=115200
EVENT=SOURCE_SERIAL_OPEN PORT=COM10 BAUD=9600
EVENT=PC_BRIDGE_STATUS UPTIME_MS=1031 RAW_BYTES=0 VALID=0 SENT=0 COMMANDS=0 CHECKSUM_ERR=0 LENGTH_ERR=0 PARSE_ERR=0 AGE_MS=-1 POOR_SIGNAL=200 ATTENTION=0 MEDITATION=0
EVENT=PC_BRIDGE_STATUS UPTIME_MS=2031 RAW_BYTES=0 VALID=0 SENT=0 COMMANDS=0 CHECKSUM_ERR=0 LENGTH_ERR=0 PARSE_ERR=0 AGE_MS=-1 POOR_SIGNAL=200 ATTENTION=0 MEDITATION=0
EVENT=PC_BRIDGE_STATUS UPTIME_MS=3031 RAW_BYTES=0 VALID=0 SENT=0 COMMANDS=0 CHECKSUM_ERR=0 LENGTH_ERR=0 PARSE_ERR=0 AGE_MS=-1 POOR_SIGNAL=200 ATTENTION=0 MEDITATION=0
EVENT=PC_BRIDGE_STATUS UPTIME_MS=4031 RAW_BYTES=0 VALID=0 SENT=0 COMMANDS=0 CHECKSUM_ERR=0 LENGTH_ERR=0 PARSE_ERR=0 AGE_MS=-1 POOR_SIGNAL=200 ATTENTION=0 MEDITATION=0
EVENT=PC_BRIDGE_STATUS UPTIME_MS=5093 RAW_BYTES=0 VALID=0 SENT=0 COMMANDS=0 CHECKSUM_ERR=0 LENGTH_ERR=0 PARSE_ERR=0 AGE_MS=-1 POOR_SIGNAL=200 ATTENTION=0 MEDITATION=0
EVENT=PC_BRIDGE_STATUS UPTIME_MS=6093 RAW_BYTES=0 VALID=0 SENT=0 COMMANDS=0 CHECKSUM_ERR=0 LENGTH_ERR=0 PARSE_ERR=0 AGE_MS=-1 POOR_SIGNAL=200 ATTENTION=0 MEDITATION=0
EVENT=PC_BRIDGE_STATUS UPTIME_MS=7093 RAW_BYTES=0 VALID=0 SENT=0 COMMANDS=0 CHECKSUM_ERR=0 LENGTH_ERR=0 PARSE_ERR=0 AGE_MS=-1 POOR_SIGNAL=200 ATTENTION=0 MEDITATION=0
EVENT=PC_BRIDGE_STATUS UPTIME_MS=8093 RAW_BYTES=0 VALID=0 SENT=0 COMMANDS=0 CHECKSUM_ERR=0 LENGTH_ERR=0 PARSE_ERR=0 AGE_MS=-1 POOR_SIGNAL=200 ATTENTION=0 MEDITATION=0
EVENT=PC_BRIDGE_STATUS UPTIME_MS=9093 RAW_BYTES=0 VALID=0 SENT=0 COMMANDS=0 CHECKSUM_ERR=0 LENGTH_ERR=0 PARSE_ERR=0 AGE_MS=-1 POOR_SIGNAL=200 ATTENTION=0 MEDITATION=0
EVENT=PC_BRIDGE_STATUS UPTIME_MS=10093 RAW_BYTES=0 VALID=0 SENT=0 COMMANDS=0 CHECKSUM_ERR=0 LENGTH_ERR=0 PARSE_ERR=0 AGE_MS=-1 POOR_SIGNAL=200 ATTENTION=0 MEDITATION=0
EVENT=PC_BRIDGE_STATUS UPTIME_MS=11093 RAW_BYTES=0 VALID=0 SENT=0 COMMANDS=0 CHECKSUM_ERR=0 LENGTH_ERR=0 PARSE_ERR=0 AGE_MS=-1 POOR_SIGNAL=200 ATTENTION=0 MEDITATION=0
EVENT=PC_BRIDGE_STATUS UPTIME_MS=12093 RAW_BYTES=0 VALID=0 SENT=0 COMMANDS=0 CHECKSUM_ERR=0 LENGTH_ERR=0 PARSE_ERR=0 AGE_MS=-1 POOR_SIGNAL=200 ATTENTION=0 MEDITATION=0
EVENT=PC_BRIDGE_STATUS UPTIME_MS=13093 RAW_BYTES=0 VALID=0 SENT=0 COMMANDS=0 CHECKSUM_ERR=0 LENGTH_ERR=0 PARSE_ERR=0 AGE_MS=-1 POOR_SIGNAL=200 ATTENTION=0 MEDITATION=0
EVENT=PC_BRIDGE_STATUS UPTIME_MS=14093 RAW_BYTES=0 VALID=0 SENT=0 COMMANDS=0 CHECKSUM_ERR=0 LENGTH_ERR=0 PARSE_ERR=0 AGE_MS=-1 POOR_SIGNAL=200 ATTENTION=0 MEDITATION=0
EVENT=PC_BRIDGE_STATUS UPTIME_MS=15093 RAW_BYTES=0 VALID=0 SENT=0 COMMANDS=0 CHECKSUM_ERR=0 LENGTH_ERR=0 PARSE_ERR=0 AGE_MS=-1 POOR_SIGNAL=200 ATTENTION=0 MEDITATION=0
EVENT=PC_BRIDGE_STATUS UPTIME_MS=16093 RAW_BYTES=0 VALID=0 SENT=0 COMMANDS=0 CHECKSUM_ERR=0 LENGTH_ERR=0 PARSE_ERR=0 AGE_MS=-1 POOR_SIGNAL=200 ATTENTION=0 MEDITATION=0
EVENT=PC_BRIDGE_STATUS UPTIME_MS=17093 RAW_BYTES=0 VALID=0 SENT=0 COMMANDS=0 CHECKSUM_ERR=0 LENGTH_ERR=0 PARSE_ERR=0 AGE_MS=-1 POOR_SIGNAL=200 ATTENTION=0 MEDITATION=0
EVENT=PC_BRIDGE_STATUS UPTIME_MS=18093 RAW_BYTES=0 VALID=0 SENT=0 COMMANDS=0 CHECKSUM_ERR=0 LENGTH_ERR=0 PARSE_ERR=0 AGE_MS=-1 POOR_SIGNAL=200 ATTENTION=0 MEDITATION=0
EVENT=PC_BRIDGE_STATUS UPTIME_MS=19093 RAW_BYTES=0 VALID=0 SENT=0 COMMANDS=0 CHECKSUM_ERR=0 LENGTH_ERR=0 PARSE_ERR=0 AGE_MS=-1 POOR_SIGNAL=200 ATTENTION=0 MEDITATION=0
EVENT=PC_BRIDGE_STATUS UPTIME_MS=20093 RAW_BYTES=0 VALID=0 SENT=0 COMMANDS=0 CHECKSUM_ERR=0 LENGTH_ERR=0 PARSE_ERR=0 AGE_MS=-1 POOR_SIGNAL=200 ATTENTION=0 MEDITATION=0
EVENT=PC_BRIDGE_STATUS UPTIME_MS=21093 RAW_BYTES=0 VALID=0 SENT=0 COMMANDS=0 CHECKSUM_ERR=0 LENGTH_ERR=0 PARSE_ERR=0 AGE_MS=-1 POOR_SIGNAL=200 ATTENTION=0 MEDITATION=0
EVENT=PC_BRIDGE_STATUS UPTIME_MS=22093 RAW_BYTES=0 VALID=0 SENT=0 COMMANDS=0 CHECKSUM_ERR=0 LENGTH_ERR=0 PARSE_ERR=0 AGE_MS=-1 POOR_SIGNAL=200 ATTENTION=0 MEDITATION=0
EVENT=PC_BRIDGE_STATUS UPTIME_MS=23093 RAW_BYTES=0 VALID=0 SENT=0 COMMANDS=0 CHECKSUM_ERR=0 LENGTH_ERR=0 PARSE_ERR=0 AGE_MS=-1 POOR_SIGNAL=200 ATTENTION=0 MEDITATION=0
EVENT=PC_BRIDGE_STATUS UPTIME_MS=24093 RAW_BYTES=0 VALID=0 SENT=0 COMMANDS=0 CHECKSUM_ERR=0 LENGTH_ERR=0 PARSE_ERR=0 AGE_MS=-1 POOR_SIGNAL=200 ATTENTION=0 MEDITATION=0
EVENT=PC_BRIDGE_STATUS UPTIME_MS=25093 RAW_BYTES=0 VALID=0 SENT=0 COMMANDS=0 CHECKSUM_ERR=0 LENGTH_ERR=0 PARSE_ERR=0 AGE_MS=-1 POOR_SIGNAL=200 ATTENTION=0 MEDITATION=0
EVENT=PC_BRIDGE_STATUS UPTIME_MS=26093 RAW_BYTES=0 VALID=0 SENT=0 COMMANDS=0 CHECKSUM_ERR=0 LENGTH_ERR=0 PARSE_ERR=0 AGE_MS=-1 POOR_SIGNAL=200 ATTENTION=0 MEDITATION=0
EVENT=PC_BRIDGE_STATUS UPTIME_MS=27093 RAW_BYTES=0 VALID=0 SENT=0 COMMANDS=0 CHECKSUM_ERR=0 LENGTH_ERR=0 PARSE_ERR=0 AGE_MS=-1 POOR_SIGNAL=200 ATTENTION=0 MEDITATION=0
EVENT=PC_BRIDGE_STATUS UPTIME_MS=28093 RAW_BYTES=0 VALID=0 SENT=0 COMMANDS=0 CHECKSUM_ERR=0 LENGTH_ERR=0 PARSE_ERR=0 AGE_MS=-1 POOR_SIGNAL=200 ATTENTION=0 MEDITATION=0
EVENT=PC_BRIDGE_STATUS UPTIME_MS=29093 RAW_BYTES=0 VALID=0 SENT=0 COMMANDS=0 CHECKSUM_ERR=0 LENGTH_ERR=0 PARSE_ERR=0 AGE_MS=-1 POOR_SIGNAL=200 ATTENTION=0 MEDITATION=0
EVENT=PC_BRIDGE_STATUS UPTIME_MS=30093 RAW_BYTES=0 VALID=0 SENT=0 COMMANDS=0 CHECKSUM_ERR=0 LENGTH_ERR=0 PARSE_ERR=0 AGE_MS=-1 POOR_SIGNAL=200 ATTENTION=0 MEDITATION=0
EVENT=PC_BRIDGE_STATUS UPTIME_MS=31093 RAW_BYTES=0 VALID=0 SENT=0 COMMANDS=0 CHECKSUM_ERR=0 LENGTH_ERR=0 PARSE_ERR=0 AGE_MS=-1 POOR_SIGNAL=200 ATTENTION=0 MEDITATION=0
EVENT=PC_BRIDGE_STATUS UPTIME_MS=32093 RAW_BYTES=0 VALID=0 SENT=0 COMMANDS=0 CHECKSUM_ERR=0 LENGTH_ERR=0 PARSE_ERR=0 AGE_MS=-1 POOR_SIGNAL=200 ATTENTION=0 MEDITATION=0
EVENT=PC_BRIDGE_STATUS UPTIME_MS=33093 RAW_BYTES=0 VALID=0 SENT=0 COMMANDS=0 CHECKSUM_ERR=0 LENGTH_ERR=0 PARSE_ERR=0 AGE_MS=-1 POOR_SIGNAL=200 ATTENTION=0 MEDITATION=0
EVENT=PC_BRIDGE_STATUS UPTIME_MS=34093 RAW_BYTES=0 VALID=0 SENT=0 COMMANDS=0 CHECKSUM_ERR=0 LENGTH_ERR=0 PARSE_ERR=0 AGE_MS=-1 POOR_SIGNAL=200 ATTENTION=0 MEDITATION=0
EVENT=PC_BRIDGE_STATUS UPTIME_MS=35093 RAW_BYTES=0 VALID=0 SENT=0 COMMANDS=0 CHECKSUM_ERR=0 LENGTH_ERR=0 PARSE_ERR=0 AGE_MS=-1 POOR_SIGNAL=200 ATTENTION=0 MEDITATION=0
EVENT=PC_BRIDGE_STATUS UPTIME_MS=36093 RAW_BYTES=0 VALID=0 SENT=0 COMMANDS=0 CHECKSUM_ERR=0 LENGTH_ERR=0 PARSE_ERR=0 AGE_MS=-1 POOR_SIGNAL=200 ATTENTION=0 MEDITATION=0
EVENT=PC_BRIDGE_STATUS UPTIME_MS=37093 RAW_BYTES=0 VALID=0 SENT=0 COMMANDS=0 CHECKSUM_ERR=0 LENGTH_ERR=0 PARSE_ERR=0 AGE_MS=-1 POOR_SIGNAL=200 ATTENTION=0 MEDITATION=0
EVENT=PC_BRIDGE_STATUS UPTIME_MS=38093 RAW_BYTES=0 VALID=0 SENT=0 COMMANDS=0 CHECKSUM_ERR=0 LENGTH_ERR=0 PARSE_ERR=0 AGE_MS=-1 POOR_SIGNAL=200 ATTENTION=0 MEDITATION=0
EVENT=PC_BRIDGE_STATUS UPTIME_MS=39093 RAW_BYTES=0 VALID=0 SENT=0 COMMANDS=0 CHECKSUM_ERR=0 LENGTH_ERR=0 PARSE_ERR=0 AGE_MS=-1 POOR_SIGNAL=200 ATTENTION=0 MEDITATION=0
EVENT=PC_BRIDGE_STATUS UPTIME_MS=40093 RAW_BYTES=0 VALID=0 SENT=0 COMMANDS=0 CHECKSUM_ERR=0 LENGTH_ERR=0 PARSE_ERR=0 AGE_MS=-1 POOR_SIGNAL=200 ATTENTION=0 MEDITATION=0
EVENT=PC_BRIDGE_STATUS UPTIME_MS=41093 RAW_BYTES=0 VALID=0 SENT=0 COMMANDS=0 CHECKSUM_ERR=0 LENGTH_ERR=0 PARSE_ERR=0 AGE_MS=-1 POOR_SIGNAL=200 ATTENTION=0 MEDITATION=0
EVENT=PC_BRIDGE_STATUS UPTIME_MS=42093 RAW_BYTES=0 VALID=0 SENT=0 COMMANDS=0 CHECKSUM_ERR=0 LENGTH_ERR=0 PARSE_ERR=0 AGE_MS=-1 POOR_SIGNAL=200 ATTENTION=0 MEDITATION=0
EVENT=PC_BRIDGE_STATUS UPTIME_MS=43093 RAW_BYTES=0 VALID=0 SENT=0 COMMANDS=0 CHECKSUM_ERR=0 LENGTH_ERR=0 PARSE_ERR=0 AGE_MS=-1 POOR_SIGNAL=200 ATTENTION=0 MEDITATION=0
EVENT=PC_BRIDGE_STATUS UPTIME_MS=44093 RAW_BYTES=0 VALID=0 SENT=0 COMMANDS=0 CHECKSUM_ERR=0 LENGTH_ERR=0 PARSE_ERR=0 AGE_MS=-1 POOR_SIGNAL=200 ATTENTION=0 MEDITATION=0
EVENT=PC_BRIDGE_STATUS UPTIME_MS=45093 RAW_BYTES=0 VALID=0 SENT=0 COMMANDS=0 CHECKSUM_ERR=0 LENGTH_ERR=0 PARSE_ERR=0 AGE_MS=-1 POOR_SIGNAL=200 ATTENTION=0 MEDITATION=0
EVENT=PC_BRIDGE_STATUS UPTIME_MS=46093 RAW_BYTES=0 VALID=0 SENT=0 COMMANDS=0 CHECKSUM_ERR=0 LENGTH_ERR=0 PARSE_ERR=0 AGE_MS=-1 POOR_SIGNAL=200 ATTENTION=0 MEDITATION=0
EVENT=PC_BRIDGE_STATUS UPTIME_MS=47093 RAW_BYTES=0 VALID=0 SENT=0 COMMANDS=0 CHECKSUM_ERR=0 LENGTH_ERR=0 PARSE_ERR=0 AGE_MS=-1 POOR_SIGNAL=200 ATTENTION=0 MEDITATION=0
EVENT=PC_BRIDGE_STATUS UPTIME_MS=48093 RAW_BYTES=0 VALID=0 SENT=0 COMMANDS=0 CHECKSUM_ERR=0 LENGTH_ERR=0 PARSE_ERR=0 AGE_MS=-1 POOR_SIGNAL=200 ATTENTION=0 MEDITATION=0
EVENT=PC_BRIDGE_STATUS UPTIME_MS=49093 RAW_BYTES=0 VALID=0 SENT=0 COMMANDS=0 CHECKSUM_ERR=0 LENGTH_ERR=0 PARSE_ERR=0 AGE_MS=-1 POOR_SIGNAL=200 ATTENTION=0 MEDITATION=0
EVENT=PC_BRIDGE_STATUS UPTIME_MS=50093 RAW_BYTES=0 VALID=0 SENT=0 COMMANDS=0 CHECKSUM_ERR=0 LENGTH_ERR=0 PARSE_ERR=0 AGE_MS=-1 POOR_SIGNAL=200 ATTENTION=0 MEDITATION=0
EVENT=PC_BRIDGE_STATUS UPTIME_MS=51093 RAW_BYTES=0 VALID=0 SENT=0 COMMANDS=0 CHECKSUM_ERR=0 LENGTH_ERR=0 PARSE_ERR=0 AGE_MS=-1 POOR_SIGNAL=200 ATTENTION=0 MEDITATION=0
EVENT=PC_BRIDGE_STATUS UPTIME_MS=52093 RAW_BYTES=0 VALID=0 SENT=0 COMMANDS=0 CHECKSUM_ERR=0 LENGTH_ERR=0 PARSE_ERR=0 AGE_MS=-1 POOR_SIGNAL=200 ATTENTION=0 MEDITATION=0
EVENT=PC_BRIDGE_STATUS UPTIME_MS=53093 RAW_BYTES=0 VALID=0 SENT=0 COMMANDS=0 CHECKSUM_ERR=0 LENGTH_ERR=0 PARSE_ERR=0 AGE_MS=-1 POOR_SIGNAL=200 ATTENTION=0 MEDITATION=0
EVENT=PC_BRIDGE_STATUS UPTIME_MS=54093 RAW_BYTES=0 VALID=0 SENT=0 COMMANDS=0 CHECKSUM_ERR=0 LENGTH_ERR=0 PARSE_ERR=0 AGE_MS=-1 POOR_SIGNAL=200 ATTENTION=0 MEDITATION=0
EVENT=PC_BRIDGE_STATUS UPTIME_MS=55093 RAW_BYTES=0 VALID=0 SENT=0 COMMANDS=0 CHECKSUM_ERR=0 LENGTH_ERR=0 PARSE_ERR=0 AGE_MS=-1 POOR_SIGNAL=200 ATTENTION=0 MEDITATION=0
EVENT=PC_BRIDGE_STATUS UPTIME_MS=56093 RAW_BYTES=0 VALID=0 SENT=0 COMMANDS=0 CHECKSUM_ERR=0 LENGTH_ERR=0 PARSE_ERR=0 AGE_MS=-1 POOR_SIGNAL=200 ATTENTION=0 MEDITATION=0
EVENT=PC_BRIDGE_STATUS UPTIME_MS=57093 RAW_BYTES=0 VALID=0 SENT=0 COMMANDS=0 CHECKSUM_ERR=0 LENGTH_ERR=0 PARSE_ERR=0 AGE_MS=-1 POOR_SIGNAL=200 ATTENTION=0 MEDITATION=0
EVENT=PC_BRIDGE_STATUS UPTIME_MS=58093 RAW_BYTES=0 VALID=0 SENT=0 COMMANDS=0 CHECKSUM_ERR=0 LENGTH_ERR=0 PARSE_ERR=0 AGE_MS=-1 POOR_SIGNAL=200 ATTENTION=0 MEDITATION=0
EVENT=PC_BRIDGE_STATUS UPTIME_MS=59093 RAW_BYTES=0 VALID=0 SENT=0 COMMANDS=0 CHECKSUM_ERR=0 LENGTH_ERR=0 PARSE_ERR=0 AGE_MS=-1 POOR_SIGNAL=200 ATTENTION=0 MEDITATION=0
EVENT=PC_BRIDGE_STATUS UPTIME_MS=60093 RAW_BYTES=0 VALID=0 SENT=0 COMMANDS=0 CHECKSUM_ERR=0 LENGTH_ERR=0 PARSE_ERR=0 AGE_MS=-1 POOR_SIGNAL=200 ATTENTION=0 MEDITATION=0
