EVENT=DREAM_BOOT ROLE=pcBridge VERSION=0.2.0 SOURCE=COM10@9600 TARGET=COM6@115200 SEND_RATE=20.0 WEB=http://127.0.0.1:8765/
EVENT=WEB_READY URL=http://127.0.0.1:8765/
EVENT=TARGET_SERIAL_OPEN PORT=COM6 BAUD=115200
EVENT=SOURCE_SERIAL_OPEN PORT=COM10 BAUD=9600
EVENT=PC_BRIDGE_STATUS UPTIME_MS=1031 RAW_BYTES=0 VALID=0 SENT=0 COMMANDS=0 CHECKSUM_ERR=0 LENGTH_ERR=0 PARSE_ERR=0 AGE_MS=-1 POOR_SIGNAL=200 ATTENTION=0 MEDITATION=0
EVENT=PC_BRIDGE_STATUS UPTIME_MS=2046 RAW_BYTES=0 VALID=0 SENT=0 COMMANDS=0 CHECKSUM_ERR=0 LENGTH_ERR=0 PARSE_ERR=0 AGE_MS=-1 POOR_SIGNAL=200 ATTENTION=0 MEDITATION=0
EVENT=PC_BRIDGE_STATUS UPTIME_MS=3046 RAW_BYTES=0 VALID=0 SENT=0 COMMANDS=0 CHECKSUM_ERR=0 LENGTH_ERR=0 PARSE_ERR=0 AGE_MS=-1 POOR_SIGNAL=200 ATTENTION=0 MEDITATION=0
EVENT=PC_BRIDGE_STATUS UPTIME_MS=4062 RAW_BYTES=0 VALID=0 SENT=0 COMMANDS=0 CHECKSUM_ERR=0 LENGTH_ERR=0 PARSE_ERR=0 AGE_MS=-1 POOR_SIGNAL=200 ATTENTION=0 MEDITATION=0
EVENT=PC_BRIDGE_STATUS UPTIME_MS=5062 RAW_BYTES=0 VALID=0 SENT=0 COMMANDS=0 CHECKSUM_ERR=0 LENGTH_ERR=0 PARSE_ERR=0 AGE_MS=-1 POOR_SIGNAL=200 ATTENTION=0 MEDITATION=0
EVENT=PC_BRIDGE_STATUS UPTIME_MS=6062 RAW_BYTES=0 VALID=0 SENT=0 COMMANDS=0 CHECKSUM_ERR=0 LENGTH_ERR=0 PARSE_ERR=0 AGE_MS=-1 POOR_SIGNAL=200 ATTENTION=0 MEDITATION=0
EVENT=PC_BRIDGE_STATUS UPTIME_MS=7062 RAW_BYTES=0 VALID=0 SENT=0 COMMANDS=0 CHECKSUM_ERR=0 LENGTH_ERR=0 PARSE_ERR=0 AGE_MS=-1 POOR_SIGNAL=200 ATTENTION=0 MEDITATION=0
EVENT=PC_BRIDGE_STATUS UPTIME_MS=8062 RAW_BYTES=0 VALID=0 SENT=0 COMMANDS=0 CHECKSUM_ERR=0 LENGTH_ERR=0 PARSE_ERR=0 AGE_MS=-1 POOR_SIGNAL=200 ATTENTION=0 MEDITATION=0
EVENT=PC_BRIDGE_STATUS UPTIME_MS=9062 RAW_BYTES=0 VALID=0 SENT=0 COMMANDS=0 CHECKSUM_ERR=0 LENGTH_ERR=0 PARSE_ERR=0 AGE_MS=-1 POOR_SIGNAL=200 ATTENTION=0 MEDITATION=0
EVENT=PC_BRIDGE_STATUS UPTIME_MS=10078 RAW_BYTES=0 VALID=0 SENT=0 COMMANDS=0 CHECKSUM_ERR=0 LENGTH_ERR=0 PARSE_ERR=0 AGE_MS=-1 POOR_SIGNAL=200 ATTENTION=0 MEDITATION=0
EVENT=PC_BRIDGE_STATUS UPTIME_MS=11078 RAW_BYTES=0 VALID=0 SENT=0 COMMANDS=0 CHECKSUM_ERR=0 LENGTH_ERR=0 PARSE_ERR=0 AGE_MS=-1 POOR_SIGNAL=200 ATTENTION=0 MEDITATION=0
EVENT=PC_BRIDGE_STATUS UPTIME_MS=12093 RAW_BYTES=0 VALID=0 SENT=0 COMMANDS=0 CHECKSUM_ERR=0 LENGTH_ERR=0 PARSE_ERR=0 AGE_MS=-1 POOR_SIGNAL=200 ATTENTION=0 MEDITATION=0
EVENT=PC_BRIDGE_STATUS UPTIME_MS=13093 RAW_BYTES=0 VALID=0 SENT=0 COMMANDS=0 CHECKSUM_ERR=0 LENGTH_ERR=0 PARSE_ERR=0 AGE_MS=-1 POOR_SIGNAL=200 ATTENTION=0 MEDITATION=0
EVENT=PC_BRIDGE_STATUS UPTIME_MS=14093 RAW_BYTES=0 VALID=0 SENT=0 COMMANDS=0 CHECKSUM_ERR=0 LENGTH_ERR=0 PARSE_ERR=0 AGE_MS=-1 POOR_SIGNAL=200 ATTENTION=0 MEDITATION=0
EVENT=PC_BRIDGE_STATUS UPTIME_MS=15093 RAW_BYTES=0 VALID=0 SENT=0 COMMANDS=0 CHECKSUM_ERR=0 LENGTH_ERR=0 PARSE_ERR=0 AGE_MS=-1 POOR_SIGNAL=200 ATTENTION=0 MEDITATION=0
EVENT=PC_BRIDGE_STATUS UPTIME_MS=16093 RAW_BYTES=0 VALID=0 SENT=0 COMMANDS=0 CHECKSUM_ERR=0 LENGTH_ERR=0 PARSE_ERR=0 AGE_MS=-1 POOR_SIGNAL=200 ATTENTION=0 MEDITATION=0
EVENT=PC_BRIDGE_STATUS UPTIME_MS=17110 RAW_BYTES=0 VALID=0 SENT=0 COMMANDS=0 CHECKSUM_ERR=0 LENGTH_ERR=0 PARSE_ERR=0 AGE_MS=-1 POOR_SIGNAL=200 ATTENTION=0 MEDITATION=0
EVENT=PC_BRIDGE_STATUS UPTIME_MS=18110 RAW_BYTES=0 VALID=0 SENT=0 COMMANDS=0 CHECKSUM_ERR=0 LENGTH_ERR=0 PARSE_ERR=0 AGE_MS=-1 POOR_SIGNAL=200 ATTENTION=0 MEDITATION=0
EVENT=PC_BRIDGE_STATUS UPTIME_MS=19125 RAW_BYTES=0 VALID=0 SENT=0 COMMANDS=0 CHECKSUM_ERR=0 LENGTH_ERR=0 PARSE_ERR=0 AGE_MS=-1 POOR_SIGNAL=200 ATTENTION=0 MEDITATION=0
EVENT=PC_BRIDGE_STATUS UPTIME_MS=20125 RAW_BYTES=0 VALID=0 SENT=0 COMMANDS=0 CHECKSUM_ERR=0 LENGTH_ERR=0 PARSE_ERR=0 AGE_MS=-1 POOR_SIGNAL=200 ATTENTION=0 MEDITATION=0
EVENT=PC_BRIDGE_STATUS UPTIME_MS=21125 RAW_BYTES=0 VALID=0 SENT=0 COMMANDS=0 CHECKSUM_ERR=0 LENGTH_ERR=0 PARSE_ERR=0 AGE_MS=-1 POOR_SIGNAL=200 ATTENTION=0 MEDITATION=0
EVENT=PC_BRIDGE_STATUS UPTIME_MS=22125 RAW_BYTES=0 VALID=0 SENT=0 COMMANDS=0 CHECKSUM_ERR=0 LENGTH_ERR=0 PARSE_ERR=0 AGE_MS=-1 POOR_SIGNAL=200 ATTENTION=0 MEDITATION=0
EVENT=PC_BRIDGE_STATUS UPTIME_MS=23125 RAW_BYTES=0 VALID=0 SENT=0 COMMANDS=0 CHECKSUM_ERR=0 LENGTH_ERR=0 PARSE_ERR=0 AGE_MS=-1 POOR_SIGNAL=200 ATTENTION=0 MEDITATION=0
EVENT=PC_BRIDGE_STATUS UPTIME_MS=24125 RAW_BYTES=0 VALID=0 SENT=0 COMMANDS=0 CHECKSUM_ERR=0 LENGTH_ERR=0 PARSE_ERR=0 AGE_MS=-1 POOR_SIGNAL=200 ATTENTION=0 MEDITATION=0
EVENT=PC_BRIDGE_STATUS UPTIME_MS=25125 RAW_BYTES=0 VALID=0 SENT=0 COMMANDS=0 CHECKSUM_ERR=0 LENGTH_ERR=0 PARSE_ERR=0 AGE_MS=-1 POOR_SIGNAL=200 ATTENTION=0 MEDITATION=0
EVENT=PC_BRIDGE_STATUS UPTIME_MS=26125 RAW_BYTES=0 VALID=0 SENT=0 COMMANDS=0 CHECKSUM_ERR=0 LENGTH_ERR=0 PARSE_ERR=0 AGE_MS=-1 POOR_SIGNAL=200 ATTENTION=0 MEDITATION=0
EVENT=PC_BRIDGE_STATUS UPTIME_MS=27141 RAW_BYTES=0 VALID=0 SENT=0 COMMANDS=0 CHECKSUM_ERR=0 LENGTH_ERR=0 PARSE_ERR=0 AGE_MS=-1 POOR_SIGNAL=200 ATTENTION=0 MEDITATION=0
EVENT=PC_BRIDGE_STATUS UPTIME_MS=28156 RAW_BYTES=0 VALID=0 SENT=0 COMMANDS=0 CHECKSUM_ERR=0 LENGTH_ERR=0 PARSE_ERR=0 AGE_MS=-1 POOR_SIGNAL=200 ATTENTION=0 MEDITATION=0
EVENT=PC_BRIDGE_STATUS UPTIME_MS=29171 RAW_BYTES=0 VALID=0 SENT=0 COMMANDS=0 CHECKSUM_ERR=0 LENGTH_ERR=0 PARSE_ERR=0 AGE_MS=-1 POOR_SIGNAL=200 ATTENTION=0 MEDITATION=0
EVENT=PC_BRIDGE_STATUS UPTIME_MS=30171 RAW_BYTES=0 VALID=0 SENT=0 COMMANDS=0 CHECKSUM_ERR=0 LENGTH_ERR=0 PARSE_ERR=0 AGE_MS=-1 POOR_SIGNAL=200 ATTENTION=0 MEDITATION=0
EVENT=PC_BRIDGE_STATUS UPTIME_MS=31171 RAW_BYTES=0 VALID=0 SENT=0 COMMANDS=0 CHECKSUM_ERR=0 LENGTH_ERR=0 PARSE_ERR=0 AGE_MS=-1 POOR_SIGNAL=200 ATTENTION=0 MEDITATION=0
EVENT=PC_BRIDGE_STATUS UPTIME_MS=32187 RAW_BYTES=0 VALID=0 SENT=0 COMMANDS=0 CHECKSUM_ERR=0 LENGTH_ERR=0 PARSE_ERR=0 AGE_MS=-1 POOR_SIGNAL=200 ATTENTION=0 MEDITATION=0
EVENT=PC_BRIDGE_STATUS UPTIME_MS=33187 RAW_BYTES=0 VALID=0 SENT=0 COMMANDS=0 CHECKSUM_ERR=0 LENGTH_ERR=0 PARSE_ERR=0 AGE_MS=-1 POOR_SIGNAL=200 ATTENTION=0 MEDITATION=0
EVENT=PC_BRIDGE_STATUS UPTIME_MS=34187 RAW_BYTES=0 VALID=0 SENT=0 COMMANDS=0 CHECKSUM_ERR=0 LENGTH_ERR=0 PARSE_ERR=0 AGE_MS=-1 POOR_SIGNAL=200 ATTENTION=0 MEDITATION=0
EVENT=PC_BRIDGE_STATUS UPTIME_MS=35187 RAW_BYTES=0 VALID=0 SENT=0 COMMANDS=0 CHECKSUM_ERR=0 LENGTH_ERR=0 PARSE_ERR=0 AGE_MS=-1 POOR_SIGNAL=200 ATTENTION=0 MEDITATION=0
EVENT=PC_BRIDGE_STATUS UPTIME_MS=36187 RAW_BYTES=0 VALID=0 SENT=0 COMMANDS=0 CHECKSUM_ERR=0 LENGTH_ERR=0 PARSE_ERR=0 AGE_MS=-1 POOR_SIGNAL=200 ATTENTION=0 MEDITATION=0
EVENT=PC_BRIDGE_STATUS UPTIME_MS=37203 RAW_BYTES=0 VALID=0 SENT=0 COMMANDS=0 CHECKSUM_ERR=0 LENGTH_ERR=0 PARSE_ERR=0 AGE_MS=-1 POOR_SIGNAL=200 ATTENTION=0 MEDITATION=0
EVENT=PC_BRIDGE_STATUS UPTIME_MS=38281 RAW_BYTES=0 VALID=0 SENT=0 COMMANDS=0 CHECKSUM_ERR=0 LENGTH_ERR=0 PARSE_ERR=0 AGE_MS=-1 POOR_SIGNAL=200 ATTENTION=0 MEDITATION=0
EVENT=PC_BRIDGE_STATUS UPTIME_MS=39281 RAW_BYTES=0 VALID=0 SENT=0 COMMANDS=0 CHECKSUM_ERR=0 LENGTH_ERR=0 PARSE_ERR=0 AGE_MS=-1 POOR_SIGNAL=200 ATTENTION=0 MEDITATION=0
EVENT=PC_BRIDGE_STATUS UPTIME_MS=40281 RAW_BYTES=0 VALID=0 SENT=0 COMMANDS=0 CHECKSUM_ERR=0 LENGTH_ERR=0 PARSE_ERR=0 AGE_MS=-1 POOR_SIGNAL=200 ATTENTION=0 MEDITATION=0
EVENT=PC_BRIDGE_STATUS UPTIME_MS=41281 RAW_BYTES=0 VALID=0 SENT=0 COMMANDS=0 CHECKSUM_ERR=0 LENGTH_ERR=0 PARSE_ERR=0 AGE_MS=-1 POOR_SIGNAL=200 ATTENTION=0 MEDITATION=0
EVENT=PC_BRIDGE_STATUS UPTIME_MS=42281 RAW_BYTES=0 VALID=0 SENT=0 COMMANDS=0 CHECKSUM_ERR=0 LENGTH_ERR=0 PARSE_ERR=0 AGE_MS=-1 POOR_SIGNAL=200 ATTENTION=0 MEDITATION=0
EVENT=PC_BRIDGE_STATUS UPTIME_MS=43281 RAW_BYTES=0 VALID=0 SENT=0 COMMANDS=0 CHECKSUM_ERR=0 LENGTH_ERR=0 PARSE_ERR=0 AGE_MS=-1 POOR_SIGNAL=200 ATTENTION=0 MEDITATION=0
EVENT=PC_BRIDGE_STATUS UPTIME_MS=44281 RAW_BYTES=0 VALID=0 SENT=0 COMMANDS=0 CHECKSUM_ERR=0 LENGTH_ERR=0 PARSE_ERR=0 AGE_MS=-1 POOR_SIGNAL=200 ATTENTION=0 MEDITATION=0
EVENT=PC_BRIDGE_STATUS UPTIME_MS=45281 RAW_BYTES=0 VALID=0 SENT=0 COMMANDS=0 CHECKSUM_ERR=0 LENGTH_ERR=0 PARSE_ERR=0 AGE_MS=-1 POOR_SIGNAL=200 ATTENTION=0 MEDITATION=0
EVENT=PC_BRIDGE_STATUS UPTIME_MS=46281 RAW_BYTES=0 VALID=0 SENT=0 COMMANDS=0 CHECKSUM_ERR=0 LENGTH_ERR=0 PARSE_ERR=0 AGE_MS=-1 POOR_SIGNAL=200 ATTENTION=0 MEDITATION=0
EVENT=PC_BRIDGE_STATUS UPTIME_MS=47281 RAW_BYTES=0 VALID=0 SENT=0 COMMANDS=0 CHECKSUM_ERR=0 LENGTH_ERR=0 PARSE_ERR=0 AGE_MS=-1 POOR_SIGNAL=200 ATTENTION=0 MEDITATION=0
EVENT=PC_BRIDGE_STATUS UPTIME_MS=48281 RAW_BYTES=0 VALID=0 SENT=0 COMMANDS=0 CHECKSUM_ERR=0 LENGTH_ERR=0 PARSE_ERR=0 AGE_MS=-1 POOR_SIGNAL=200 ATTENTION=0 MEDITATION=0
EVENT=PC_BRIDGE_STATUS UPTIME_MS=49281 RAW_BYTES=0 VALID=0 SENT=0 COMMANDS=0 CHECKSUM_ERR=0 LENGTH_ERR=0 PARSE_ERR=0 AGE_MS=-1 POOR_SIGNAL=200 ATTENTION=0 MEDITATION=0
EVENT=PC_BRIDGE_STATUS UPTIME_MS=50281 RAW_BYTES=0 VALID=0 SENT=0 COMMANDS=0 CHECKSUM_ERR=0 LENGTH_ERR=0 PARSE_ERR=0 AGE_MS=-1 POOR_SIGNAL=200 ATTENTION=0 MEDITATION=0
EVENT=PC_BRIDGE_STATUS UPTIME_MS=51281 RAW_BYTES=0 VALID=0 SENT=0 COMMANDS=0 CHECKSUM_ERR=0 LENGTH_ERR=0 PARSE_ERR=0 AGE_MS=-1 POOR_SIGNAL=200 ATTENTION=0 MEDITATION=0
EVENT=PC_BRIDGE_STATUS UPTIME_MS=52281 RAW_BYTES=0 VALID=0 SENT=0 COMMANDS=0 CHECKSUM_ERR=0 LENGTH_ERR=0 PARSE_ERR=0 AGE_MS=-1 POOR_SIGNAL=200 ATTENTION=0 MEDITATION=0
EVENT=PC_BRIDGE_STATUS UPTIME_MS=53281 RAW_BYTES=0 VALID=0 SENT=0 COMMANDS=0 CHECKSUM_ERR=0 LENGTH_ERR=0 PARSE_ERR=0 AGE_MS=-1 POOR_SIGNAL=200 ATTENTION=0 MEDITATION=0
EVENT=PC_BRIDGE_STATUS UPTIME_MS=54281 RAW_BYTES=0 VALID=0 SENT=0 COMMANDS=0 CHECKSUM_ERR=0 LENGTH_ERR=0 PARSE_ERR=0 AGE_MS=-1 POOR_SIGNAL=200 ATTENTION=0 MEDITATION=0
EVENT=PC_BRIDGE_STATUS UPTIME_MS=55281 RAW_BYTES=0 VALID=0 SENT=0 COMMANDS=0 CHECKSUM_ERR=0 LENGTH_ERR=0 PARSE_ERR=0 AGE_MS=-1 POOR_SIGNAL=200 ATTENTION=0 MEDITATION=0
EVENT=PC_BRIDGE_STATUS UPTIME_MS=56281 RAW_BYTES=0 VALID=0 SENT=0 COMMANDS=0 CHECKSUM_ERR=0 LENGTH_ERR=0 PARSE_ERR=0 AGE_MS=-1 POOR_SIGNAL=200 ATTENTION=0 MEDITATION=0
EVENT=PC_BRIDGE_STATUS UPTIME_MS=57281 RAW_BYTES=0 VALID=0 SENT=0 COMMANDS=0 CHECKSUM_ERR=0 LENGTH_ERR=0 PARSE_ERR=0 AGE_MS=-1 POOR_SIGNAL=200 ATTENTION=0 MEDITATION=0
EVENT=PC_BRIDGE_STATUS UPTIME_MS=58281 RAW_BYTES=0 VALID=0 SENT=0 COMMANDS=0 CHECKSUM_ERR=0 LENGTH_ERR=0 PARSE_ERR=0 AGE_MS=-1 POOR_SIGNAL=200 ATTENTION=0 MEDITATION=0
EVENT=PC_BRIDGE_STATUS UPTIME_MS=59281 RAW_BYTES=0 VALID=0 SENT=0 COMMANDS=0 CHECKSUM_ERR=0 LENGTH_ERR=0 PARSE_ERR=0 AGE_MS=-1 POOR_SIGNAL=200 ATTENTION=0 MEDITATION=0
EVENT=PC_BRIDGE_STATUS UPTIME_MS=60281 RAW_BYTES=0 VALID=0 SENT=0 COMMANDS=0 CHECKSUM_ERR=0 LENGTH_ERR=0 PARSE_ERR=0 AGE_MS=-1 POOR_SIGNAL=200 ATTENTION=0 MEDITATION=0
EVENT=PC_BRIDGE_STATUS UPTIME_MS=61281 RAW_BYTES=0 VALID=0 SENT=0 COMMANDS=0 CHECKSUM_ERR=0 LENGTH_ERR=0 PARSE_ERR=0 AGE_MS=-1 POOR_SIGNAL=200 ATTENTION=0 MEDITATION=0
EVENT=PC_BRIDGE_STATUS UPTIME_MS=62281 RAW_BYTES=0 VALID=0 SENT=0 COMMANDS=0 CHECKSUM_ERR=0 LENGTH_ERR=0 PARSE_ERR=0 AGE_MS=-1 POOR_SIGNAL=200 ATTENTION=0 MEDITATION=0
EVENT=PC_BRIDGE_STATUS UPTIME_MS=63281 RAW_BYTES=0 VALID=0 SENT=0 COMMANDS=0 CHECKSUM_ERR=0 LENGTH_ERR=0 PARSE_ERR=0 AGE_MS=-1 POOR_SIGNAL=200 ATTENTION=0 MEDITATION=0
EVENT=PC_BRIDGE_STATUS UPTIME_MS=64281 RAW_BYTES=0 VALID=0 SENT=0 COMMANDS=0 CHECKSUM_ERR=0 LENGTH_ERR=0 PARSE_ERR=0 AGE_MS=-1 POOR_SIGNAL=200 ATTENTION=0 MEDITATION=0
EVENT=PC_BRIDGE_STATUS UPTIME_MS=65281 RAW_BYTES=0 VALID=0 SENT=0 COMMANDS=0 CHECKSUM_ERR=0 LENGTH_ERR=0 PARSE_ERR=0 AGE_MS=-1 POOR_SIGNAL=200 ATTENTION=0 MEDITATION=0
EVENT=PC_BRIDGE_STATUS UPTIME_MS=66281 RAW_BYTES=0 VALID=0 SENT=0 COMMANDS=0 CHECKSUM_ERR=0 LENGTH_ERR=0 PARSE_ERR=0 AGE_MS=-1 POOR_SIGNAL=200 ATTENTION=0 MEDITATION=0
EVENT=PC_BRIDGE_STATUS UPTIME_MS=67281 RAW_BYTES=0 VALID=0 SENT=0 COMMANDS=0 CHECKSUM_ERR=0 LENGTH_ERR=0 PARSE_ERR=0 AGE_MS=-1 POOR_SIGNAL=200 ATTENTION=0 MEDITATION=0
EVENT=PC_BRIDGE_STATUS UPTIME_MS=68281 RAW_BYTES=0 VALID=0 SENT=0 COMMANDS=0 CHECKSUM_ERR=0 LENGTH_ERR=0 PARSE_ERR=0 AGE_MS=-1 POOR_SIGNAL=200 ATTENTION=0 MEDITATION=0
EVENT=PC_BRIDGE_STATUS UPTIME_MS=69281 RAW_BYTES=0 VALID=0 SENT=0 COMMANDS=0 CHECKSUM_ERR=0 LENGTH_ERR=0 PARSE_ERR=0 AGE_MS=-1 POOR_SIGNAL=200 ATTENTION=0 MEDITATION=0
EVENT=PC_BRIDGE_STATUS UPTIME_MS=70281 RAW_BYTES=0 VALID=0 SENT=0 COMMANDS=0 CHECKSUM_ERR=0 LENGTH_ERR=0 PARSE_ERR=0 AGE_MS=-1 POOR_SIGNAL=200 ATTENTION=0 MEDITATION=0
EVENT=PC_BRIDGE_STATUS UPTIME_MS=71281 RAW_BYTES=0 VALID=0 SENT=0 COMMANDS=0 CHECKSUM_ERR=0 LENGTH_ERR=0 PARSE_ERR=0 AGE_MS=-1 POOR_SIGNAL=200 ATTENTION=0 MEDITATION=0
EVENT=PC_BRIDGE_STATUS UPTIME_MS=72281 RAW_BYTES=0 VALID=0 SENT=0 COMMANDS=0 CHECKSUM_ERR=0 LENGTH_ERR=0 PARSE_ERR=0 AGE_MS=-1 POOR_SIGNAL=200 ATTENTION=0 MEDITATION=0
EVENT=PC_BRIDGE_STATUS UPTIME_MS=73281 RAW_BYTES=0 VALID=0 SENT=0 COMMANDS=0 CHECKSUM_ERR=0 LENGTH_ERR=0 PARSE_ERR=0 AGE_MS=-1 POOR_SIGNAL=200 ATTENTION=0 MEDITATION=0
EVENT=PC_BRIDGE_STATUS UPTIME_MS=74281 RAW_BYTES=0 VALID=0 SENT=0 COMMANDS=0 CHECKSUM_ERR=0 LENGTH_ERR=0 PARSE_ERR=0 AGE_MS=-1 POOR_SIGNAL=200 ATTENTION=0 MEDITATION=0
EVENT=PC_BRIDGE_STATUS UPTIME_MS=75281 RAW_BYTES=0 VALID=0 SENT=0 COMMANDS=0 CHECKSUM_ERR=0 LENGTH_ERR=0 PARSE_ERR=0 AGE_MS=-1 POOR_SIGNAL=200 ATTENTION=0 MEDITATION=0
EVENT=PC_BRIDGE_STATUS UPTIME_MS=76281 RAW_BYTES=0 VALID=0 SENT=0 COMMANDS=0 CHECKSUM_ERR=0 LENGTH_ERR=0 PARSE_ERR=0 AGE_MS=-1 POOR_SIGNAL=200 ATTENTION=0 MEDITATION=0
EVENT=PC_BRIDGE_STATUS UPTIME_MS=77281 RAW_BYTES=0 VALID=0 SENT=0 COMMANDS=0 CHECKSUM_ERR=0 LENGTH_ERR=0 PARSE_ERR=0 AGE_MS=-1 POOR_SIGNAL=200 ATTENTION=0 MEDITATION=0
EVENT=PC_BRIDGE_STATUS UPTIME_MS=78281 RAW_BYTES=0 VALID=0 SENT=0 COMMANDS=0 CHECKSUM_ERR=0 LENGTH_ERR=0 PARSE_ERR=0 AGE_MS=-1 POOR_SIGNAL=200 ATTENTION=0 MEDITATION=0
EVENT=PC_BRIDGE_STATUS UPTIME_MS=79281 RAW_BYTES=0 VALID=0 SENT=0 COMMANDS=0 CHECKSUM_ERR=0 LENGTH_ERR=0 PARSE_ERR=0 AGE_MS=-1 POOR_SIGNAL=200 ATTENTION=0 MEDITATION=0
EVENT=PC_BRIDGE_STATUS UPTIME_MS=80281 RAW_BYTES=0 VALID=0 SENT=0 COMMANDS=0 CHECKSUM_ERR=0 LENGTH_ERR=0 PARSE_ERR=0 AGE_MS=-1 POOR_SIGNAL=200 ATTENTION=0 MEDITATION=0
EVENT=PC_BRIDGE_STATUS UPTIME_MS=81281 RAW_BYTES=0 VALID=0 SENT=0 COMMANDS=0 CHECKSUM_ERR=0 LENGTH_ERR=0 PARSE_ERR=0 AGE_MS=-1 POOR_SIGNAL=200 ATTENTION=0 MEDITATION=0
EVENT=PC_BRIDGE_STATUS UPTIME_MS=82281 RAW_BYTES=0 VALID=0 SENT=0 COMMANDS=0 CHECKSUM_ERR=0 LENGTH_ERR=0 PARSE_ERR=0 AGE_MS=-1 POOR_SIGNAL=200 ATTENTION=0 MEDITATION=0
EVENT=PC_BRIDGE_STATUS UPTIME_MS=83281 RAW_BYTES=0 VALID=0 SENT=0 COMMANDS=0 CHECKSUM_ERR=0 LENGTH_ERR=0 PARSE_ERR=0 AGE_MS=-1 POOR_SIGNAL=200 ATTENTION=0 MEDITATION=0
EVENT=PC_BRIDGE_STATUS UPTIME_MS=84281 RAW_BYTES=0 VALID=0 SENT=0 COMMANDS=0 CHECKSUM_ERR=0 LENGTH_ERR=0 PARSE_ERR=0 AGE_MS=-1 POOR_SIGNAL=200 ATTENTION=0 MEDITATION=0
EVENT=PC_BRIDGE_STATUS UPTIME_MS=85281 RAW_BYTES=0 VALID=0 SENT=0 COMMANDS=0 CHECKSUM_ERR=0 LENGTH_ERR=0 PARSE_ERR=0 AGE_MS=-1 POOR_SIGNAL=200 ATTENTION=0 MEDITATION=0
EVENT=PC_BRIDGE_STATUS UPTIME_MS=86281 RAW_BYTES=0 VALID=0 SENT=0 COMMANDS=0 CHECKSUM_ERR=0 LENGTH_ERR=0 PARSE_ERR=0 AGE_MS=-1 POOR_SIGNAL=200 ATTENTION=0 MEDITATION=0
EVENT=PC_BRIDGE_STATUS UPTIME_MS=87281 RAW_BYTES=0 VALID=0 SENT=0 COMMANDS=0 CHECKSUM_ERR=0 LENGTH_ERR=0 PARSE_ERR=0 AGE_MS=-1 POOR_SIGNAL=200 ATTENTION=0 MEDITATION=0
EVENT=PC_BRIDGE_STATUS UPTIME_MS=88281 RAW_BYTES=0 VALID=0 SENT=0 COMMANDS=0 CHECKSUM_ERR=0 LENGTH_ERR=0 PARSE_ERR=0 AGE_MS=-1 POOR_SIGNAL=200 ATTENTION=0 MEDITATION=0
EVENT=PC_BRIDGE_STATUS UPTIME_MS=89281 RAW_BYTES=0 VALID=0 SENT=0 COMMANDS=0 CHECKSUM_ERR=0 LENGTH_ERR=0 PARSE_ERR=0 AGE_MS=-1 POOR_SIGNAL=200 ATTENTION=0 MEDITATION=0
EVENT=PC_BRIDGE_STATUS UPTIME_MS=90281 RAW_BYTES=0 VALID=0 SENT=0 COMMANDS=0 CHECKSUM_ERR=0 LENGTH_ERR=0 PARSE_ERR=0 AGE_MS=-1 POOR_SIGNAL=200 ATTENTION=0 MEDITATION=0
EVENT=PC_BRIDGE_STATUS UPTIME_MS=91281 RAW_BYTES=0 VALID=0 SENT=0 COMMANDS=0 CHECKSUM_ERR=0 LENGTH_ERR=0 PARSE_ERR=0 AGE_MS=-1 POOR_SIGNAL=200 ATTENTION=0 MEDITATION=0
EVENT=PC_BRIDGE_STATUS UPTIME_MS=92281 RAW_BYTES=0 VALID=0 SENT=0 COMMANDS=0 CHECKSUM_ERR=0 LENGTH_ERR=0 PARSE_ERR=0 AGE_MS=-1 POOR_SIGNAL=200 ATTENTION=0 MEDITATION=0
EVENT=PC_BRIDGE_STATUS UPTIME_MS=93281 RAW_BYTES=0 VALID=0 SENT=0 COMMANDS=0 CHECKSUM_ERR=0 LENGTH_ERR=0 PARSE_ERR=0 AGE_MS=-1 POOR_SIGNAL=200 ATTENTION=0 MEDITATION=0
EVENT=PC_BRIDGE_STATUS UPTIME_MS=94281 RAW_BYTES=0 VALID=0 SENT=0 COMMANDS=0 CHECKSUM_ERR=0 LENGTH_ERR=0 PARSE_ERR=0 AGE_MS=-1 POOR_SIGNAL=200 ATTENTION=0 MEDITATION=0
EVENT=PC_BRIDGE_STATUS UPTIME_MS=95281 RAW_BYTES=0 VALID=0 SENT=0 COMMANDS=0 CHECKSUM_ERR=0 LENGTH_ERR=0 PARSE_ERR=0 AGE_MS=-1 POOR_SIGNAL=200 ATTENTION=0 MEDITATION=0
EVENT=PC_BRIDGE_STATUS UPTIME_MS=96281 RAW_BYTES=0 VALID=0 SENT=0 COMMANDS=0 CHECKSUM_ERR=0 LENGTH_ERR=0 PARSE_ERR=0 AGE_MS=-1 POOR_SIGNAL=200 ATTENTION=0 MEDITATION=0
EVENT=PC_BRIDGE_STATUS UPTIME_MS=97281 RAW_BYTES=0 VALID=0 SENT=0 COMMANDS=0 CHECKSUM_ERR=0 LENGTH_ERR=0 PARSE_ERR=0 AGE_MS=-1 POOR_SIGNAL=200 ATTENTION=0 MEDITATION=0
EVENT=PC_BRIDGE_STATUS UPTIME_MS=98281 RAW_BYTES=0 VALID=0 SENT=0 COMMANDS=0 CHECKSUM_ERR=0 LENGTH_ERR=0 PARSE_ERR=0 AGE_MS=-1 POOR_SIGNAL=200 ATTENTION=0 MEDITATION=0
EVENT=PC_BRIDGE_STATUS UPTIME_MS=99281 RAW_BYTES=0 VALID=0 SENT=0 COMMANDS=0 CHECKSUM_ERR=0 LENGTH_ERR=0 PARSE_ERR=0 AGE_MS=-1 POOR_SIGNAL=200 ATTENTION=0 MEDITATION=0
EVENT=PC_BRIDGE_STATUS UPTIME_MS=100281 RAW_BYTES=0 VALID=0 SENT=0 COMMANDS=0 CHECKSUM_ERR=0 LENGTH_ERR=0 PARSE_ERR=0 AGE_MS=-1 POOR_SIGNAL=200 ATTENTION=0 MEDITATION=0
EVENT=PC_BRIDGE_STATUS UPTIME_MS=101281 RAW_BYTES=0 VALID=0 SENT=0 COMMANDS=0 CHECKSUM_ERR=0 LENGTH_ERR=0 PARSE_ERR=0 AGE_MS=-1 POOR_SIGNAL=200 ATTENTION=0 MEDITATION=0
EVENT=PC_BRIDGE_STATUS UPTIME_MS=102281 RAW_BYTES=0 VALID=0 SENT=0 COMMANDS=0 CHECKSUM_ERR=0 LENGTH_ERR=0 PARSE_ERR=0 AGE_MS=-1 POOR_SIGNAL=200 ATTENTION=0 MEDITATION=0
EVENT=PC_BRIDGE_STATUS UPTIME_MS=103281 RAW_BYTES=0 VALID=0 SENT=0 COMMANDS=0 CHECKSUM_ERR=0 LENGTH_ERR=0 PARSE_ERR=0 AGE_MS=-1 POOR_SIGNAL=200 ATTENTION=0 MEDITATION=0
EVENT=PC_BRIDGE_STATUS UPTIME_MS=104281 RAW_BYTES=0 VALID=0 SENT=0 COMMANDS=0 CHECKSUM_ERR=0 LENGTH_ERR=0 PARSE_ERR=0 AGE_MS=-1 POOR_SIGNAL=200 ATTENTION=0 MEDITATION=0
EVENT=PC_BRIDGE_STATUS UPTIME_MS=105281 RAW_BYTES=0 VALID=0 SENT=0 COMMANDS=0 CHECKSUM_ERR=0 LENGTH_ERR=0 PARSE_ERR=0 AGE_MS=-1 POOR_SIGNAL=200 ATTENTION=0 MEDITATION=0
EVENT=PC_BRIDGE_STATUS UPTIME_MS=106281 RAW_BYTES=0 VALID=0 SENT=0 COMMANDS=0 CHECKSUM_ERR=0 LENGTH_ERR=0 PARSE_ERR=0 AGE_MS=-1 POOR_SIGNAL=200 ATTENTION=0 MEDITATION=0
EVENT=PC_BRIDGE_STATUS UPTIME_MS=107281 RAW_BYTES=0 VALID=0 SENT=0 COMMANDS=0 CHECKSUM_ERR=0 LENGTH_ERR=0 PARSE_ERR=0 AGE_MS=-1 POOR_SIGNAL=200 ATTENTION=0 MEDITATION=0
EVENT=PC_BRIDGE_STATUS UPTIME_MS=108281 RAW_BYTES=0 VALID=0 SENT=0 COMMANDS=0 CHECKSUM_ERR=0 LENGTH_ERR=0 PARSE_ERR=0 AGE_MS=-1 POOR_SIGNAL=200 ATTENTION=0 MEDITATION=0
EVENT=PC_BRIDGE_STATUS UPTIME_MS=109281 RAW_BYTES=0 VALID=0 SENT=0 COMMANDS=0 CHECKSUM_ERR=0 LENGTH_ERR=0 PARSE_ERR=0 AGE_MS=-1 POOR_SIGNAL=200 ATTENTION=0 MEDITATION=0
EVENT=PC_BRIDGE_STATUS UPTIME_MS=110281 RAW_BYTES=0 VALID=0 SENT=0 COMMANDS=0 CHECKSUM_ERR=0 LENGTH_ERR=0 PARSE_ERR=0 AGE_MS=-1 POOR_SIGNAL=200 ATTENTION=0 MEDITATION=0
EVENT=PC_BRIDGE_STATUS UPTIME_MS=111281 RAW_BYTES=0 VALID=0 SENT=0 COMMANDS=0 CHECKSUM_ERR=0 LENGTH_ERR=0 PARSE_ERR=0 AGE_MS=-1 POOR_SIGNAL=200 ATTENTION=0 MEDITATION=0
EVENT=PC_BRIDGE_STATUS UPTIME_MS=112281 RAW_BYTES=0 VALID=0 SENT=0 COMMANDS=0 CHECKSUM_ERR=0 LENGTH_ERR=0 PARSE_ERR=0 AGE_MS=-1 POOR_SIGNAL=200 ATTENTION=0 MEDITATION=0
EVENT=PC_BRIDGE_STATUS UPTIME_MS=113281 RAW_BYTES=0 VALID=0 SENT=0 COMMANDS=0 CHECKSUM_ERR=0 LENGTH_ERR=0 PARSE_ERR=0 AGE_MS=-1 POOR_SIGNAL=200 ATTENTION=0 MEDITATION=0
EVENT=PC_BRIDGE_STATUS UPTIME_MS=114281 RAW_BYTES=0 VALID=0 SENT=0 COMMANDS=0 CHECKSUM_ERR=0 LENGTH_ERR=0 PARSE_ERR=0 AGE_MS=-1 POOR_SIGNAL=200 ATTENTION=0 MEDITATION=0
EVENT=PC_BRIDGE_STATUS UPTIME_MS=115281 RAW_BYTES=0 VALID=0 SENT=0 COMMANDS=0 CHECKSUM_ERR=0 LENGTH_ERR=0 PARSE_ERR=0 AGE_MS=-1 POOR_SIGNAL=200 ATTENTION=0 MEDITATION=0
EVENT=PC_BRIDGE_STATUS UPTIME_MS=116281 RAW_BYTES=0 VALID=0 SENT=0 COMMANDS=0 CHECKSUM_ERR=0 LENGTH_ERR=0 PARSE_ERR=0 AGE_MS=-1 POOR_SIGNAL=200 ATTENTION=0 MEDITATION=0
EVENT=PC_BRIDGE_STATUS UPTIME_MS=117281 RAW_BYTES=0 VALID=0 SENT=0 COMMANDS=0 CHECKSUM_ERR=0 LENGTH_ERR=0 PARSE_ERR=0 AGE_MS=-1 POOR_SIGNAL=200 ATTENTION=0 MEDITATION=0
EVENT=PC_BRIDGE_STATUS UPTIME_MS=118281 RAW_BYTES=0 VALID=0 SENT=0 COMMANDS=0 CHECKSUM_ERR=0 LENGTH_ERR=0 PARSE_ERR=0 AGE_MS=-1 POOR_SIGNAL=200 ATTENTION=0 MEDITATION=0
EVENT=PC_BRIDGE_STATUS UPTIME_MS=119281 RAW_BYTES=0 VALID=0 SENT=0 COMMANDS=0 CHECKSUM_ERR=0 LENGTH_ERR=0 PARSE_ERR=0 AGE_MS=-1 POOR_SIGNAL=200 ATTENTION=0 MEDITATION=0
EVENT=PC_BRIDGE_STATUS UPTIME_MS=120281 RAW_BYTES=0 VALID=0 SENT=0 COMMANDS=0 CHECKSUM_ERR=0 LENGTH_ERR=0 PARSE_ERR=0 AGE_MS=-1 POOR_SIGNAL=200 ATTENTION=0 MEDITATION=0
EVENT=PC_BRIDGE_STATUS UPTIME_MS=121281 RAW_BYTES=0 VALID=0 SENT=0 COMMANDS=0 CHECKSUM_ERR=0 LENGTH_ERR=0 PARSE_ERR=0 AGE_MS=-1 POOR_SIGNAL=200 ATTENTION=0 MEDITATION=0
EVENT=PC_BRIDGE_STATUS UPTIME_MS=122281 RAW_BYTES=0 VALID=0 SENT=0 COMMANDS=0 CHECKSUM_ERR=0 LENGTH_ERR=0 PARSE_ERR=0 AGE_MS=-1 POOR_SIGNAL=200 ATTENTION=0 MEDITATION=0
EVENT=PC_BRIDGE_STATUS UPTIME_MS=123281 RAW_BYTES=0 VALID=0 SENT=0 COMMANDS=0 CHECKSUM_ERR=0 LENGTH_ERR=0 PARSE_ERR=0 AGE_MS=-1 POOR_SIGNAL=200 ATTENTION=0 MEDITATION=0
EVENT=PC_BRIDGE_STATUS UPTIME_MS=124281 RAW_BYTES=0 VALID=0 SENT=0 COMMANDS=0 CHECKSUM_ERR=0 LENGTH_ERR=0 PARSE_ERR=0 AGE_MS=-1 POOR_SIGNAL=200 ATTENTION=0 MEDITATION=0
EVENT=PC_BRIDGE_STATUS UPTIME_MS=125281 RAW_BYTES=0 VALID=0 SENT=0 COMMANDS=0 CHECKSUM_ERR=0 LENGTH_ERR=0 PARSE_ERR=0 AGE_MS=-1 POOR_SIGNAL=200 ATTENTION=0 MEDITATION=0
EVENT=PC_BRIDGE_STATUS UPTIME_MS=126281 RAW_BYTES=0 VALID=0 SENT=0 COMMANDS=0 CHECKSUM_ERR=0 LENGTH_ERR=0 PARSE_ERR=0 AGE_MS=-1 POOR_SIGNAL=200 ATTENTION=0 MEDITATION=0
EVENT=PC_BRIDGE_STATUS UPTIME_MS=127281 RAW_BYTES=0 VALID=0 SENT=0 COMMANDS=0 CHECKSUM_ERR=0 LENGTH_ERR=0 PARSE_ERR=0 AGE_MS=-1 POOR_SIGNAL=200 ATTENTION=0 MEDITATION=0
EVENT=PC_BRIDGE_STATUS UPTIME_MS=128281 RAW_BYTES=0 VALID=0 SENT=0 COMMANDS=0 CHECKSUM_ERR=0 LENGTH_ERR=0 PARSE_ERR=0 AGE_MS=-1 POOR_SIGNAL=200 ATTENTION=0 MEDITATION=0
EVENT=PC_BRIDGE_STATUS UPTIME_MS=129281 RAW_BYTES=0 VALID=0 SENT=0 COMMANDS=0 CHECKSUM_ERR=0 LENGTH_ERR=0 PARSE_ERR=0 AGE_MS=-1 POOR_SIGNAL=200 ATTENTION=0 MEDITATION=0
EVENT=PC_BRIDGE_STATUS UPTIME_MS=130281 RAW_BYTES=0 VALID=0 SENT=0 COMMANDS=0 CHECKSUM_ERR=0 LENGTH_ERR=0 PARSE_ERR=0 AGE_MS=-1 POOR_SIGNAL=200 ATTENTION=0 MEDITATION=0
EVENT=PC_BRIDGE_STATUS UPTIME_MS=131281 RAW_BYTES=0 VALID=0 SENT=0 COMMANDS=0 CHECKSUM_ERR=0 LENGTH_ERR=0 PARSE_ERR=0 AGE_MS=-1 POOR_SIGNAL=200 ATTENTION=0 MEDITATION=0
EVENT=PC_BRIDGE_STATUS UPTIME_MS=132281 RAW_BYTES=0 VALID=0 SENT=0 COMMANDS=0 CHECKSUM_ERR=0 LENGTH_ERR=0 PARSE_ERR=0 AGE_MS=-1 POOR_SIGNAL=200 ATTENTION=0 MEDITATION=0
EVENT=PC_BRIDGE_STATUS UPTIME_MS=133281 RAW_BYTES=0 VALID=0 SENT=0 COMMANDS=0 CHECKSUM_ERR=0 LENGTH_ERR=0 PARSE_ERR=0 AGE_MS=-1 POOR_SIGNAL=200 ATTENTION=0 MEDITATION=0
EVENT=PC_BRIDGE_STATUS UPTIME_MS=134281 RAW_BYTES=0 VALID=0 SENT=0 COMMANDS=0 CHECKSUM_ERR=0 LENGTH_ERR=0 PARSE_ERR=0 AGE_MS=-1 POOR_SIGNAL=200 ATTENTION=0 MEDITATION=0
EVENT=PC_BRIDGE_STATUS UPTIME_MS=135281 RAW_BYTES=0 VALID=0 SENT=0 COMMANDS=0 CHECKSUM_ERR=0 LENGTH_ERR=0 PARSE_ERR=0 AGE_MS=-1 POOR_SIGNAL=200 ATTENTION=0 MEDITATION=0
EVENT=PC_BRIDGE_STATUS UPTIME_MS=136281 RAW_BYTES=0 VALID=0 SENT=0 COMMANDS=0 CHECKSUM_ERR=0 LENGTH_ERR=0 PARSE_ERR=0 AGE_MS=-1 POOR_SIGNAL=200 ATTENTION=0 MEDITATION=0
EVENT=PC_BRIDGE_STATUS UPTIME_MS=137281 RAW_BYTES=0 VALID=0 SENT=0 COMMANDS=0 CHECKSUM_ERR=0 LENGTH_ERR=0 PARSE_ERR=0 AGE_MS=-1 POOR_SIGNAL=200 ATTENTION=0 MEDITATION=0
EVENT=PC_BRIDGE_STATUS UPTIME_MS=138281 RAW_BYTES=0 VALID=0 SENT=0 COMMANDS=0 CHECKSUM_ERR=0 LENGTH_ERR=0 PARSE_ERR=0 AGE_MS=-1 POOR_SIGNAL=200 ATTENTION=0 MEDITATION=0
EVENT=PC_BRIDGE_STATUS UPTIME_MS=139281 RAW_BYTES=0 VALID=0 SENT=0 COMMANDS=0 CHECKSUM_ERR=0 LENGTH_ERR=0 PARSE_ERR=0 AGE_MS=-1 POOR_SIGNAL=200 ATTENTION=0 MEDITATION=0
EVENT=PC_BRIDGE_STATUS UPTIME_MS=140281 RAW_BYTES=0 VALID=0 SENT=0 COMMANDS=0 CHECKSUM_ERR=0 LENGTH_ERR=0 PARSE_ERR=0 AGE_MS=-1 POOR_SIGNAL=200 ATTENTION=0 MEDITATION=0
EVENT=PC_BRIDGE_STATUS UPTIME_MS=141281 RAW_BYTES=0 VALID=0 SENT=0 COMMANDS=0 CHECKSUM_ERR=0 LENGTH_ERR=0 PARSE_ERR=0 AGE_MS=-1 POOR_SIGNAL=200 ATTENTION=0 MEDITATION=0
EVENT=PC_BRIDGE_STATUS UPTIME_MS=142281 RAW_BYTES=0 VALID=0 SENT=0 COMMANDS=0 CHECKSUM_ERR=0 LENGTH_ERR=0 PARSE_ERR=0 AGE_MS=-1 POOR_SIGNAL=200 ATTENTION=0 MEDITATION=0
EVENT=PC_BRIDGE_STATUS UPTIME_MS=143281 RAW_BYTES=0 VALID=0 SENT=0 COMMANDS=0 CHECKSUM_ERR=0 LENGTH_ERR=0 PARSE_ERR=0 AGE_MS=-1 POOR_SIGNAL=200 ATTENTION=0 MEDITATION=0
EVENT=PC_BRIDGE_STATUS UPTIME_MS=144281 RAW_BYTES=0 VALID=0 SENT=0 COMMANDS=0 CHECKSUM_ERR=0 LENGTH_ERR=0 PARSE_ERR=0 AGE_MS=-1 POOR_SIGNAL=200 ATTENTION=0 MEDITATION=0
EVENT=PC_BRIDGE_STATUS UPTIME_MS=145281 RAW_BYTES=0 VALID=0 SENT=0 COMMANDS=0 CHECKSUM_ERR=0 LENGTH_ERR=0 PARSE_ERR=0 AGE_MS=-1 POOR_SIGNAL=200 ATTENTION=0 MEDITATION=0
EVENT=PC_BRIDGE_STATUS UPTIME_MS=146281 RAW_BYTES=0 VALID=0 SENT=0 COMMANDS=0 CHECKSUM_ERR=0 LENGTH_ERR=0 PARSE_ERR=0 AGE_MS=-1 POOR_SIGNAL=200 ATTENTION=0 MEDITATION=0
EVENT=PC_BRIDGE_STATUS UPTIME_MS=147281 RAW_BYTES=0 VALID=0 SENT=0 COMMANDS=0 CHECKSUM_ERR=0 LENGTH_ERR=0 PARSE_ERR=0 AGE_MS=-1 POOR_SIGNAL=200 ATTENTION=0 MEDITATION=0
EVENT=PC_BRIDGE_STATUS UPTIME_MS=148281 RAW_BYTES=0 VALID=0 SENT=0 COMMANDS=0 CHECKSUM_ERR=0 LENGTH_ERR=0 PARSE_ERR=0 AGE_MS=-1 POOR_SIGNAL=200 ATTENTION=0 MEDITATION=0
EVENT=PC_BRIDGE_STATUS UPTIME_MS=149281 RAW_BYTES=0 VALID=0 SENT=0 COMMANDS=0 CHECKSUM_ERR=0 LENGTH_ERR=0 PARSE_ERR=0 AGE_MS=-1 POOR_SIGNAL=200 ATTENTION=0 MEDITATION=0
EVENT=PC_BRIDGE_STATUS UPTIME_MS=150281 RAW_BYTES=0 VALID=0 SENT=0 COMMANDS=0 CHECKSUM_ERR=0 LENGTH_ERR=0 PARSE_ERR=0 AGE_MS=-1 POOR_SIGNAL=200 ATTENTION=0 MEDITATION=0
EVENT=PC_BRIDGE_STATUS UPTIME_MS=151281 RAW_BYTES=0 VALID=0 SENT=0 COMMANDS=0 CHECKSUM_ERR=0 LENGTH_ERR=0 PARSE_ERR=0 AGE_MS=-1 POOR_SIGNAL=200 ATTENTION=0 MEDITATION=0
EVENT=PC_BRIDGE_STATUS UPTIME_MS=152281 RAW_BYTES=0 VALID=0 SENT=0 COMMANDS=0 CHECKSUM_ERR=0 LENGTH_ERR=0 PARSE_ERR=0 AGE_MS=-1 POOR_SIGNAL=200 ATTENTION=0 MEDITATION=0
EVENT=PC_BRIDGE_STATUS UPTIME_MS=153281 RAW_BYTES=0 VALID=0 SENT=0 COMMANDS=0 CHECKSUM_ERR=0 LENGTH_ERR=0 PARSE_ERR=0 AGE_MS=-1 POOR_SIGNAL=200 ATTENTION=0 MEDITATION=0
EVENT=PC_BRIDGE_STATUS UPTIME_MS=154281 RAW_BYTES=0 VALID=0 SENT=0 COMMANDS=0 CHECKSUM_ERR=0 LENGTH_ERR=0 PARSE_ERR=0 AGE_MS=-1 POOR_SIGNAL=200 ATTENTION=0 MEDITATION=0
EVENT=PC_BRIDGE_STATUS UPTIME_MS=155281 RAW_BYTES=0 VALID=0 SENT=0 COMMANDS=0 CHECKSUM_ERR=0 LENGTH_ERR=0 PARSE_ERR=0 AGE_MS=-1 POOR_SIGNAL=200 ATTENTION=0 MEDITATION=0
EVENT=PC_BRIDGE_STATUS UPTIME_MS=156281 RAW_BYTES=0 VALID=0 SENT=0 COMMANDS=0 CHECKSUM_ERR=0 LENGTH_ERR=0 PARSE_ERR=0 AGE_MS=-1 POOR_SIGNAL=200 ATTENTION=0 MEDITATION=0
EVENT=PC_BRIDGE_STATUS UPTIME_MS=157281 RAW_BYTES=0 VALID=0 SENT=0 COMMANDS=0 CHECKSUM_ERR=0 LENGTH_ERR=0 PARSE_ERR=0 AGE_MS=-1 POOR_SIGNAL=200 ATTENTION=0 MEDITATION=0
EVENT=PC_BRIDGE_STATUS UPTIME_MS=158281 RAW_BYTES=0 VALID=0 SENT=0 COMMANDS=0 CHECKSUM_ERR=0 LENGTH_ERR=0 PARSE_ERR=0 AGE_MS=-1 POOR_SIGNAL=200 ATTENTION=0 MEDITATION=0
EVENT=PC_BRIDGE_STATUS UPTIME_MS=159281 RAW_BYTES=0 VALID=0 SENT=0 COMMANDS=0 CHECKSUM_ERR=0 LENGTH_ERR=0 PARSE_ERR=0 AGE_MS=-1 POOR_SIGNAL=200 ATTENTION=0 MEDITATION=0
EVENT=PC_BRIDGE_STATUS UPTIME_MS=160281 RAW_BYTES=0 VALID=0 SENT=0 COMMANDS=0 CHECKSUM_ERR=0 LENGTH_ERR=0 PARSE_ERR=0 AGE_MS=-1 POOR_SIGNAL=200 ATTENTION=0 MEDITATION=0
EVENT=PC_BRIDGE_STATUS UPTIME_MS=161281 RAW_BYTES=0 VALID=0 SENT=0 COMMANDS=0 CHECKSUM_ERR=0 LENGTH_ERR=0 PARSE_ERR=0 AGE_MS=-1 POOR_SIGNAL=200 ATTENTION=0 MEDITATION=0
EVENT=PC_BRIDGE_STATUS UPTIME_MS=162281 RAW_BYTES=0 VALID=0 SENT=0 COMMANDS=0 CHECKSUM_ERR=0 LENGTH_ERR=0 PARSE_ERR=0 AGE_MS=-1 POOR_SIGNAL=200 ATTENTION=0 MEDITATION=0
EVENT=PC_BRIDGE_STATUS UPTIME_MS=163281 RAW_BYTES=0 VALID=0 SENT=0 COMMANDS=0 CHECKSUM_ERR=0 LENGTH_ERR=0 PARSE_ERR=0 AGE_MS=-1 POOR_SIGNAL=200 ATTENTION=0 MEDITATION=0
EVENT=PC_BRIDGE_STATUS UPTIME_MS=164281 RAW_BYTES=0 VALID=0 SENT=0 COMMANDS=0 CHECKSUM_ERR=0 LENGTH_ERR=0 PARSE_ERR=0 AGE_MS=-1 POOR_SIGNAL=200 ATTENTION=0 MEDITATION=0
EVENT=PC_BRIDGE_STATUS UPTIME_MS=165281 RAW_BYTES=0 VALID=0 SENT=0 COMMANDS=0 CHECKSUM_ERR=0 LENGTH_ERR=0 PARSE_ERR=0 AGE_MS=-1 POOR_SIGNAL=200 ATTENTION=0 MEDITATION=0
EVENT=PC_BRIDGE_STATUS UPTIME_MS=166281 RAW_BYTES=0 VALID=0 SENT=0 COMMANDS=0 CHECKSUM_ERR=0 LENGTH_ERR=0 PARSE_ERR=0 AGE_MS=-1 POOR_SIGNAL=200 ATTENTION=0 MEDITATION=0
EVENT=PC_BRIDGE_STATUS UPTIME_MS=167281 RAW_BYTES=0 VALID=0 SENT=0 COMMANDS=0 CHECKSUM_ERR=0 LENGTH_ERR=0 PARSE_ERR=0 AGE_MS=-1 POOR_SIGNAL=200 ATTENTION=0 MEDITATION=0
EVENT=PC_BRIDGE_STATUS UPTIME_MS=168281 RAW_BYTES=0 VALID=0 SENT=0 COMMANDS=0 CHECKSUM_ERR=0 LENGTH_ERR=0 PARSE_ERR=0 AGE_MS=-1 POOR_SIGNAL=200 ATTENTION=0 MEDITATION=0
EVENT=PC_BRIDGE_STATUS UPTIME_MS=169281 RAW_BYTES=0 VALID=0 SENT=0 COMMANDS=0 CHECKSUM_ERR=0 LENGTH_ERR=0 PARSE_ERR=0 AGE_MS=-1 POOR_SIGNAL=200 ATTENTION=0 MEDITATION=0
EVENT=PC_BRIDGE_STATUS UPTIME_MS=170281 RAW_BYTES=0 VALID=0 SENT=0 COMMANDS=0 CHECKSUM_ERR=0 LENGTH_ERR=0 PARSE_ERR=0 AGE_MS=-1 POOR_SIGNAL=200 ATTENTION=0 MEDITATION=0
EVENT=PC_BRIDGE_STATUS UPTIME_MS=171281 RAW_BYTES=0 VALID=0 SENT=0 COMMANDS=0 CHECKSUM_ERR=0 LENGTH_ERR=0 PARSE_ERR=0 AGE_MS=-1 POOR_SIGNAL=200 ATTENTION=0 MEDITATION=0
EVENT=PC_BRIDGE_STATUS UPTIME_MS=172281 RAW_BYTES=0 VALID=0 SENT=0 COMMANDS=0 CHECKSUM_ERR=0 LENGTH_ERR=0 PARSE_ERR=0 AGE_MS=-1 POOR_SIGNAL=200 ATTENTION=0 MEDITATION=0
EVENT=PC_BRIDGE_STATUS UPTIME_MS=173281 RAW_BYTES=0 VALID=0 SENT=0 COMMANDS=0 CHECKSUM_ERR=0 LENGTH_ERR=0 PARSE_ERR=0 AGE_MS=-1 POOR_SIGNAL=200 ATTENTION=0 MEDITATION=0
EVENT=PC_BRIDGE_STATUS UPTIME_MS=174281 RAW_BYTES=0 VALID=0 SENT=0 COMMANDS=0 CHECKSUM_ERR=0 LENGTH_ERR=0 PARSE_ERR=0 AGE_MS=-1 POOR_SIGNAL=200 ATTENTION=0 MEDITATION=0
EVENT=PC_BRIDGE_STATUS UPTIME_MS=175281 RAW_BYTES=0 VALID=0 SENT=0 COMMANDS=0 CHECKSUM_ERR=0 LENGTH_ERR=0 PARSE_ERR=0 AGE_MS=-1 POOR_SIGNAL=200 ATTENTION=0 MEDITATION=0
EVENT=PC_BRIDGE_STATUS UPTIME_MS=176281 RAW_BYTES=0 VALID=0 SENT=0 COMMANDS=0 CHECKSUM_ERR=0 LENGTH_ERR=0 PARSE_ERR=0 AGE_MS=-1 POOR_SIGNAL=200 ATTENTION=0 MEDITATION=0
EVENT=PC_BRIDGE_STATUS UPTIME_MS=177281 RAW_BYTES=0 VALID=0 SENT=0 COMMANDS=0 CHECKSUM_ERR=0 LENGTH_ERR=0 PARSE_ERR=0 AGE_MS=-1 POOR_SIGNAL=200 ATTENTION=0 MEDITATION=0
EVENT=PC_BRIDGE_STATUS UPTIME_MS=178281 RAW_BYTES=0 VALID=0 SENT=0 COMMANDS=0 CHECKSUM_ERR=0 LENGTH_ERR=0 PARSE_ERR=0 AGE_MS=-1 POOR_SIGNAL=200 ATTENTION=0 MEDITATION=0
EVENT=PC_BRIDGE_STATUS UPTIME_MS=179281 RAW_BYTES=0 VALID=0 SENT=0 COMMANDS=0 CHECKSUM_ERR=0 LENGTH_ERR=0 PARSE_ERR=0 AGE_MS=-1 POOR_SIGNAL=200 ATTENTION=0 MEDITATION=0
EVENT=PC_BRIDGE_STATUS UPTIME_MS=180281 RAW_BYTES=0 VALID=0 SENT=0 COMMANDS=0 CHECKSUM_ERR=0 LENGTH_ERR=0 PARSE_ERR=0 AGE_MS=-1 POOR_SIGNAL=200 ATTENTION=0 MEDITATION=0
EVENT=PC_BRIDGE_STATUS UPTIME_MS=181281 RAW_BYTES=0 VALID=0 SENT=0 COMMANDS=0 CHECKSUM_ERR=0 LENGTH_ERR=0 PARSE_ERR=0 AGE_MS=-1 POOR_SIGNAL=200 ATTENTION=0 MEDITATION=0
EVENT=PC_BRIDGE_STATUS UPTIME_MS=182281 RAW_BYTES=0 VALID=0 SENT=0 COMMANDS=0 CHECKSUM_ERR=0 LENGTH_ERR=0 PARSE_ERR=0 AGE_MS=-1 POOR_SIGNAL=200 ATTENTION=0 MEDITATION=0
EVENT=PC_BRIDGE_STATUS UPTIME_MS=183281 RAW_BYTES=0 VALID=0 SENT=0 COMMANDS=0 CHECKSUM_ERR=0 LENGTH_ERR=0 PARSE_ERR=0 AGE_MS=-1 POOR_SIGNAL=200 ATTENTION=0 MEDITATION=0
EVENT=PC_BRIDGE_STATUS UPTIME_MS=184281 RAW_BYTES=0 VALID=0 SENT=0 COMMANDS=0 CHECKSUM_ERR=0 LENGTH_ERR=0 PARSE_ERR=0 AGE_MS=-1 POOR_SIGNAL=200 ATTENTION=0 MEDITATION=0
EVENT=PC_BRIDGE_STATUS UPTIME_MS=185281 RAW_BYTES=0 VALID=0 SENT=0 COMMANDS=0 CHECKSUM_ERR=0 LENGTH_ERR=0 PARSE_ERR=0 AGE_MS=-1 POOR_SIGNAL=200 ATTENTION=0 MEDITATION=0
EVENT=PC_BRIDGE_STATUS UPTIME_MS=186281 RAW_BYTES=0 VALID=0 SENT=0 COMMANDS=0 CHECKSUM_ERR=0 LENGTH_ERR=0 PARSE_ERR=0 AGE_MS=-1 POOR_SIGNAL=200 ATTENTION=0 MEDITATION=0
EVENT=PC_BRIDGE_STATUS UPTIME_MS=187281 RAW_BYTES=0 VALID=0 SENT=0 COMMANDS=0 CHECKSUM_ERR=0 LENGTH_ERR=0 PARSE_ERR=0 AGE_MS=-1 POOR_SIGNAL=200 ATTENTION=0 MEDITATION=0
EVENT=PC_BRIDGE_STATUS UPTIME_MS=188281 RAW_BYTES=0 VALID=0 SENT=0 COMMANDS=0 CHECKSUM_ERR=0 LENGTH_ERR=0 PARSE_ERR=0 AGE_MS=-1 POOR_SIGNAL=200 ATTENTION=0 MEDITATION=0
EVENT=PC_BRIDGE_STATUS UPTIME_MS=189281 RAW_BYTES=0 VALID=0 SENT=0 COMMANDS=0 CHECKSUM_ERR=0 LENGTH_ERR=0 PARSE_ERR=0 AGE_MS=-1 POOR_SIGNAL=200 ATTENTION=0 MEDITATION=0
EVENT=PC_BRIDGE_STATUS UPTIME_MS=190281 RAW_BYTES=0 VALID=0 SENT=0 COMMANDS=0 CHECKSUM_ERR=0 LENGTH_ERR=0 PARSE_ERR=0 AGE_MS=-1 POOR_SIGNAL=200 ATTENTION=0 MEDITATION=0
EVENT=PC_BRIDGE_STATUS UPTIME_MS=191281 RAW_BYTES=0 VALID=0 SENT=0 COMMANDS=0 CHECKSUM_ERR=0 LENGTH_ERR=0 PARSE_ERR=0 AGE_MS=-1 POOR_SIGNAL=200 ATTENTION=0 MEDITATION=0
EVENT=PC_BRIDGE_STATUS UPTIME_MS=192281 RAW_BYTES=0 VALID=0 SENT=0 COMMANDS=0 CHECKSUM_ERR=0 LENGTH_ERR=0 PARSE_ERR=0 AGE_MS=-1 POOR_SIGNAL=200 ATTENTION=0 MEDITATION=0
EVENT=PC_BRIDGE_STATUS UPTIME_MS=193281 RAW_BYTES=0 VALID=0 SENT=0 COMMANDS=0 CHECKSUM_ERR=0 LENGTH_ERR=0 PARSE_ERR=0 AGE_MS=-1 POOR_SIGNAL=200 ATTENTION=0 MEDITATION=0
EVENT=PC_BRIDGE_STATUS UPTIME_MS=194281 RAW_BYTES=0 VALID=0 SENT=0 COMMANDS=0 CHECKSUM_ERR=0 LENGTH_ERR=0 PARSE_ERR=0 AGE_MS=-1 POOR_SIGNAL=200 ATTENTION=0 MEDITATION=0
EVENT=PC_BRIDGE_STATUS UPTIME_MS=195281 RAW_BYTES=0 VALID=0 SENT=0 COMMANDS=0 CHECKSUM_ERR=0 LENGTH_ERR=0 PARSE_ERR=0 AGE_MS=-1 POOR_SIGNAL=200 ATTENTION=0 MEDITATION=0
EVENT=PC_BRIDGE_STATUS UPTIME_MS=196281 RAW_BYTES=0 VALID=0 SENT=0 COMMANDS=0 CHECKSUM_ERR=0 LENGTH_ERR=0 PARSE_ERR=0 AGE_MS=-1 POOR_SIGNAL=200 ATTENTION=0 MEDITATION=0
EVENT=PC_BRIDGE_STATUS UPTIME_MS=197281 RAW_BYTES=0 VALID=0 SENT=0 COMMANDS=0 CHECKSUM_ERR=0 LENGTH_ERR=0 PARSE_ERR=0 AGE_MS=-1 POOR_SIGNAL=200 ATTENTION=0 MEDITATION=0
EVENT=PC_BRIDGE_STATUS UPTIME_MS=198281 RAW_BYTES=0 VALID=0 SENT=0 COMMANDS=0 CHECKSUM_ERR=0 LENGTH_ERR=0 PARSE_ERR=0 AGE_MS=-1 POOR_SIGNAL=200 ATTENTION=0 MEDITATION=0
EVENT=PC_BRIDGE_STATUS UPTIME_MS=199281 RAW_BYTES=0 VALID=0 SENT=0 COMMANDS=0 CHECKSUM_ERR=0 LENGTH_ERR=0 PARSE_ERR=0 AGE_MS=-1 POOR_SIGNAL=200 ATTENTION=0 MEDITATION=0
EVENT=PC_BRIDGE_STATUS UPTIME_MS=200281 RAW_BYTES=0 VALID=0 SENT=0 COMMANDS=0 CHECKSUM_ERR=0 LENGTH_ERR=0 PARSE_ERR=0 AGE_MS=-1 POOR_SIGNAL=200 ATTENTION=0 MEDITATION=0
EVENT=PC_BRIDGE_STATUS UPTIME_MS=201281 RAW_BYTES=0 VALID=0 SENT=0 COMMANDS=0 CHECKSUM_ERR=0 LENGTH_ERR=0 PARSE_ERR=0 AGE_MS=-1 POOR_SIGNAL=200 ATTENTION=0 MEDITATION=0
EVENT=PC_BRIDGE_STATUS UPTIME_MS=202281 RAW_BYTES=0 VALID=0 SENT=0 COMMANDS=0 CHECKSUM_ERR=0 LENGTH_ERR=0 PARSE_ERR=0 AGE_MS=-1 POOR_SIGNAL=200 ATTENTION=0 MEDITATION=0
EVENT=PC_BRIDGE_STATUS UPTIME_MS=203281 RAW_BYTES=0 VALID=0 SENT=0 COMMANDS=0 CHECKSUM_ERR=0 LENGTH_ERR=0 PARSE_ERR=0 AGE_MS=-1 POOR_SIGNAL=200 ATTENTION=0 MEDITATION=0
EVENT=PC_BRIDGE_STATUS UPTIME_MS=204281 RAW_BYTES=0 VALID=0 SENT=0 COMMANDS=0 CHECKSUM_ERR=0 LENGTH_ERR=0 PARSE_ERR=0 AGE_MS=-1 POOR_SIGNAL=200 ATTENTION=0 MEDITATION=0
EVENT=PC_BRIDGE_STATUS UPTIME_MS=205281 RAW_BYTES=0 VALID=0 SENT=0 COMMANDS=0 CHECKSUM_ERR=0 LENGTH_ERR=0 PARSE_ERR=0 AGE_MS=-1 POOR_SIGNAL=200 ATTENTION=0 MEDITATION=0
EVENT=PC_BRIDGE_STATUS UPTIME_MS=206281 RAW_BYTES=0 VALID=0 SENT=0 COMMANDS=0 CHECKSUM_ERR=0 LENGTH_ERR=0 PARSE_ERR=0 AGE_MS=-1 POOR_SIGNAL=200 ATTENTION=0 MEDITATION=0
EVENT=PC_BRIDGE_STATUS UPTIME_MS=207281 RAW_BYTES=0 VALID=0 SENT=0 COMMANDS=0 CHECKSUM_ERR=0 LENGTH_ERR=0 PARSE_ERR=0 AGE_MS=-1 POOR_SIGNAL=200 ATTENTION=0 MEDITATION=0
EVENT=PC_BRIDGE_STATUS UPTIME_MS=208281 RAW_BYTES=0 VALID=0 SENT=0 COMMANDS=0 CHECKSUM_ERR=0 LENGTH_ERR=0 PARSE_ERR=0 AGE_MS=-1 POOR_SIGNAL=200 ATTENTION=0 MEDITATION=0
EVENT=PC_BRIDGE_STATUS UPTIME_MS=209281 RAW_BYTES=0 VALID=0 SENT=0 COMMANDS=0 CHECKSUM_ERR=0 LENGTH_ERR=0 PARSE_ERR=0 AGE_MS=-1 POOR_SIGNAL=200 ATTENTION=0 MEDITATION=0
EVENT=PC_BRIDGE_STATUS UPTIME_MS=210281 RAW_BYTES=0 VALID=0 SENT=0 COMMANDS=0 CHECKSUM_ERR=0 LENGTH_ERR=0 PARSE_ERR=0 AGE_MS=-1 POOR_SIGNAL=200 ATTENTION=0 MEDITATION=0
EVENT=PC_BRIDGE_STATUS UPTIME_MS=211281 RAW_BYTES=0 VALID=0 SENT=0 COMMANDS=0 CHECKSUM_ERR=0 LENGTH_ERR=0 PARSE_ERR=0 AGE_MS=-1 POOR_SIGNAL=200 ATTENTION=0 MEDITATION=0
EVENT=PC_BRIDGE_STATUS UPTIME_MS=212281 RAW_BYTES=0 VALID=0 SENT=0 COMMANDS=0 CHECKSUM_ERR=0 LENGTH_ERR=0 PARSE_ERR=0 AGE_MS=-1 POOR_SIGNAL=200 ATTENTION=0 MEDITATION=0
EVENT=PC_BRIDGE_STATUS UPTIME_MS=213281 RAW_BYTES=0 VALID=0 SENT=0 COMMANDS=0 CHECKSUM_ERR=0 LENGTH_ERR=0 PARSE_ERR=0 AGE_MS=-1 POOR_SIGNAL=200 ATTENTION=0 MEDITATION=0
EVENT=PC_BRIDGE_STATUS UPTIME_MS=214281 RAW_BYTES=0 VALID=0 SENT=0 COMMANDS=0 CHECKSUM_ERR=0 LENGTH_ERR=0 PARSE_ERR=0 AGE_MS=-1 POOR_SIGNAL=200 ATTENTION=0 MEDITATION=0
EVENT=PC_BRIDGE_STATUS UPTIME_MS=215281 RAW_BYTES=0 VALID=0 SENT=0 COMMANDS=0 CHECKSUM_ERR=0 LENGTH_ERR=0 PARSE_ERR=0 AGE_MS=-1 POOR_SIGNAL=200 ATTENTION=0 MEDITATION=0
EVENT=PC_BRIDGE_STATUS UPTIME_MS=216281 RAW_BYTES=0 VALID=0 SENT=0 COMMANDS=0 CHECKSUM_ERR=0 LENGTH_ERR=0 PARSE_ERR=0 AGE_MS=-1 POOR_SIGNAL=200 ATTENTION=0 MEDITATION=0
EVENT=PC_BRIDGE_STATUS UPTIME_MS=217281 RAW_BYTES=0 VALID=0 SENT=0 COMMANDS=0 CHECKSUM_ERR=0 LENGTH_ERR=0 PARSE_ERR=0 AGE_MS=-1 POOR_SIGNAL=200 ATTENTION=0 MEDITATION=0
EVENT=PC_BRIDGE_STATUS UPTIME_MS=218281 RAW_BYTES=0 VALID=0 SENT=0 COMMANDS=0 CHECKSUM_ERR=0 LENGTH_ERR=0 PARSE_ERR=0 AGE_MS=-1 POOR_SIGNAL=200 ATTENTION=0 MEDITATION=0
EVENT=PC_BRIDGE_STATUS UPTIME_MS=219281 RAW_BYTES=0 VALID=0 SENT=0 COMMANDS=0 CHECKSUM_ERR=0 LENGTH_ERR=0 PARSE_ERR=0 AGE_MS=-1 POOR_SIGNAL=200 ATTENTION=0 MEDITATION=0
EVENT=PC_BRIDGE_STATUS UPTIME_MS=220281 RAW_BYTES=0 VALID=0 SENT=0 COMMANDS=0 CHECKSUM_ERR=0 LENGTH_ERR=0 PARSE_ERR=0 AGE_MS=-1 POOR_SIGNAL=200 ATTENTION=0 MEDITATION=0
EVENT=PC_BRIDGE_STATUS UPTIME_MS=221281 RAW_BYTES=0 VALID=0 SENT=0 COMMANDS=0 CHECKSUM_ERR=0 LENGTH_ERR=0 PARSE_ERR=0 AGE_MS=-1 POOR_SIGNAL=200 ATTENTION=0 MEDITATION=0
EVENT=PC_BRIDGE_STATUS UPTIME_MS=222281 RAW_BYTES=0 VALID=0 SENT=0 COMMANDS=0 CHECKSUM_ERR=0 LENGTH_ERR=0 PARSE_ERR=0 AGE_MS=-1 POOR_SIGNAL=200 ATTENTION=0 MEDITATION=0
EVENT=PC_BRIDGE_STATUS UPTIME_MS=223281 RAW_BYTES=0 VALID=0 SENT=0 COMMANDS=0 CHECKSUM_ERR=0 LENGTH_ERR=0 PARSE_ERR=0 AGE_MS=-1 POOR_SIGNAL=200 ATTENTION=0 MEDITATION=0
EVENT=PC_BRIDGE_STATUS UPTIME_MS=224281 RAW_BYTES=0 VALID=0 SENT=0 COMMANDS=0 CHECKSUM_ERR=0 LENGTH_ERR=0 PARSE_ERR=0 AGE_MS=-1 POOR_SIGNAL=200 ATTENTION=0 MEDITATION=0
EVENT=PC_BRIDGE_STATUS UPTIME_MS=225281 RAW_BYTES=0 VALID=0 SENT=0 COMMANDS=0 CHECKSUM_ERR=0 LENGTH_ERR=0 PARSE_ERR=0 AGE_MS=-1 POOR_SIGNAL=200 ATTENTION=0 MEDITATION=0
EVENT=PC_BRIDGE_STATUS UPTIME_MS=226281 RAW_BYTES=0 VALID=0 SENT=0 COMMANDS=0 CHECKSUM_ERR=0 LENGTH_ERR=0 PARSE_ERR=0 AGE_MS=-1 POOR_SIGNAL=200 ATTENTION=0 MEDITATION=0
EVENT=PC_BRIDGE_STATUS UPTIME_MS=227281 RAW_BYTES=0 VALID=0 SENT=0 COMMANDS=0 CHECKSUM_ERR=0 LENGTH_ERR=0 PARSE_ERR=0 AGE_MS=-1 POOR_SIGNAL=200 ATTENTION=0 MEDITATION=0
EVENT=PC_BRIDGE_STATUS UPTIME_MS=228281 RAW_BYTES=0 VALID=0 SENT=0 COMMANDS=0 CHECKSUM_ERR=0 LENGTH_ERR=0 PARSE_ERR=0 AGE_MS=-1 POOR_SIGNAL=200 ATTENTION=0 MEDITATION=0
EVENT=PC_BRIDGE_STATUS UPTIME_MS=229281 RAW_BYTES=0 VALID=0 SENT=0 COMMANDS=0 CHECKSUM_ERR=0 LENGTH_ERR=0 PARSE_ERR=0 AGE_MS=-1 POOR_SIGNAL=200 ATTENTION=0 MEDITATION=0
EVENT=PC_BRIDGE_STATUS UPTIME_MS=230281 RAW_BYTES=0 VALID=0 SENT=0 COMMANDS=0 CHECKSUM_ERR=0 LENGTH_ERR=0 PARSE_ERR=0 AGE_MS=-1 POOR_SIGNAL=200 ATTENTION=0 MEDITATION=0
EVENT=PC_BRIDGE_STATUS UPTIME_MS=231281 RAW_BYTES=0 VALID=0 SENT=0 COMMANDS=0 CHECKSUM_ERR=0 LENGTH_ERR=0 PARSE_ERR=0 AGE_MS=-1 POOR_SIGNAL=200 ATTENTION=0 MEDITATION=0
EVENT=PC_BRIDGE_STATUS UPTIME_MS=232281 RAW_BYTES=0 VALID=0 SENT=0 COMMANDS=0 CHECKSUM_ERR=0 LENGTH_ERR=0 PARSE_ERR=0 AGE_MS=-1 POOR_SIGNAL=200 ATTENTION=0 MEDITATION=0
EVENT=PC_BRIDGE_STATUS UPTIME_MS=233281 RAW_BYTES=0 VALID=0 SENT=0 COMMANDS=0 CHECKSUM_ERR=0 LENGTH_ERR=0 PARSE_ERR=0 AGE_MS=-1 POOR_SIGNAL=200 ATTENTION=0 MEDITATION=0
EVENT=PC_BRIDGE_STATUS UPTIME_MS=234281 RAW_BYTES=0 VALID=0 SENT=0 COMMANDS=0 CHECKSUM_ERR=0 LENGTH_ERR=0 PARSE_ERR=0 AGE_MS=-1 POOR_SIGNAL=200 ATTENTION=0 MEDITATION=0
EVENT=PC_BRIDGE_STATUS UPTIME_MS=235281 RAW_BYTES=0 VALID=0 SENT=0 COMMANDS=0 CHECKSUM_ERR=0 LENGTH_ERR=0 PARSE_ERR=0 AGE_MS=-1 POOR_SIGNAL=200 ATTENTION=0 MEDITATION=0
EVENT=PC_BRIDGE_STATUS UPTIME_MS=236281 RAW_BYTES=0 VALID=0 SENT=0 COMMANDS=0 CHECKSUM_ERR=0 LENGTH_ERR=0 PARSE_ERR=0 AGE_MS=-1 POOR_SIGNAL=200 ATTENTION=0 MEDITATION=0
EVENT=PC_BRIDGE_STATUS UPTIME_MS=237281 RAW_BYTES=0 VALID=0 SENT=0 COMMANDS=0 CHECKSUM_ERR=0 LENGTH_ERR=0 PARSE_ERR=0 AGE_MS=-1 POOR_SIGNAL=200 ATTENTION=0 MEDITATION=0
EVENT=PC_BRIDGE_STATUS UPTIME_MS=238281 RAW_BYTES=0 VALID=0 SENT=0 COMMANDS=0 CHECKSUM_ERR=0 LENGTH_ERR=0 PARSE_ERR=0 AGE_MS=-1 POOR_SIGNAL=200 ATTENTION=0 MEDITATION=0
EVENT=PC_BRIDGE_STATUS UPTIME_MS=239281 RAW_BYTES=0 VALID=0 SENT=0 COMMANDS=0 CHECKSUM_ERR=0 LENGTH_ERR=0 PARSE_ERR=0 AGE_MS=-1 POOR_SIGNAL=200 ATTENTION=0 MEDITATION=0
EVENT=PC_BRIDGE_STATUS UPTIME_MS=240281 RAW_BYTES=0 VALID=0 SENT=0 COMMANDS=0 CHECKSUM_ERR=0 LENGTH_ERR=0 PARSE_ERR=0 AGE_MS=-1 POOR_SIGNAL=200 ATTENTION=0 MEDITATION=0
EVENT=PC_BRIDGE_STATUS UPTIME_MS=241281 RAW_BYTES=0 VALID=0 SENT=0 COMMANDS=0 CHECKSUM_ERR=0 LENGTH_ERR=0 PARSE_ERR=0 AGE_MS=-1 POOR_SIGNAL=200 ATTENTION=0 MEDITATION=0
EVENT=PC_BRIDGE_STATUS UPTIME_MS=242281 RAW_BYTES=0 VALID=0 SENT=0 COMMANDS=0 CHECKSUM_ERR=0 LENGTH_ERR=0 PARSE_ERR=0 AGE_MS=-1 POOR_SIGNAL=200 ATTENTION=0 MEDITATION=0
EVENT=PC_BRIDGE_STATUS UPTIME_MS=243281 RAW_BYTES=0 VALID=0 SENT=0 COMMANDS=0 CHECKSUM_ERR=0 LENGTH_ERR=0 PARSE_ERR=0 AGE_MS=-1 POOR_SIGNAL=200 ATTENTION=0 MEDITATION=0
EVENT=PC_BRIDGE_STATUS UPTIME_MS=244281 RAW_BYTES=0 VALID=0 SENT=0 COMMANDS=0 CHECKSUM_ERR=0 LENGTH_ERR=0 PARSE_ERR=0 AGE_MS=-1 POOR_SIGNAL=200 ATTENTION=0 MEDITATION=0
EVENT=PC_BRIDGE_STATUS UPTIME_MS=245281 RAW_BYTES=0 VALID=0 SENT=0 COMMANDS=0 CHECKSUM_ERR=0 LENGTH_ERR=0 PARSE_ERR=0 AGE_MS=-1 POOR_SIGNAL=200 ATTENTION=0 MEDITATION=0
EVENT=PC_BRIDGE_STATUS UPTIME_MS=246281 RAW_BYTES=0 VALID=0 SENT=0 COMMANDS=0 CHECKSUM_ERR=0 LENGTH_ERR=0 PARSE_ERR=0 AGE_MS=-1 POOR_SIGNAL=200 ATTENTION=0 MEDITATION=0
EVENT=PC_BRIDGE_STATUS UPTIME_MS=247281 RAW_BYTES=0 VALID=0 SENT=0 COMMANDS=0 CHECKSUM_ERR=0 LENGTH_ERR=0 PARSE_ERR=0 AGE_MS=-1 POOR_SIGNAL=200 ATTENTION=0 MEDITATION=0
EVENT=PC_BRIDGE_STATUS UPTIME_MS=248281 RAW_BYTES=0 VALID=0 SENT=0 COMMANDS=0 CHECKSUM_ERR=0 LENGTH_ERR=0 PARSE_ERR=0 AGE_MS=-1 POOR_SIGNAL=200 ATTENTION=0 MEDITATION=0
EVENT=PC_BRIDGE_STATUS UPTIME_MS=249281 RAW_BYTES=0 VALID=0 SENT=0 COMMANDS=0 CHECKSUM_ERR=0 LENGTH_ERR=0 PARSE_ERR=0 AGE_MS=-1 POOR_SIGNAL=200 ATTENTION=0 MEDITATION=0
EVENT=PC_BRIDGE_STATUS UPTIME_MS=250281 RAW_BYTES=0 VALID=0 SENT=0 COMMANDS=0 CHECKSUM_ERR=0 LENGTH_ERR=0 PARSE_ERR=0 AGE_MS=-1 POOR_SIGNAL=200 ATTENTION=0 MEDITATION=0
EVENT=PC_BRIDGE_STATUS UPTIME_MS=251281 RAW_BYTES=0 VALID=0 SENT=0 COMMANDS=0 CHECKSUM_ERR=0 LENGTH_ERR=0 PARSE_ERR=0 AGE_MS=-1 POOR_SIGNAL=200 ATTENTION=0 MEDITATION=0
EVENT=PC_BRIDGE_STATUS UPTIME_MS=252281 RAW_BYTES=0 VALID=0 SENT=0 COMMANDS=0 CHECKSUM_ERR=0 LENGTH_ERR=0 PARSE_ERR=0 AGE_MS=-1 POOR_SIGNAL=200 ATTENTION=0 MEDITATION=0
EVENT=PC_BRIDGE_STATUS UPTIME_MS=253281 RAW_BYTES=0 VALID=0 SENT=0 COMMANDS=0 CHECKSUM_ERR=0 LENGTH_ERR=0 PARSE_ERR=0 AGE_MS=-1 POOR_SIGNAL=200 ATTENTION=0 MEDITATION=0
EVENT=PC_BRIDGE_STATUS UPTIME_MS=254281 RAW_BYTES=0 VALID=0 SENT=0 COMMANDS=0 CHECKSUM_ERR=0 LENGTH_ERR=0 PARSE_ERR=0 AGE_MS=-1 POOR_SIGNAL=200 ATTENTION=0 MEDITATION=0
EVENT=PC_BRIDGE_STATUS UPTIME_MS=255281 RAW_BYTES=0 VALID=0 SENT=0 COMMANDS=0 CHECKSUM_ERR=0 LENGTH_ERR=0 PARSE_ERR=0 AGE_MS=-1 POOR_SIGNAL=200 ATTENTION=0 MEDITATION=0
EVENT=PC_BRIDGE_STATUS UPTIME_MS=256281 RAW_BYTES=0 VALID=0 SENT=0 COMMANDS=0 CHECKSUM_ERR=0 LENGTH_ERR=0 PARSE_ERR=0 AGE_MS=-1 POOR_SIGNAL=200 ATTENTION=0 MEDITATION=0
EVENT=PC_BRIDGE_STATUS UPTIME_MS=257281 RAW_BYTES=0 VALID=0 SENT=0 COMMANDS=0 CHECKSUM_ERR=0 LENGTH_ERR=0 PARSE_ERR=0 AGE_MS=-1 POOR_SIGNAL=200 ATTENTION=0 MEDITATION=0
EVENT=PC_BRIDGE_STATUS UPTIME_MS=258281 RAW_BYTES=0 VALID=0 SENT=0 COMMANDS=0 CHECKSUM_ERR=0 LENGTH_ERR=0 PARSE_ERR=0 AGE_MS=-1 POOR_SIGNAL=200 ATTENTION=0 MEDITATION=0
EVENT=PC_BRIDGE_STATUS UPTIME_MS=259281 RAW_BYTES=0 VALID=0 SENT=0 COMMANDS=0 CHECKSUM_ERR=0 LENGTH_ERR=0 PARSE_ERR=0 AGE_MS=-1 POOR_SIGNAL=200 ATTENTION=0 MEDITATION=0
EVENT=PC_BRIDGE_STATUS UPTIME_MS=260281 RAW_BYTES=0 VALID=0 SENT=0 COMMANDS=0 CHECKSUM_ERR=0 LENGTH_ERR=0 PARSE_ERR=0 AGE_MS=-1 POOR_SIGNAL=200 ATTENTION=0 MEDITATION=0
EVENT=PC_BRIDGE_STATUS UPTIME_MS=261281 RAW_BYTES=0 VALID=0 SENT=0 COMMANDS=0 CHECKSUM_ERR=0 LENGTH_ERR=0 PARSE_ERR=0 AGE_MS=-1 POOR_SIGNAL=200 ATTENTION=0 MEDITATION=0
EVENT=PC_BRIDGE_STATUS UPTIME_MS=262281 RAW_BYTES=0 VALID=0 SENT=0 COMMANDS=0 CHECKSUM_ERR=0 LENGTH_ERR=0 PARSE_ERR=0 AGE_MS=-1 POOR_SIGNAL=200 ATTENTION=0 MEDITATION=0
EVENT=PC_BRIDGE_STATUS UPTIME_MS=263281 RAW_BYTES=0 VALID=0 SENT=0 COMMANDS=0 CHECKSUM_ERR=0 LENGTH_ERR=0 PARSE_ERR=0 AGE_MS=-1 POOR_SIGNAL=200 ATTENTION=0 MEDITATION=0
EVENT=PC_BRIDGE_STATUS UPTIME_MS=264281 RAW_BYTES=0 VALID=0 SENT=0 COMMANDS=0 CHECKSUM_ERR=0 LENGTH_ERR=0 PARSE_ERR=0 AGE_MS=-1 POOR_SIGNAL=200 ATTENTION=0 MEDITATION=0
EVENT=PC_BRIDGE_STATUS UPTIME_MS=265281 RAW_BYTES=0 VALID=0 SENT=0 COMMANDS=0 CHECKSUM_ERR=0 LENGTH_ERR=0 PARSE_ERR=0 AGE_MS=-1 POOR_SIGNAL=200 ATTENTION=0 MEDITATION=0
EVENT=PC_BRIDGE_STATUS UPTIME_MS=266281 RAW_BYTES=0 VALID=0 SENT=0 COMMANDS=0 CHECKSUM_ERR=0 LENGTH_ERR=0 PARSE_ERR=0 AGE_MS=-1 POOR_SIGNAL=200 ATTENTION=0 MEDITATION=0
EVENT=PC_BRIDGE_STATUS UPTIME_MS=267281 RAW_BYTES=0 VALID=0 SENT=0 COMMANDS=0 CHECKSUM_ERR=0 LENGTH_ERR=0 PARSE_ERR=0 AGE_MS=-1 POOR_SIGNAL=200 ATTENTION=0 MEDITATION=0
EVENT=PC_BRIDGE_STATUS UPTIME_MS=268281 RAW_BYTES=0 VALID=0 SENT=0 COMMANDS=0 CHECKSUM_ERR=0 LENGTH_ERR=0 PARSE_ERR=0 AGE_MS=-1 POOR_SIGNAL=200 ATTENTION=0 MEDITATION=0
EVENT=PC_BRIDGE_STATUS UPTIME_MS=269281 RAW_BYTES=0 VALID=0 SENT=0 COMMANDS=0 CHECKSUM_ERR=0 LENGTH_ERR=0 PARSE_ERR=0 AGE_MS=-1 POOR_SIGNAL=200 ATTENTION=0 MEDITATION=0
EVENT=PC_BRIDGE_STATUS UPTIME_MS=270281 RAW_BYTES=0 VALID=0 SENT=0 COMMANDS=0 CHECKSUM_ERR=0 LENGTH_ERR=0 PARSE_ERR=0 AGE_MS=-1 POOR_SIGNAL=200 ATTENTION=0 MEDITATION=0
EVENT=PC_BRIDGE_STATUS UPTIME_MS=271281 RAW_BYTES=0 VALID=0 SENT=0 COMMANDS=0 CHECKSUM_ERR=0 LENGTH_ERR=0 PARSE_ERR=0 AGE_MS=-1 POOR_SIGNAL=200 ATTENTION=0 MEDITATION=0
EVENT=PC_BRIDGE_STATUS UPTIME_MS=272281 RAW_BYTES=0 VALID=0 SENT=0 COMMANDS=0 CHECKSUM_ERR=0 LENGTH_ERR=0 PARSE_ERR=0 AGE_MS=-1 POOR_SIGNAL=200 ATTENTION=0 MEDITATION=0
EVENT=PC_BRIDGE_STATUS UPTIME_MS=273281 RAW_BYTES=0 VALID=0 SENT=0 COMMANDS=0 CHECKSUM_ERR=0 LENGTH_ERR=0 PARSE_ERR=0 AGE_MS=-1 POOR_SIGNAL=200 ATTENTION=0 MEDITATION=0
EVENT=PC_BRIDGE_STATUS UPTIME_MS=274281 RAW_BYTES=0 VALID=0 SENT=0 COMMANDS=0 CHECKSUM_ERR=0 LENGTH_ERR=0 PARSE_ERR=0 AGE_MS=-1 POOR_SIGNAL=200 ATTENTION=0 MEDITATION=0
EVENT=PC_BRIDGE_STATUS UPTIME_MS=275281 RAW_BYTES=0 VALID=0 SENT=0 COMMANDS=0 CHECKSUM_ERR=0 LENGTH_ERR=0 PARSE_ERR=0 AGE_MS=-1 POOR_SIGNAL=200 ATTENTION=0 MEDITATION=0
EVENT=PC_BRIDGE_STATUS UPTIME_MS=276281 RAW_BYTES=0 VALID=0 SENT=0 COMMANDS=0 CHECKSUM_ERR=0 LENGTH_ERR=0 PARSE_ERR=0 AGE_MS=-1 POOR_SIGNAL=200 ATTENTION=0 MEDITATION=0
EVENT=PC_BRIDGE_STATUS UPTIME_MS=277281 RAW_BYTES=0 VALID=0 SENT=0 COMMANDS=0 CHECKSUM_ERR=0 LENGTH_ERR=0 PARSE_ERR=0 AGE_MS=-1 POOR_SIGNAL=200 ATTENTION=0 MEDITATION=0
EVENT=PC_BRIDGE_STATUS UPTIME_MS=278281 RAW_BYTES=0 VALID=0 SENT=0 COMMANDS=0 CHECKSUM_ERR=0 LENGTH_ERR=0 PARSE_ERR=0 AGE_MS=-1 POOR_SIGNAL=200 ATTENTION=0 MEDITATION=0
EVENT=PC_BRIDGE_STATUS UPTIME_MS=279281 RAW_BYTES=0 VALID=0 SENT=0 COMMANDS=0 CHECKSUM_ERR=0 LENGTH_ERR=0 PARSE_ERR=0 AGE_MS=-1 POOR_SIGNAL=200 ATTENTION=0 MEDITATION=0
EVENT=PC_BRIDGE_STATUS UPTIME_MS=280281 RAW_BYTES=0 VALID=0 SENT=0 COMMANDS=0 CHECKSUM_ERR=0 LENGTH_ERR=0 PARSE_ERR=0 AGE_MS=-1 POOR_SIGNAL=200 ATTENTION=0 MEDITATION=0
EVENT=PC_BRIDGE_STATUS UPTIME_MS=281281 RAW_BYTES=0 VALID=0 SENT=0 COMMANDS=0 CHECKSUM_ERR=0 LENGTH_ERR=0 PARSE_ERR=0 AGE_MS=-1 POOR_SIGNAL=200 ATTENTION=0 MEDITATION=0
EVENT=PC_BRIDGE_STATUS UPTIME_MS=282281 RAW_BYTES=0 VALID=0 SENT=0 COMMANDS=0 CHECKSUM_ERR=0 LENGTH_ERR=0 PARSE_ERR=0 AGE_MS=-1 POOR_SIGNAL=200 ATTENTION=0 MEDITATION=0
EVENT=PC_BRIDGE_STATUS UPTIME_MS=283281 RAW_BYTES=0 VALID=0 SENT=0 COMMANDS=0 CHECKSUM_ERR=0 LENGTH_ERR=0 PARSE_ERR=0 AGE_MS=-1 POOR_SIGNAL=200 ATTENTION=0 MEDITATION=0
EVENT=PC_BRIDGE_STATUS UPTIME_MS=284281 RAW_BYTES=0 VALID=0 SENT=0 COMMANDS=0 CHECKSUM_ERR=0 LENGTH_ERR=0 PARSE_ERR=0 AGE_MS=-1 POOR_SIGNAL=200 ATTENTION=0 MEDITATION=0
EVENT=PC_BRIDGE_STATUS UPTIME_MS=285281 RAW_BYTES=0 VALID=0 SENT=0 COMMANDS=0 CHECKSUM_ERR=0 LENGTH_ERR=0 PARSE_ERR=0 AGE_MS=-1 POOR_SIGNAL=200 ATTENTION=0 MEDITATION=0
EVENT=PC_BRIDGE_STATUS UPTIME_MS=286281 RAW_BYTES=0 VALID=0 SENT=0 COMMANDS=0 CHECKSUM_ERR=0 LENGTH_ERR=0 PARSE_ERR=0 AGE_MS=-1 POOR_SIGNAL=200 ATTENTION=0 MEDITATION=0
EVENT=PC_BRIDGE_STATUS UPTIME_MS=287281 RAW_BYTES=0 VALID=0 SENT=0 COMMANDS=0 CHECKSUM_ERR=0 LENGTH_ERR=0 PARSE_ERR=0 AGE_MS=-1 POOR_SIGNAL=200 ATTENTION=0 MEDITATION=0
EVENT=PC_BRIDGE_STATUS UPTIME_MS=288281 RAW_BYTES=0 VALID=0 SENT=0 COMMANDS=0 CHECKSUM_ERR=0 LENGTH_ERR=0 PARSE_ERR=0 AGE_MS=-1 POOR_SIGNAL=200 ATTENTION=0 MEDITATION=0
EVENT=PC_BRIDGE_STATUS UPTIME_MS=289281 RAW_BYTES=0 VALID=0 SENT=0 COMMANDS=0 CHECKSUM_ERR=0 LENGTH_ERR=0 PARSE_ERR=0 AGE_MS=-1 POOR_SIGNAL=200 ATTENTION=0 MEDITATION=0
EVENT=PC_BRIDGE_STATUS UPTIME_MS=290281 RAW_BYTES=0 VALID=0 SENT=0 COMMANDS=0 CHECKSUM_ERR=0 LENGTH_ERR=0 PARSE_ERR=0 AGE_MS=-1 POOR_SIGNAL=200 ATTENTION=0 MEDITATION=0
EVENT=PC_BRIDGE_STATUS UPTIME_MS=291281 RAW_BYTES=0 VALID=0 SENT=0 COMMANDS=0 CHECKSUM_ERR=0 LENGTH_ERR=0 PARSE_ERR=0 AGE_MS=-1 POOR_SIGNAL=200 ATTENTION=0 MEDITATION=0
EVENT=PC_BRIDGE_STATUS UPTIME_MS=292281 RAW_BYTES=0 VALID=0 SENT=0 COMMANDS=0 CHECKSUM_ERR=0 LENGTH_ERR=0 PARSE_ERR=0 AGE_MS=-1 POOR_SIGNAL=200 ATTENTION=0 MEDITATION=0
EVENT=PC_BRIDGE_STATUS UPTIME_MS=293281 RAW_BYTES=0 VALID=0 SENT=0 COMMANDS=0 CHECKSUM_ERR=0 LENGTH_ERR=0 PARSE_ERR=0 AGE_MS=-1 POOR_SIGNAL=200 ATTENTION=0 MEDITATION=0
EVENT=PC_BRIDGE_STATUS UPTIME_MS=294281 RAW_BYTES=0 VALID=0 SENT=0 COMMANDS=0 CHECKSUM_ERR=0 LENGTH_ERR=0 PARSE_ERR=0 AGE_MS=-1 POOR_SIGNAL=200 ATTENTION=0 MEDITATION=0
EVENT=PC_BRIDGE_STATUS UPTIME_MS=295281 RAW_BYTES=0 VALID=0 SENT=0 COMMANDS=0 CHECKSUM_ERR=0 LENGTH_ERR=0 PARSE_ERR=0 AGE_MS=-1 POOR_SIGNAL=200 ATTENTION=0 MEDITATION=0
EVENT=PC_BRIDGE_STATUS UPTIME_MS=296281 RAW_BYTES=0 VALID=0 SENT=0 COMMANDS=0 CHECKSUM_ERR=0 LENGTH_ERR=0 PARSE_ERR=0 AGE_MS=-1 POOR_SIGNAL=200 ATTENTION=0 MEDITATION=0
EVENT=PC_BRIDGE_STATUS UPTIME_MS=297281 RAW_BYTES=0 VALID=0 SENT=0 COMMANDS=0 CHECKSUM_ERR=0 LENGTH_ERR=0 PARSE_ERR=0 AGE_MS=-1 POOR_SIGNAL=200 ATTENTION=0 MEDITATION=0
EVENT=PC_BRIDGE_STATUS UPTIME_MS=298281 RAW_BYTES=0 VALID=0 SENT=0 COMMANDS=0 CHECKSUM_ERR=0 LENGTH_ERR=0 PARSE_ERR=0 AGE_MS=-1 POOR_SIGNAL=200 ATTENTION=0 MEDITATION=0
EVENT=PC_BRIDGE_STATUS UPTIME_MS=299281 RAW_BYTES=0 VALID=0 SENT=0 COMMANDS=0 CHECKSUM_ERR=0 LENGTH_ERR=0 PARSE_ERR=0 AGE_MS=-1 POOR_SIGNAL=200 ATTENTION=0 MEDITATION=0
EVENT=PC_BRIDGE_STATUS UPTIME_MS=300281 RAW_BYTES=0 VALID=0 SENT=0 COMMANDS=0 CHECKSUM_ERR=0 LENGTH_ERR=0 PARSE_ERR=0 AGE_MS=-1 POOR_SIGNAL=200 ATTENTION=0 MEDITATION=0
EVENT=PC_BRIDGE_STATUS UPTIME_MS=301281 RAW_BYTES=0 VALID=0 SENT=0 COMMANDS=0 CHECKSUM_ERR=0 LENGTH_ERR=0 PARSE_ERR=0 AGE_MS=-1 POOR_SIGNAL=200 ATTENTION=0 MEDITATION=0
EVENT=PC_BRIDGE_STATUS UPTIME_MS=302281 RAW_BYTES=0 VALID=0 SENT=0 COMMANDS=0 CHECKSUM_ERR=0 LENGTH_ERR=0 PARSE_ERR=0 AGE_MS=-1 POOR_SIGNAL=200 ATTENTION=0 MEDITATION=0
EVENT=PC_BRIDGE_STATUS UPTIME_MS=303281 RAW_BYTES=0 VALID=0 SENT=0 COMMANDS=0 CHECKSUM_ERR=0 LENGTH_ERR=0 PARSE_ERR=0 AGE_MS=-1 POOR_SIGNAL=200 ATTENTION=0 MEDITATION=0
EVENT=PC_BRIDGE_STATUS UPTIME_MS=304281 RAW_BYTES=0 VALID=0 SENT=0 COMMANDS=0 CHECKSUM_ERR=0 LENGTH_ERR=0 PARSE_ERR=0 AGE_MS=-1 POOR_SIGNAL=200 ATTENTION=0 MEDITATION=0
EVENT=PC_BRIDGE_STATUS UPTIME_MS=305281 RAW_BYTES=0 VALID=0 SENT=0 COMMANDS=0 CHECKSUM_ERR=0 LENGTH_ERR=0 PARSE_ERR=0 AGE_MS=-1 POOR_SIGNAL=200 ATTENTION=0 MEDITATION=0
EVENT=PC_BRIDGE_STATUS UPTIME_MS=306281 RAW_BYTES=0 VALID=0 SENT=0 COMMANDS=0 CHECKSUM_ERR=0 LENGTH_ERR=0 PARSE_ERR=0 AGE_MS=-1 POOR_SIGNAL=200 ATTENTION=0 MEDITATION=0
EVENT=PC_BRIDGE_STATUS UPTIME_MS=307281 RAW_BYTES=0 VALID=0 SENT=0 COMMANDS=0 CHECKSUM_ERR=0 LENGTH_ERR=0 PARSE_ERR=0 AGE_MS=-1 POOR_SIGNAL=200 ATTENTION=0 MEDITATION=0
EVENT=PC_BRIDGE_STATUS UPTIME_MS=308281 RAW_BYTES=0 VALID=0 SENT=0 COMMANDS=0 CHECKSUM_ERR=0 LENGTH_ERR=0 PARSE_ERR=0 AGE_MS=-1 POOR_SIGNAL=200 ATTENTION=0 MEDITATION=0
EVENT=PC_BRIDGE_STATUS UPTIME_MS=309281 RAW_BYTES=0 VALID=0 SENT=0 COMMANDS=0 CHECKSUM_ERR=0 LENGTH_ERR=0 PARSE_ERR=0 AGE_MS=-1 POOR_SIGNAL=200 ATTENTION=0 MEDITATION=0
EVENT=PC_BRIDGE_STATUS UPTIME_MS=310281 RAW_BYTES=0 VALID=0 SENT=0 COMMANDS=0 CHECKSUM_ERR=0 LENGTH_ERR=0 PARSE_ERR=0 AGE_MS=-1 POOR_SIGNAL=200 ATTENTION=0 MEDITATION=0
EVENT=PC_BRIDGE_STATUS UPTIME_MS=311281 RAW_BYTES=0 VALID=0 SENT=0 COMMANDS=0 CHECKSUM_ERR=0 LENGTH_ERR=0 PARSE_ERR=0 AGE_MS=-1 POOR_SIGNAL=200 ATTENTION=0 MEDITATION=0
EVENT=PC_BRIDGE_STATUS UPTIME_MS=312281 RAW_BYTES=0 VALID=0 SENT=0 COMMANDS=0 CHECKSUM_ERR=0 LENGTH_ERR=0 PARSE_ERR=0 AGE_MS=-1 POOR_SIGNAL=200 ATTENTION=0 MEDITATION=0
EVENT=PC_BRIDGE_STATUS UPTIME_MS=313281 RAW_BYTES=0 VALID=0 SENT=0 COMMANDS=0 CHECKSUM_ERR=0 LENGTH_ERR=0 PARSE_ERR=0 AGE_MS=-1 POOR_SIGNAL=200 ATTENTION=0 MEDITATION=0
EVENT=PC_BRIDGE_STATUS UPTIME_MS=314281 RAW_BYTES=0 VALID=0 SENT=0 COMMANDS=0 CHECKSUM_ERR=0 LENGTH_ERR=0 PARSE_ERR=0 AGE_MS=-1 POOR_SIGNAL=200 ATTENTION=0 MEDITATION=0
EVENT=PC_BRIDGE_STATUS UPTIME_MS=315281 RAW_BYTES=0 VALID=0 SENT=0 COMMANDS=0 CHECKSUM_ERR=0 LENGTH_ERR=0 PARSE_ERR=0 AGE_MS=-1 POOR_SIGNAL=200 ATTENTION=0 MEDITATION=0
EVENT=PC_BRIDGE_STATUS UPTIME_MS=316281 RAW_BYTES=0 VALID=0 SENT=0 COMMANDS=0 CHECKSUM_ERR=0 LENGTH_ERR=0 PARSE_ERR=0 AGE_MS=-1 POOR_SIGNAL=200 ATTENTION=0 MEDITATION=0
EVENT=PC_BRIDGE_STATUS UPTIME_MS=317281 RAW_BYTES=0 VALID=0 SENT=0 COMMANDS=0 CHECKSUM_ERR=0 LENGTH_ERR=0 PARSE_ERR=0 AGE_MS=-1 POOR_SIGNAL=200 ATTENTION=0 MEDITATION=0
EVENT=PC_BRIDGE_STATUS UPTIME_MS=318281 RAW_BYTES=0 VALID=0 SENT=0 COMMANDS=0 CHECKSUM_ERR=0 LENGTH_ERR=0 PARSE_ERR=0 AGE_MS=-1 POOR_SIGNAL=200 ATTENTION=0 MEDITATION=0
EVENT=PC_BRIDGE_STATUS UPTIME_MS=319281 RAW_BYTES=0 VALID=0 SENT=0 COMMANDS=0 CHECKSUM_ERR=0 LENGTH_ERR=0 PARSE_ERR=0 AGE_MS=-1 POOR_SIGNAL=200 ATTENTION=0 MEDITATION=0
EVENT=PC_BRIDGE_STATUS UPTIME_MS=320281 RAW_BYTES=0 VALID=0 SENT=0 COMMANDS=0 CHECKSUM_ERR=0 LENGTH_ERR=0 PARSE_ERR=0 AGE_MS=-1 POOR_SIGNAL=200 ATTENTION=0 MEDITATION=0
EVENT=PC_BRIDGE_STATUS UPTIME_MS=321281 RAW_BYTES=0 VALID=0 SENT=0 COMMANDS=0 CHECKSUM_ERR=0 LENGTH_ERR=0 PARSE_ERR=0 AGE_MS=-1 POOR_SIGNAL=200 ATTENTION=0 MEDITATION=0
EVENT=PC_BRIDGE_STATUS UPTIME_MS=322281 RAW_BYTES=0 VALID=0 SENT=0 COMMANDS=0 CHECKSUM_ERR=0 LENGTH_ERR=0 PARSE_ERR=0 AGE_MS=-1 POOR_SIGNAL=200 ATTENTION=0 MEDITATION=0
EVENT=PC_BRIDGE_STATUS UPTIME_MS=323281 RAW_BYTES=0 VALID=0 SENT=0 COMMANDS=0 CHECKSUM_ERR=0 LENGTH_ERR=0 PARSE_ERR=0 AGE_MS=-1 POOR_SIGNAL=200 ATTENTION=0 MEDITATION=0
EVENT=PC_BRIDGE_STATUS UPTIME_MS=324281 RAW_BYTES=0 VALID=0 SENT=0 COMMANDS=0 CHECKSUM_ERR=0 LENGTH_ERR=0 PARSE_ERR=0 AGE_MS=-1 POOR_SIGNAL=200 ATTENTION=0 MEDITATION=0
EVENT=PC_BRIDGE_STATUS UPTIME_MS=325281 RAW_BYTES=0 VALID=0 SENT=0 COMMANDS=0 CHECKSUM_ERR=0 LENGTH_ERR=0 PARSE_ERR=0 AGE_MS=-1 POOR_SIGNAL=200 ATTENTION=0 MEDITATION=0
EVENT=PC_BRIDGE_STATUS UPTIME_MS=326281 RAW_BYTES=0 VALID=0 SENT=0 COMMANDS=0 CHECKSUM_ERR=0 LENGTH_ERR=0 PARSE_ERR=0 AGE_MS=-1 POOR_SIGNAL=200 ATTENTION=0 MEDITATION=0
EVENT=PC_BRIDGE_STATUS UPTIME_MS=327281 RAW_BYTES=0 VALID=0 SENT=0 COMMANDS=0 CHECKSUM_ERR=0 LENGTH_ERR=0 PARSE_ERR=0 AGE_MS=-1 POOR_SIGNAL=200 ATTENTION=0 MEDITATION=0
EVENT=PC_BRIDGE_STATUS UPTIME_MS=328281 RAW_BYTES=0 VALID=0 SENT=0 COMMANDS=0 CHECKSUM_ERR=0 LENGTH_ERR=0 PARSE_ERR=0 AGE_MS=-1 POOR_SIGNAL=200 ATTENTION=0 MEDITATION=0
EVENT=PC_BRIDGE_STATUS UPTIME_MS=329281 RAW_BYTES=0 VALID=0 SENT=0 COMMANDS=0 CHECKSUM_ERR=0 LENGTH_ERR=0 PARSE_ERR=0 AGE_MS=-1 POOR_SIGNAL=200 ATTENTION=0 MEDITATION=0
EVENT=PC_BRIDGE_STATUS UPTIME_MS=330281 RAW_BYTES=0 VALID=0 SENT=0 COMMANDS=0 CHECKSUM_ERR=0 LENGTH_ERR=0 PARSE_ERR=0 AGE_MS=-1 POOR_SIGNAL=200 ATTENTION=0 MEDITATION=0
EVENT=PC_BRIDGE_STATUS UPTIME_MS=331281 RAW_BYTES=0 VALID=0 SENT=0 COMMANDS=0 CHECKSUM_ERR=0 LENGTH_ERR=0 PARSE_ERR=0 AGE_MS=-1 POOR_SIGNAL=200 ATTENTION=0 MEDITATION=0
EVENT=PC_BRIDGE_STATUS UPTIME_MS=332281 RAW_BYTES=0 VALID=0 SENT=0 COMMANDS=0 CHECKSUM_ERR=0 LENGTH_ERR=0 PARSE_ERR=0 AGE_MS=-1 POOR_SIGNAL=200 ATTENTION=0 MEDITATION=0
EVENT=PC_BRIDGE_STATUS UPTIME_MS=333281 RAW_BYTES=0 VALID=0 SENT=0 COMMANDS=0 CHECKSUM_ERR=0 LENGTH_ERR=0 PARSE_ERR=0 AGE_MS=-1 POOR_SIGNAL=200 ATTENTION=0 MEDITATION=0
EVENT=PC_BRIDGE_STATUS UPTIME_MS=334281 RAW_BYTES=0 VALID=0 SENT=0 COMMANDS=0 CHECKSUM_ERR=0 LENGTH_ERR=0 PARSE_ERR=0 AGE_MS=-1 POOR_SIGNAL=200 ATTENTION=0 MEDITATION=0
EVENT=PC_BRIDGE_STATUS UPTIME_MS=335281 RAW_BYTES=0 VALID=0 SENT=0 COMMANDS=0 CHECKSUM_ERR=0 LENGTH_ERR=0 PARSE_ERR=0 AGE_MS=-1 POOR_SIGNAL=200 ATTENTION=0 MEDITATION=0
EVENT=PC_BRIDGE_STATUS UPTIME_MS=336281 RAW_BYTES=0 VALID=0 SENT=0 COMMANDS=0 CHECKSUM_ERR=0 LENGTH_ERR=0 PARSE_ERR=0 AGE_MS=-1 POOR_SIGNAL=200 ATTENTION=0 MEDITATION=0
EVENT=PC_BRIDGE_STATUS UPTIME_MS=337281 RAW_BYTES=0 VALID=0 SENT=0 COMMANDS=0 CHECKSUM_ERR=0 LENGTH_ERR=0 PARSE_ERR=0 AGE_MS=-1 POOR_SIGNAL=200 ATTENTION=0 MEDITATION=0
EVENT=PC_BRIDGE_STATUS UPTIME_MS=338281 RAW_BYTES=0 VALID=0 SENT=0 COMMANDS=0 CHECKSUM_ERR=0 LENGTH_ERR=0 PARSE_ERR=0 AGE_MS=-1 POOR_SIGNAL=200 ATTENTION=0 MEDITATION=0
EVENT=PC_BRIDGE_STATUS UPTIME_MS=339281 RAW_BYTES=0 VALID=0 SENT=0 COMMANDS=0 CHECKSUM_ERR=0 LENGTH_ERR=0 PARSE_ERR=0 AGE_MS=-1 POOR_SIGNAL=200 ATTENTION=0 MEDITATION=0
EVENT=PC_BRIDGE_STATUS UPTIME_MS=340281 RAW_BYTES=0 VALID=0 SENT=0 COMMANDS=0 CHECKSUM_ERR=0 LENGTH_ERR=0 PARSE_ERR=0 AGE_MS=-1 POOR_SIGNAL=200 ATTENTION=0 MEDITATION=0
EVENT=PC_BRIDGE_STATUS UPTIME_MS=341281 RAW_BYTES=0 VALID=0 SENT=0 COMMANDS=0 CHECKSUM_ERR=0 LENGTH_ERR=0 PARSE_ERR=0 AGE_MS=-1 POOR_SIGNAL=200 ATTENTION=0 MEDITATION=0
EVENT=PC_BRIDGE_STATUS UPTIME_MS=342281 RAW_BYTES=0 VALID=0 SENT=0 COMMANDS=0 CHECKSUM_ERR=0 LENGTH_ERR=0 PARSE_ERR=0 AGE_MS=-1 POOR_SIGNAL=200 ATTENTION=0 MEDITATION=0
EVENT=PC_BRIDGE_STATUS UPTIME_MS=343281 RAW_BYTES=0 VALID=0 SENT=0 COMMANDS=0 CHECKSUM_ERR=0 LENGTH_ERR=0 PARSE_ERR=0 AGE_MS=-1 POOR_SIGNAL=200 ATTENTION=0 MEDITATION=0
EVENT=PC_BRIDGE_STATUS UPTIME_MS=344281 RAW_BYTES=0 VALID=0 SENT=0 COMMANDS=0 CHECKSUM_ERR=0 LENGTH_ERR=0 PARSE_ERR=0 AGE_MS=-1 POOR_SIGNAL=200 ATTENTION=0 MEDITATION=0
EVENT=PC_BRIDGE_STATUS UPTIME_MS=345281 RAW_BYTES=0 VALID=0 SENT=0 COMMANDS=0 CHECKSUM_ERR=0 LENGTH_ERR=0 PARSE_ERR=0 AGE_MS=-1 POOR_SIGNAL=200 ATTENTION=0 MEDITATION=0
EVENT=PC_BRIDGE_STATUS UPTIME_MS=346281 RAW_BYTES=0 VALID=0 SENT=0 COMMANDS=0 CHECKSUM_ERR=0 LENGTH_ERR=0 PARSE_ERR=0 AGE_MS=-1 POOR_SIGNAL=200 ATTENTION=0 MEDITATION=0
EVENT=PC_BRIDGE_STATUS UPTIME_MS=347281 RAW_BYTES=0 VALID=0 SENT=0 COMMANDS=0 CHECKSUM_ERR=0 LENGTH_ERR=0 PARSE_ERR=0 AGE_MS=-1 POOR_SIGNAL=200 ATTENTION=0 MEDITATION=0
EVENT=PC_BRIDGE_STATUS UPTIME_MS=348281 RAW_BYTES=0 VALID=0 SENT=0 COMMANDS=0 CHECKSUM_ERR=0 LENGTH_ERR=0 PARSE_ERR=0 AGE_MS=-1 POOR_SIGNAL=200 ATTENTION=0 MEDITATION=0
EVENT=PC_BRIDGE_STATUS UPTIME_MS=349281 RAW_BYTES=0 VALID=0 SENT=0 COMMANDS=0 CHECKSUM_ERR=0 LENGTH_ERR=0 PARSE_ERR=0 AGE_MS=-1 POOR_SIGNAL=200 ATTENTION=0 MEDITATION=0
EVENT=PC_BRIDGE_STATUS UPTIME_MS=350281 RAW_BYTES=0 VALID=0 SENT=0 COMMANDS=0 CHECKSUM_ERR=0 LENGTH_ERR=0 PARSE_ERR=0 AGE_MS=-1 POOR_SIGNAL=200 ATTENTION=0 MEDITATION=0
EVENT=PC_BRIDGE_STATUS UPTIME_MS=351281 RAW_BYTES=0 VALID=0 SENT=0 COMMANDS=0 CHECKSUM_ERR=0 LENGTH_ERR=0 PARSE_ERR=0 AGE_MS=-1 POOR_SIGNAL=200 ATTENTION=0 MEDITATION=0
EVENT=PC_BRIDGE_STATUS UPTIME_MS=352281 RAW_BYTES=0 VALID=0 SENT=0 COMMANDS=0 CHECKSUM_ERR=0 LENGTH_ERR=0 PARSE_ERR=0 AGE_MS=-1 POOR_SIGNAL=200 ATTENTION=0 MEDITATION=0
EVENT=PC_BRIDGE_STATUS UPTIME_MS=353281 RAW_BYTES=0 VALID=0 SENT=0 COMMANDS=0 CHECKSUM_ERR=0 LENGTH_ERR=0 PARSE_ERR=0 AGE_MS=-1 POOR_SIGNAL=200 ATTENTION=0 MEDITATION=0
EVENT=PC_BRIDGE_STATUS UPTIME_MS=354281 RAW_BYTES=0 VALID=0 SENT=0 COMMANDS=0 CHECKSUM_ERR=0 LENGTH_ERR=0 PARSE_ERR=0 AGE_MS=-1 POOR_SIGNAL=200 ATTENTION=0 MEDITATION=0
EVENT=PC_BRIDGE_STATUS UPTIME_MS=355281 RAW_BYTES=0 VALID=0 SENT=0 COMMANDS=0 CHECKSUM_ERR=0 LENGTH_ERR=0 PARSE_ERR=0 AGE_MS=-1 POOR_SIGNAL=200 ATTENTION=0 MEDITATION=0
EVENT=PC_BRIDGE_STATUS UPTIME_MS=356281 RAW_BYTES=0 VALID=0 SENT=0 COMMANDS=0 CHECKSUM_ERR=0 LENGTH_ERR=0 PARSE_ERR=0 AGE_MS=-1 POOR_SIGNAL=200 ATTENTION=0 MEDITATION=0
EVENT=PC_BRIDGE_STATUS UPTIME_MS=357281 RAW_BYTES=0 VALID=0 SENT=0 COMMANDS=0 CHECKSUM_ERR=0 LENGTH_ERR=0 PARSE_ERR=0 AGE_MS=-1 POOR_SIGNAL=200 ATTENTION=0 MEDITATION=0
EVENT=PC_BRIDGE_STATUS UPTIME_MS=358281 RAW_BYTES=0 VALID=0 SENT=0 COMMANDS=0 CHECKSUM_ERR=0 LENGTH_ERR=0 PARSE_ERR=0 AGE_MS=-1 POOR_SIGNAL=200 ATTENTION=0 MEDITATION=0
EVENT=PC_BRIDGE_STATUS UPTIME_MS=359281 RAW_BYTES=0 VALID=0 SENT=0 COMMANDS=0 CHECKSUM_ERR=0 LENGTH_ERR=0 PARSE_ERR=0 AGE_MS=-1 POOR_SIGNAL=200 ATTENTION=0 MEDITATION=0
EVENT=PC_BRIDGE_STATUS UPTIME_MS=360281 RAW_BYTES=0 VALID=0 SENT=0 COMMANDS=0 CHECKSUM_ERR=0 LENGTH_ERR=0 PARSE_ERR=0 AGE_MS=-1 POOR_SIGNAL=200 ATTENTION=0 MEDITATION=0
EVENT=PC_BRIDGE_STATUS UPTIME_MS=361281 RAW_BYTES=0 VALID=0 SENT=0 COMMANDS=0 CHECKSUM_ERR=0 LENGTH_ERR=0 PARSE_ERR=0 AGE_MS=-1 POOR_SIGNAL=200 ATTENTION=0 MEDITATION=0
EVENT=PC_BRIDGE_STATUS UPTIME_MS=362281 RAW_BYTES=0 VALID=0 SENT=0 COMMANDS=0 CHECKSUM_ERR=0 LENGTH_ERR=0 PARSE_ERR=0 AGE_MS=-1 POOR_SIGNAL=200 ATTENTION=0 MEDITATION=0
EVENT=PC_BRIDGE_STATUS UPTIME_MS=363281 RAW_BYTES=0 VALID=0 SENT=0 COMMANDS=0 CHECKSUM_ERR=0 LENGTH_ERR=0 PARSE_ERR=0 AGE_MS=-1 POOR_SIGNAL=200 ATTENTION=0 MEDITATION=0
EVENT=PC_BRIDGE_STATUS UPTIME_MS=364281 RAW_BYTES=0 VALID=0 SENT=0 COMMANDS=0 CHECKSUM_ERR=0 LENGTH_ERR=0 PARSE_ERR=0 AGE_MS=-1 POOR_SIGNAL=200 ATTENTION=0 MEDITATION=0
EVENT=PC_BRIDGE_STATUS UPTIME_MS=365281 RAW_BYTES=0 VALID=0 SENT=0 COMMANDS=0 CHECKSUM_ERR=0 LENGTH_ERR=0 PARSE_ERR=0 AGE_MS=-1 POOR_SIGNAL=200 ATTENTION=0 MEDITATION=0
EVENT=PC_BRIDGE_STATUS UPTIME_MS=366281 RAW_BYTES=0 VALID=0 SENT=0 COMMANDS=0 CHECKSUM_ERR=0 LENGTH_ERR=0 PARSE_ERR=0 AGE_MS=-1 POOR_SIGNAL=200 ATTENTION=0 MEDITATION=0
EVENT=PC_BRIDGE_STATUS UPTIME_MS=367281 RAW_BYTES=0 VALID=0 SENT=0 COMMANDS=0 CHECKSUM_ERR=0 LENGTH_ERR=0 PARSE_ERR=0 AGE_MS=-1 POOR_SIGNAL=200 ATTENTION=0 MEDITATION=0
EVENT=PC_BRIDGE_STATUS UPTIME_MS=368281 RAW_BYTES=0 VALID=0 SENT=0 COMMANDS=0 CHECKSUM_ERR=0 LENGTH_ERR=0 PARSE_ERR=0 AGE_MS=-1 POOR_SIGNAL=200 ATTENTION=0 MEDITATION=0
EVENT=PC_BRIDGE_STATUS UPTIME_MS=369281 RAW_BYTES=0 VALID=0 SENT=0 COMMANDS=0 CHECKSUM_ERR=0 LENGTH_ERR=0 PARSE_ERR=0 AGE_MS=-1 POOR_SIGNAL=200 ATTENTION=0 MEDITATION=0
EVENT=PC_BRIDGE_STATUS UPTIME_MS=370281 RAW_BYTES=0 VALID=0 SENT=0 COMMANDS=0 CHECKSUM_ERR=0 LENGTH_ERR=0 PARSE_ERR=0 AGE_MS=-1 POOR_SIGNAL=200 ATTENTION=0 MEDITATION=0
EVENT=PC_BRIDGE_STATUS UPTIME_MS=371281 RAW_BYTES=0 VALID=0 SENT=0 COMMANDS=0 CHECKSUM_ERR=0 LENGTH_ERR=0 PARSE_ERR=0 AGE_MS=-1 POOR_SIGNAL=200 ATTENTION=0 MEDITATION=0
EVENT=PC_BRIDGE_STATUS UPTIME_MS=372281 RAW_BYTES=0 VALID=0 SENT=0 COMMANDS=0 CHECKSUM_ERR=0 LENGTH_ERR=0 PARSE_ERR=0 AGE_MS=-1 POOR_SIGNAL=200 ATTENTION=0 MEDITATION=0
EVENT=PC_BRIDGE_STATUS UPTIME_MS=373281 RAW_BYTES=0 VALID=0 SENT=0 COMMANDS=0 CHECKSUM_ERR=0 LENGTH_ERR=0 PARSE_ERR=0 AGE_MS=-1 POOR_SIGNAL=200 ATTENTION=0 MEDITATION=0
EVENT=PC_BRIDGE_STATUS UPTIME_MS=374281 RAW_BYTES=0 VALID=0 SENT=0 COMMANDS=0 CHECKSUM_ERR=0 LENGTH_ERR=0 PARSE_ERR=0 AGE_MS=-1 POOR_SIGNAL=200 ATTENTION=0 MEDITATION=0
EVENT=PC_BRIDGE_STATUS UPTIME_MS=375281 RAW_BYTES=0 VALID=0 SENT=0 COMMANDS=0 CHECKSUM_ERR=0 LENGTH_ERR=0 PARSE_ERR=0 AGE_MS=-1 POOR_SIGNAL=200 ATTENTION=0 MEDITATION=0
EVENT=PC_BRIDGE_STATUS UPTIME_MS=376281 RAW_BYTES=0 VALID=0 SENT=0 COMMANDS=0 CHECKSUM_ERR=0 LENGTH_ERR=0 PARSE_ERR=0 AGE_MS=-1 POOR_SIGNAL=200 ATTENTION=0 MEDITATION=0
EVENT=PC_BRIDGE_STATUS UPTIME_MS=377281 RAW_BYTES=0 VALID=0 SENT=0 COMMANDS=0 CHECKSUM_ERR=0 LENGTH_ERR=0 PARSE_ERR=0 AGE_MS=-1 POOR_SIGNAL=200 ATTENTION=0 MEDITATION=0
EVENT=PC_BRIDGE_STATUS UPTIME_MS=378281 RAW_BYTES=0 VALID=0 SENT=0 COMMANDS=0 CHECKSUM_ERR=0 LENGTH_ERR=0 PARSE_ERR=0 AGE_MS=-1 POOR_SIGNAL=200 ATTENTION=0 MEDITATION=0
EVENT=PC_BRIDGE_STATUS UPTIME_MS=379281 RAW_BYTES=0 VALID=0 SENT=0 COMMANDS=0 CHECKSUM_ERR=0 LENGTH_ERR=0 PARSE_ERR=0 AGE_MS=-1 POOR_SIGNAL=200 ATTENTION=0 MEDITATION=0
EVENT=PC_BRIDGE_STATUS UPTIME_MS=380281 RAW_BYTES=0 VALID=0 SENT=0 COMMANDS=0 CHECKSUM_ERR=0 LENGTH_ERR=0 PARSE_ERR=0 AGE_MS=-1 POOR_SIGNAL=200 ATTENTION=0 MEDITATION=0
EVENT=PC_BRIDGE_STATUS UPTIME_MS=381281 RAW_BYTES=0 VALID=0 SENT=0 COMMANDS=0 CHECKSUM_ERR=0 LENGTH_ERR=0 PARSE_ERR=0 AGE_MS=-1 POOR_SIGNAL=200 ATTENTION=0 MEDITATION=0
EVENT=PC_BRIDGE_STATUS UPTIME_MS=382281 RAW_BYTES=0 VALID=0 SENT=0 COMMANDS=0 CHECKSUM_ERR=0 LENGTH_ERR=0 PARSE_ERR=0 AGE_MS=-1 POOR_SIGNAL=200 ATTENTION=0 MEDITATION=0
EVENT=PC_BRIDGE_STATUS UPTIME_MS=383281 RAW_BYTES=0 VALID=0 SENT=0 COMMANDS=0 CHECKSUM_ERR=0 LENGTH_ERR=0 PARSE_ERR=0 AGE_MS=-1 POOR_SIGNAL=200 ATTENTION=0 MEDITATION=0
EVENT=PC_BRIDGE_STATUS UPTIME_MS=384281 RAW_BYTES=0 VALID=0 SENT=0 COMMANDS=0 CHECKSUM_ERR=0 LENGTH_ERR=0 PARSE_ERR=0 AGE_MS=-1 POOR_SIGNAL=200 ATTENTION=0 MEDITATION=0
EVENT=PC_BRIDGE_STATUS UPTIME_MS=385281 RAW_BYTES=0 VALID=0 SENT=0 COMMANDS=0 CHECKSUM_ERR=0 LENGTH_ERR=0 PARSE_ERR=0 AGE_MS=-1 POOR_SIGNAL=200 ATTENTION=0 MEDITATION=0
EVENT=PC_BRIDGE_STATUS UPTIME_MS=386281 RAW_BYTES=0 VALID=0 SENT=0 COMMANDS=0 CHECKSUM_ERR=0 LENGTH_ERR=0 PARSE_ERR=0 AGE_MS=-1 POOR_SIGNAL=200 ATTENTION=0 MEDITATION=0
EVENT=PC_BRIDGE_STATUS UPTIME_MS=387281 RAW_BYTES=0 VALID=0 SENT=0 COMMANDS=0 CHECKSUM_ERR=0 LENGTH_ERR=0 PARSE_ERR=0 AGE_MS=-1 POOR_SIGNAL=200 ATTENTION=0 MEDITATION=0
EVENT=PC_BRIDGE_STATUS UPTIME_MS=388281 RAW_BYTES=0 VALID=0 SENT=0 COMMANDS=0 CHECKSUM_ERR=0 LENGTH_ERR=0 PARSE_ERR=0 AGE_MS=-1 POOR_SIGNAL=200 ATTENTION=0 MEDITATION=0
EVENT=PC_BRIDGE_STATUS UPTIME_MS=389281 RAW_BYTES=0 VALID=0 SENT=0 COMMANDS=0 CHECKSUM_ERR=0 LENGTH_ERR=0 PARSE_ERR=0 AGE_MS=-1 POOR_SIGNAL=200 ATTENTION=0 MEDITATION=0
EVENT=PC_BRIDGE_STATUS UPTIME_MS=390281 RAW_BYTES=0 VALID=0 SENT=0 COMMANDS=0 CHECKSUM_ERR=0 LENGTH_ERR=0 PARSE_ERR=0 AGE_MS=-1 POOR_SIGNAL=200 ATTENTION=0 MEDITATION=0
EVENT=PC_BRIDGE_STATUS UPTIME_MS=391281 RAW_BYTES=0 VALID=0 SENT=0 COMMANDS=0 CHECKSUM_ERR=0 LENGTH_ERR=0 PARSE_ERR=0 AGE_MS=-1 POOR_SIGNAL=200 ATTENTION=0 MEDITATION=0
EVENT=PC_BRIDGE_STATUS UPTIME_MS=392281 RAW_BYTES=0 VALID=0 SENT=0 COMMANDS=0 CHECKSUM_ERR=0 LENGTH_ERR=0 PARSE_ERR=0 AGE_MS=-1 POOR_SIGNAL=200 ATTENTION=0 MEDITATION=0
EVENT=PC_BRIDGE_STATUS UPTIME_MS=393281 RAW_BYTES=0 VALID=0 SENT=0 COMMANDS=0 CHECKSUM_ERR=0 LENGTH_ERR=0 PARSE_ERR=0 AGE_MS=-1 POOR_SIGNAL=200 ATTENTION=0 MEDITATION=0
EVENT=PC_BRIDGE_STATUS UPTIME_MS=394281 RAW_BYTES=0 VALID=0 SENT=0 COMMANDS=0 CHECKSUM_ERR=0 LENGTH_ERR=0 PARSE_ERR=0 AGE_MS=-1 POOR_SIGNAL=200 ATTENTION=0 MEDITATION=0
EVENT=PC_BRIDGE_STATUS UPTIME_MS=395281 RAW_BYTES=0 VALID=0 SENT=0 COMMANDS=0 CHECKSUM_ERR=0 LENGTH_ERR=0 PARSE_ERR=0 AGE_MS=-1 POOR_SIGNAL=200 ATTENTION=0 MEDITATION=0
EVENT=PC_BRIDGE_STATUS UPTIME_MS=396281 RAW_BYTES=0 VALID=0 SENT=0 COMMANDS=0 CHECKSUM_ERR=0 LENGTH_ERR=0 PARSE_ERR=0 AGE_MS=-1 POOR_SIGNAL=200 ATTENTION=0 MEDITATION=0
EVENT=PC_BRIDGE_STATUS UPTIME_MS=397281 RAW_BYTES=0 VALID=0 SENT=0 COMMANDS=0 CHECKSUM_ERR=0 LENGTH_ERR=0 PARSE_ERR=0 AGE_MS=-1 POOR_SIGNAL=200 ATTENTION=0 MEDITATION=0
EVENT=PC_BRIDGE_STATUS UPTIME_MS=398281 RAW_BYTES=0 VALID=0 SENT=0 COMMANDS=0 CHECKSUM_ERR=0 LENGTH_ERR=0 PARSE_ERR=0 AGE_MS=-1 POOR_SIGNAL=200 ATTENTION=0 MEDITATION=0
EVENT=PC_BRIDGE_STATUS UPTIME_MS=399281 RAW_BYTES=0 VALID=0 SENT=0 COMMANDS=0 CHECKSUM_ERR=0 LENGTH_ERR=0 PARSE_ERR=0 AGE_MS=-1 POOR_SIGNAL=200 ATTENTION=0 MEDITATION=0
EVENT=PC_BRIDGE_STATUS UPTIME_MS=400281 RAW_BYTES=0 VALID=0 SENT=0 COMMANDS=0 CHECKSUM_ERR=0 LENGTH_ERR=0 PARSE_ERR=0 AGE_MS=-1 POOR_SIGNAL=200 ATTENTION=0 MEDITATION=0
EVENT=PC_BRIDGE_STATUS UPTIME_MS=401281 RAW_BYTES=0 VALID=0 SENT=0 COMMANDS=0 CHECKSUM_ERR=0 LENGTH_ERR=0 PARSE_ERR=0 AGE_MS=-1 POOR_SIGNAL=200 ATTENTION=0 MEDITATION=0
EVENT=PC_BRIDGE_STATUS UPTIME_MS=402281 RAW_BYTES=0 VALID=0 SENT=0 COMMANDS=0 CHECKSUM_ERR=0 LENGTH_ERR=0 PARSE_ERR=0 AGE_MS=-1 POOR_SIGNAL=200 ATTENTION=0 MEDITATION=0
EVENT=PC_BRIDGE_STATUS UPTIME_MS=403281 RAW_BYTES=0 VALID=0 SENT=0 COMMANDS=0 CHECKSUM_ERR=0 LENGTH_ERR=0 PARSE_ERR=0 AGE_MS=-1 POOR_SIGNAL=200 ATTENTION=0 MEDITATION=0
EVENT=PC_BRIDGE_STATUS UPTIME_MS=404281 RAW_BYTES=0 VALID=0 SENT=0 COMMANDS=0 CHECKSUM_ERR=0 LENGTH_ERR=0 PARSE_ERR=0 AGE_MS=-1 POOR_SIGNAL=200 ATTENTION=0 MEDITATION=0
EVENT=PC_BRIDGE_STATUS UPTIME_MS=405281 RAW_BYTES=0 VALID=0 SENT=0 COMMANDS=0 CHECKSUM_ERR=0 LENGTH_ERR=0 PARSE_ERR=0 AGE_MS=-1 POOR_SIGNAL=200 ATTENTION=0 MEDITATION=0
EVENT=PC_BRIDGE_STATUS UPTIME_MS=406281 RAW_BYTES=0 VALID=0 SENT=0 COMMANDS=0 CHECKSUM_ERR=0 LENGTH_ERR=0 PARSE_ERR=0 AGE_MS=-1 POOR_SIGNAL=200 ATTENTION=0 MEDITATION=0
EVENT=PC_BRIDGE_STATUS UPTIME_MS=407281 RAW_BYTES=0 VALID=0 SENT=0 COMMANDS=0 CHECKSUM_ERR=0 LENGTH_ERR=0 PARSE_ERR=0 AGE_MS=-1 POOR_SIGNAL=200 ATTENTION=0 MEDITATION=0
EVENT=PC_BRIDGE_STATUS UPTIME_MS=408281 RAW_BYTES=0 VALID=0 SENT=0 COMMANDS=0 CHECKSUM_ERR=0 LENGTH_ERR=0 PARSE_ERR=0 AGE_MS=-1 POOR_SIGNAL=200 ATTENTION=0 MEDITATION=0
EVENT=PC_BRIDGE_STATUS UPTIME_MS=409281 RAW_BYTES=0 VALID=0 SENT=0 COMMANDS=0 CHECKSUM_ERR=0 LENGTH_ERR=0 PARSE_ERR=0 AGE_MS=-1 POOR_SIGNAL=200 ATTENTION=0 MEDITATION=0
EVENT=PC_BRIDGE_STATUS UPTIME_MS=410281 RAW_BYTES=0 VALID=0 SENT=0 COMMANDS=0 CHECKSUM_ERR=0 LENGTH_ERR=0 PARSE_ERR=0 AGE_MS=-1 POOR_SIGNAL=200 ATTENTION=0 MEDITATION=0
EVENT=PC_BRIDGE_STATUS UPTIME_MS=411281 RAW_BYTES=0 VALID=0 SENT=0 COMMANDS=0 CHECKSUM_ERR=0 LENGTH_ERR=0 PARSE_ERR=0 AGE_MS=-1 POOR_SIGNAL=200 ATTENTION=0 MEDITATION=0
EVENT=PC_BRIDGE_STATUS UPTIME_MS=412281 RAW_BYTES=0 VALID=0 SENT=0 COMMANDS=0 CHECKSUM_ERR=0 LENGTH_ERR=0 PARSE_ERR=0 AGE_MS=-1 POOR_SIGNAL=200 ATTENTION=0 MEDITATION=0
EVENT=PC_BRIDGE_STATUS UPTIME_MS=413281 RAW_BYTES=0 VALID=0 SENT=0 COMMANDS=0 CHECKSUM_ERR=0 LENGTH_ERR=0 PARSE_ERR=0 AGE_MS=-1 POOR_SIGNAL=200 ATTENTION=0 MEDITATION=0
EVENT=PC_BRIDGE_STATUS UPTIME_MS=414281 RAW_BYTES=0 VALID=0 SENT=0 COMMANDS=0 CHECKSUM_ERR=0 LENGTH_ERR=0 PARSE_ERR=0 AGE_MS=-1 POOR_SIGNAL=200 ATTENTION=0 MEDITATION=0
EVENT=PC_BRIDGE_STATUS UPTIME_MS=415281 RAW_BYTES=0 VALID=0 SENT=0 COMMANDS=0 CHECKSUM_ERR=0 LENGTH_ERR=0 PARSE_ERR=0 AGE_MS=-1 POOR_SIGNAL=200 ATTENTION=0 MEDITATION=0
EVENT=PC_BRIDGE_STATUS UPTIME_MS=416281 RAW_BYTES=0 VALID=0 SENT=0 COMMANDS=0 CHECKSUM_ERR=0 LENGTH_ERR=0 PARSE_ERR=0 AGE_MS=-1 POOR_SIGNAL=200 ATTENTION=0 MEDITATION=0
EVENT=PC_BRIDGE_STATUS UPTIME_MS=417281 RAW_BYTES=0 VALID=0 SENT=0 COMMANDS=0 CHECKSUM_ERR=0 LENGTH_ERR=0 PARSE_ERR=0 AGE_MS=-1 POOR_SIGNAL=200 ATTENTION=0 MEDITATION=0
EVENT=PC_BRIDGE_STATUS UPTIME_MS=418281 RAW_BYTES=0 VALID=0 SENT=0 COMMANDS=0 CHECKSUM_ERR=0 LENGTH_ERR=0 PARSE_ERR=0 AGE_MS=-1 POOR_SIGNAL=200 ATTENTION=0 MEDITATION=0
EVENT=PC_BRIDGE_STATUS UPTIME_MS=419281 RAW_BYTES=0 VALID=0 SENT=0 COMMANDS=0 CHECKSUM_ERR=0 LENGTH_ERR=0 PARSE_ERR=0 AGE_MS=-1 POOR_SIGNAL=200 ATTENTION=0 MEDITATION=0
EVENT=PC_BRIDGE_STATUS UPTIME_MS=420281 RAW_BYTES=0 VALID=0 SENT=0 COMMANDS=0 CHECKSUM_ERR=0 LENGTH_ERR=0 PARSE_ERR=0 AGE_MS=-1 POOR_SIGNAL=200 ATTENTION=0 MEDITATION=0
EVENT=PC_BRIDGE_STATUS UPTIME_MS=421281 RAW_BYTES=0 VALID=0 SENT=0 COMMANDS=0 CHECKSUM_ERR=0 LENGTH_ERR=0 PARSE_ERR=0 AGE_MS=-1 POOR_SIGNAL=200 ATTENTION=0 MEDITATION=0
EVENT=PC_BRIDGE_STATUS UPTIME_MS=422281 RAW_BYTES=0 VALID=0 SENT=0 COMMANDS=0 CHECKSUM_ERR=0 LENGTH_ERR=0 PARSE_ERR=0 AGE_MS=-1 POOR_SIGNAL=200 ATTENTION=0 MEDITATION=0
EVENT=PC_BRIDGE_STATUS UPTIME_MS=423281 RAW_BYTES=0 VALID=0 SENT=0 COMMANDS=0 CHECKSUM_ERR=0 LENGTH_ERR=0 PARSE_ERR=0 AGE_MS=-1 POOR_SIGNAL=200 ATTENTION=0 MEDITATION=0
EVENT=PC_BRIDGE_STATUS UPTIME_MS=424281 RAW_BYTES=0 VALID=0 SENT=0 COMMANDS=0 CHECKSUM_ERR=0 LENGTH_ERR=0 PARSE_ERR=0 AGE_MS=-1 POOR_SIGNAL=200 ATTENTION=0 MEDITATION=0
EVENT=PC_BRIDGE_STATUS UPTIME_MS=425281 RAW_BYTES=0 VALID=0 SENT=0 COMMANDS=0 CHECKSUM_ERR=0 LENGTH_ERR=0 PARSE_ERR=0 AGE_MS=-1 POOR_SIGNAL=200 ATTENTION=0 MEDITATION=0
EVENT=PC_BRIDGE_STATUS UPTIME_MS=426281 RAW_BYTES=0 VALID=0 SENT=0 COMMANDS=0 CHECKSUM_ERR=0 LENGTH_ERR=0 PARSE_ERR=0 AGE_MS=-1 POOR_SIGNAL=200 ATTENTION=0 MEDITATION=0
EVENT=PC_BRIDGE_STATUS UPTIME_MS=427281 RAW_BYTES=0 VALID=0 SENT=0 COMMANDS=0 CHECKSUM_ERR=0 LENGTH_ERR=0 PARSE_ERR=0 AGE_MS=-1 POOR_SIGNAL=200 ATTENTION=0 MEDITATION=0
EVENT=PC_BRIDGE_STATUS UPTIME_MS=428281 RAW_BYTES=0 VALID=0 SENT=0 COMMANDS=0 CHECKSUM_ERR=0 LENGTH_ERR=0 PARSE_ERR=0 AGE_MS=-1 POOR_SIGNAL=200 ATTENTION=0 MEDITATION=0
EVENT=PC_BRIDGE_STATUS UPTIME_MS=429281 RAW_BYTES=0 VALID=0 SENT=0 COMMANDS=0 CHECKSUM_ERR=0 LENGTH_ERR=0 PARSE_ERR=0 AGE_MS=-1 POOR_SIGNAL=200 ATTENTION=0 MEDITATION=0
EVENT=PC_BRIDGE_STATUS UPTIME_MS=430281 RAW_BYTES=0 VALID=0 SENT=0 COMMANDS=0 CHECKSUM_ERR=0 LENGTH_ERR=0 PARSE_ERR=0 AGE_MS=-1 POOR_SIGNAL=200 ATTENTION=0 MEDITATION=0
EVENT=PC_BRIDGE_STATUS UPTIME_MS=431281 RAW_BYTES=0 VALID=0 SENT=0 COMMANDS=0 CHECKSUM_ERR=0 LENGTH_ERR=0 PARSE_ERR=0 AGE_MS=-1 POOR_SIGNAL=200 ATTENTION=0 MEDITATION=0
EVENT=PC_BRIDGE_STATUS UPTIME_MS=432281 RAW_BYTES=0 VALID=0 SENT=0 COMMANDS=0 CHECKSUM_ERR=0 LENGTH_ERR=0 PARSE_ERR=0 AGE_MS=-1 POOR_SIGNAL=200 ATTENTION=0 MEDITATION=0
EVENT=PC_BRIDGE_STATUS UPTIME_MS=433281 RAW_BYTES=0 VALID=0 SENT=0 COMMANDS=0 CHECKSUM_ERR=0 LENGTH_ERR=0 PARSE_ERR=0 AGE_MS=-1 POOR_SIGNAL=200 ATTENTION=0 MEDITATION=0
EVENT=PC_BRIDGE_STATUS UPTIME_MS=434281 RAW_BYTES=0 VALID=0 SENT=0 COMMANDS=0 CHECKSUM_ERR=0 LENGTH_ERR=0 PARSE_ERR=0 AGE_MS=-1 POOR_SIGNAL=200 ATTENTION=0 MEDITATION=0
EVENT=PC_BRIDGE_STATUS UPTIME_MS=435281 RAW_BYTES=0 VALID=0 SENT=0 COMMANDS=0 CHECKSUM_ERR=0 LENGTH_ERR=0 PARSE_ERR=0 AGE_MS=-1 POOR_SIGNAL=200 ATTENTION=0 MEDITATION=0
EVENT=PC_BRIDGE_STATUS UPTIME_MS=436281 RAW_BYTES=0 VALID=0 SENT=0 COMMANDS=0 CHECKSUM_ERR=0 LENGTH_ERR=0 PARSE_ERR=0 AGE_MS=-1 POOR_SIGNAL=200 ATTENTION=0 MEDITATION=0
EVENT=PC_BRIDGE_STATUS UPTIME_MS=437281 RAW_BYTES=0 VALID=0 SENT=0 COMMANDS=0 CHECKSUM_ERR=0 LENGTH_ERR=0 PARSE_ERR=0 AGE_MS=-1 POOR_SIGNAL=200 ATTENTION=0 MEDITATION=0
EVENT=PC_BRIDGE_STATUS UPTIME_MS=438281 RAW_BYTES=0 VALID=0 SENT=0 COMMANDS=0 CHECKSUM_ERR=0 LENGTH_ERR=0 PARSE_ERR=0 AGE_MS=-1 POOR_SIGNAL=200 ATTENTION=0 MEDITATION=0
EVENT=PC_BRIDGE_STATUS UPTIME_MS=439281 RAW_BYTES=0 VALID=0 SENT=0 COMMANDS=0 CHECKSUM_ERR=0 LENGTH_ERR=0 PARSE_ERR=0 AGE_MS=-1 POOR_SIGNAL=200 ATTENTION=0 MEDITATION=0
EVENT=PC_BRIDGE_STATUS UPTIME_MS=440281 RAW_BYTES=0 VALID=0 SENT=0 COMMANDS=0 CHECKSUM_ERR=0 LENGTH_ERR=0 PARSE_ERR=0 AGE_MS=-1 POOR_SIGNAL=200 ATTENTION=0 MEDITATION=0
EVENT=PC_BRIDGE_STATUS UPTIME_MS=441281 RAW_BYTES=0 VALID=0 SENT=0 COMMANDS=0 CHECKSUM_ERR=0 LENGTH_ERR=0 PARSE_ERR=0 AGE_MS=-1 POOR_SIGNAL=200 ATTENTION=0 MEDITATION=0
EVENT=PC_BRIDGE_STATUS UPTIME_MS=442281 RAW_BYTES=0 VALID=0 SENT=0 COMMANDS=0 CHECKSUM_ERR=0 LENGTH_ERR=0 PARSE_ERR=0 AGE_MS=-1 POOR_SIGNAL=200 ATTENTION=0 MEDITATION=0
EVENT=PC_BRIDGE_STATUS UPTIME_MS=443281 RAW_BYTES=0 VALID=0 SENT=0 COMMANDS=0 CHECKSUM_ERR=0 LENGTH_ERR=0 PARSE_ERR=0 AGE_MS=-1 POOR_SIGNAL=200 ATTENTION=0 MEDITATION=0
EVENT=PC_BRIDGE_STATUS UPTIME_MS=444281 RAW_BYTES=0 VALID=0 SENT=0 COMMANDS=0 CHECKSUM_ERR=0 LENGTH_ERR=0 PARSE_ERR=0 AGE_MS=-1 POOR_SIGNAL=200 ATTENTION=0 MEDITATION=0
EVENT=PC_BRIDGE_STATUS UPTIME_MS=445281 RAW_BYTES=0 VALID=0 SENT=0 COMMANDS=0 CHECKSUM_ERR=0 LENGTH_ERR=0 PARSE_ERR=0 AGE_MS=-1 POOR_SIGNAL=200 ATTENTION=0 MEDITATION=0
EVENT=PC_BRIDGE_STATUS UPTIME_MS=446281 RAW_BYTES=0 VALID=0 SENT=0 COMMANDS=0 CHECKSUM_ERR=0 LENGTH_ERR=0 PARSE_ERR=0 AGE_MS=-1 POOR_SIGNAL=200 ATTENTION=0 MEDITATION=0
EVENT=PC_BRIDGE_STATUS UPTIME_MS=447281 RAW_BYTES=0 VALID=0 SENT=0 COMMANDS=0 CHECKSUM_ERR=0 LENGTH_ERR=0 PARSE_ERR=0 AGE_MS=-1 POOR_SIGNAL=200 ATTENTION=0 MEDITATION=0
EVENT=PC_BRIDGE_STATUS UPTIME_MS=448281 RAW_BYTES=0 VALID=0 SENT=0 COMMANDS=0 CHECKSUM_ERR=0 LENGTH_ERR=0 PARSE_ERR=0 AGE_MS=-1 POOR_SIGNAL=200 ATTENTION=0 MEDITATION=0
EVENT=PC_BRIDGE_STATUS UPTIME_MS=449281 RAW_BYTES=0 VALID=0 SENT=0 COMMANDS=0 CHECKSUM_ERR=0 LENGTH_ERR=0 PARSE_ERR=0 AGE_MS=-1 POOR_SIGNAL=200 ATTENTION=0 MEDITATION=0
EVENT=PC_BRIDGE_STATUS UPTIME_MS=450281 RAW_BYTES=0 VALID=0 SENT=0 COMMANDS=0 CHECKSUM_ERR=0 LENGTH_ERR=0 PARSE_ERR=0 AGE_MS=-1 POOR_SIGNAL=200 ATTENTION=0 MEDITATION=0
EVENT=PC_BRIDGE_STATUS UPTIME_MS=451281 RAW_BYTES=0 VALID=0 SENT=0 COMMANDS=0 CHECKSUM_ERR=0 LENGTH_ERR=0 PARSE_ERR=0 AGE_MS=-1 POOR_SIGNAL=200 ATTENTION=0 MEDITATION=0
EVENT=PC_BRIDGE_STATUS UPTIME_MS=452281 RAW_BYTES=0 VALID=0 SENT=0 COMMANDS=0 CHECKSUM_ERR=0 LENGTH_ERR=0 PARSE_ERR=0 AGE_MS=-1 POOR_SIGNAL=200 ATTENTION=0 MEDITATION=0
EVENT=PC_BRIDGE_STATUS UPTIME_MS=453281 RAW_BYTES=0 VALID=0 SENT=0 COMMANDS=0 CHECKSUM_ERR=0 LENGTH_ERR=0 PARSE_ERR=0 AGE_MS=-1 POOR_SIGNAL=200 ATTENTION=0 MEDITATION=0
EVENT=PC_BRIDGE_STATUS UPTIME_MS=454281 RAW_BYTES=0 VALID=0 SENT=0 COMMANDS=0 CHECKSUM_ERR=0 LENGTH_ERR=0 PARSE_ERR=0 AGE_MS=-1 POOR_SIGNAL=200 ATTENTION=0 MEDITATION=0
EVENT=PC_BRIDGE_STATUS UPTIME_MS=455281 RAW_BYTES=0 VALID=0 SENT=0 COMMANDS=0 CHECKSUM_ERR=0 LENGTH_ERR=0 PARSE_ERR=0 AGE_MS=-1 POOR_SIGNAL=200 ATTENTION=0 MEDITATION=0
EVENT=PC_BRIDGE_STATUS UPTIME_MS=456281 RAW_BYTES=0 VALID=0 SENT=0 COMMANDS=0 CHECKSUM_ERR=0 LENGTH_ERR=0 PARSE_ERR=0 AGE_MS=-1 POOR_SIGNAL=200 ATTENTION=0 MEDITATION=0
EVENT=PC_BRIDGE_STATUS UPTIME_MS=457281 RAW_BYTES=0 VALID=0 SENT=0 COMMANDS=0 CHECKSUM_ERR=0 LENGTH_ERR=0 PARSE_ERR=0 AGE_MS=-1 POOR_SIGNAL=200 ATTENTION=0 MEDITATION=0
EVENT=PC_BRIDGE_STATUS UPTIME_MS=458281 RAW_BYTES=0 VALID=0 SENT=0 COMMANDS=0 CHECKSUM_ERR=0 LENGTH_ERR=0 PARSE_ERR=0 AGE_MS=-1 POOR_SIGNAL=200 ATTENTION=0 MEDITATION=0
EVENT=PC_BRIDGE_STATUS UPTIME_MS=459281 RAW_BYTES=0 VALID=0 SENT=0 COMMANDS=0 CHECKSUM_ERR=0 LENGTH_ERR=0 PARSE_ERR=0 AGE_MS=-1 POOR_SIGNAL=200 ATTENTION=0 MEDITATION=0
EVENT=PC_BRIDGE_STATUS UPTIME_MS=460281 RAW_BYTES=0 VALID=0 SENT=0 COMMANDS=0 CHECKSUM_ERR=0 LENGTH_ERR=0 PARSE_ERR=0 AGE_MS=-1 POOR_SIGNAL=200 ATTENTION=0 MEDITATION=0
EVENT=PC_BRIDGE_STATUS UPTIME_MS=461281 RAW_BYTES=0 VALID=0 SENT=0 COMMANDS=0 CHECKSUM_ERR=0 LENGTH_ERR=0 PARSE_ERR=0 AGE_MS=-1 POOR_SIGNAL=200 ATTENTION=0 MEDITATION=0
EVENT=PC_BRIDGE_STATUS UPTIME_MS=462281 RAW_BYTES=0 VALID=0 SENT=0 COMMANDS=0 CHECKSUM_ERR=0 LENGTH_ERR=0 PARSE_ERR=0 AGE_MS=-1 POOR_SIGNAL=200 ATTENTION=0 MEDITATION=0
EVENT=PC_BRIDGE_STATUS UPTIME_MS=463281 RAW_BYTES=0 VALID=0 SENT=0 COMMANDS=0 CHECKSUM_ERR=0 LENGTH_ERR=0 PARSE_ERR=0 AGE_MS=-1 POOR_SIGNAL=200 ATTENTION=0 MEDITATION=0
EVENT=PC_BRIDGE_STATUS UPTIME_MS=464281 RAW_BYTES=0 VALID=0 SENT=0 COMMANDS=0 CHECKSUM_ERR=0 LENGTH_ERR=0 PARSE_ERR=0 AGE_MS=-1 POOR_SIGNAL=200 ATTENTION=0 MEDITATION=0
EVENT=PC_BRIDGE_STATUS UPTIME_MS=465281 RAW_BYTES=0 VALID=0 SENT=0 COMMANDS=0 CHECKSUM_ERR=0 LENGTH_ERR=0 PARSE_ERR=0 AGE_MS=-1 POOR_SIGNAL=200 ATTENTION=0 MEDITATION=0
EVENT=PC_BRIDGE_STATUS UPTIME_MS=466281 RAW_BYTES=0 VALID=0 SENT=0 COMMANDS=0 CHECKSUM_ERR=0 LENGTH_ERR=0 PARSE_ERR=0 AGE_MS=-1 POOR_SIGNAL=200 ATTENTION=0 MEDITATION=0
EVENT=PC_BRIDGE_STATUS UPTIME_MS=467281 RAW_BYTES=0 VALID=0 SENT=0 COMMANDS=0 CHECKSUM_ERR=0 LENGTH_ERR=0 PARSE_ERR=0 AGE_MS=-1 POOR_SIGNAL=200 ATTENTION=0 MEDITATION=0
EVENT=PC_BRIDGE_STATUS UPTIME_MS=468281 RAW_BYTES=0 VALID=0 SENT=0 COMMANDS=0 CHECKSUM_ERR=0 LENGTH_ERR=0 PARSE_ERR=0 AGE_MS=-1 POOR_SIGNAL=200 ATTENTION=0 MEDITATION=0
EVENT=PC_BRIDGE_STATUS UPTIME_MS=469281 RAW_BYTES=0 VALID=0 SENT=0 COMMANDS=0 CHECKSUM_ERR=0 LENGTH_ERR=0 PARSE_ERR=0 AGE_MS=-1 POOR_SIGNAL=200 ATTENTION=0 MEDITATION=0
EVENT=PC_BRIDGE_STATUS UPTIME_MS=470281 RAW_BYTES=0 VALID=0 SENT=0 COMMANDS=0 CHECKSUM_ERR=0 LENGTH_ERR=0 PARSE_ERR=0 AGE_MS=-1 POOR_SIGNAL=200 ATTENTION=0 MEDITATION=0
EVENT=PC_BRIDGE_STATUS UPTIME_MS=471281 RAW_BYTES=0 VALID=0 SENT=0 COMMANDS=0 CHECKSUM_ERR=0 LENGTH_ERR=0 PARSE_ERR=0 AGE_MS=-1 POOR_SIGNAL=200 ATTENTION=0 MEDITATION=0
EVENT=PC_BRIDGE_STATUS UPTIME_MS=472281 RAW_BYTES=0 VALID=0 SENT=0 COMMANDS=0 CHECKSUM_ERR=0 LENGTH_ERR=0 PARSE_ERR=0 AGE_MS=-1 POOR_SIGNAL=200 ATTENTION=0 MEDITATION=0
EVENT=PC_BRIDGE_STATUS UPTIME_MS=473281 RAW_BYTES=0 VALID=0 SENT=0 COMMANDS=0 CHECKSUM_ERR=0 LENGTH_ERR=0 PARSE_ERR=0 AGE_MS=-1 POOR_SIGNAL=200 ATTENTION=0 MEDITATION=0
EVENT=PC_BRIDGE_STATUS UPTIME_MS=474281 RAW_BYTES=0 VALID=0 SENT=0 COMMANDS=0 CHECKSUM_ERR=0 LENGTH_ERR=0 PARSE_ERR=0 AGE_MS=-1 POOR_SIGNAL=200 ATTENTION=0 MEDITATION=0
EVENT=PC_BRIDGE_STATUS UPTIME_MS=475281 RAW_BYTES=0 VALID=0 SENT=0 COMMANDS=0 CHECKSUM_ERR=0 LENGTH_ERR=0 PARSE_ERR=0 AGE_MS=-1 POOR_SIGNAL=200 ATTENTION=0 MEDITATION=0
EVENT=PC_BRIDGE_STATUS UPTIME_MS=476281 RAW_BYTES=0 VALID=0 SENT=0 COMMANDS=0 CHECKSUM_ERR=0 LENGTH_ERR=0 PARSE_ERR=0 AGE_MS=-1 POOR_SIGNAL=200 ATTENTION=0 MEDITATION=0
EVENT=PC_BRIDGE_STATUS UPTIME_MS=477281 RAW_BYTES=0 VALID=0 SENT=0 COMMANDS=0 CHECKSUM_ERR=0 LENGTH_ERR=0 PARSE_ERR=0 AGE_MS=-1 POOR_SIGNAL=200 ATTENTION=0 MEDITATION=0
EVENT=PC_BRIDGE_STATUS UPTIME_MS=478281 RAW_BYTES=0 VALID=0 SENT=0 COMMANDS=0 CHECKSUM_ERR=0 LENGTH_ERR=0 PARSE_ERR=0 AGE_MS=-1 POOR_SIGNAL=200 ATTENTION=0 MEDITATION=0
EVENT=PC_BRIDGE_STATUS UPTIME_MS=479281 RAW_BYTES=0 VALID=0 SENT=0 COMMANDS=0 CHECKSUM_ERR=0 LENGTH_ERR=0 PARSE_ERR=0 AGE_MS=-1 POOR_SIGNAL=200 ATTENTION=0 MEDITATION=0
EVENT=PC_BRIDGE_STATUS UPTIME_MS=480281 RAW_BYTES=0 VALID=0 SENT=0 COMMANDS=0 CHECKSUM_ERR=0 LENGTH_ERR=0 PARSE_ERR=0 AGE_MS=-1 POOR_SIGNAL=200 ATTENTION=0 MEDITATION=0
EVENT=PC_BRIDGE_STATUS UPTIME_MS=481281 RAW_BYTES=0 VALID=0 SENT=0 COMMANDS=0 CHECKSUM_ERR=0 LENGTH_ERR=0 PARSE_ERR=0 AGE_MS=-1 POOR_SIGNAL=200 ATTENTION=0 MEDITATION=0
EVENT=PC_BRIDGE_STATUS UPTIME_MS=482281 RAW_BYTES=0 VALID=0 SENT=0 COMMANDS=0 CHECKSUM_ERR=0 LENGTH_ERR=0 PARSE_ERR=0 AGE_MS=-1 POOR_SIGNAL=200 ATTENTION=0 MEDITATION=0
M5: EVENT=CONTROL_TX SEQ=2 ACTION=14 REPEATS=5
EVENT=PC_BRIDGE_STATUS UPTIME_MS=483281 RAW_BYTES=0 VALID=0 SENT=0 COMMANDS=0 CHECKSUM_ERR=0 LENGTH_ERR=0 PARSE_ERR=0 AGE_MS=-1 POOR_SIGNAL=200 ATTENTION=0 MEDITATION=0
EVENT=PC_BRIDGE_STATUS UPTIME_MS=484281 RAW_BYTES=0 VALID=0 SENT=0 COMMANDS=0 CHECKSUM_ERR=0 LENGTH_ERR=0 PARSE_ERR=0 AGE_MS=-1 POOR_SIGNAL=200 ATTENTION=0 MEDITATION=0
