EVENT=DREAM_BOOT ROLE=pcBridge VERSION=0.2.0 SOURCE=COM10@9600 TARGET=COM6@115200 SEND_RATE=20.0 WEB=http://127.0.0.1:8765/EVENT=WEB_READY URL=http://127.0.0.1:8765/

EVENT=TARGET_SERIAL_OPEN PORT=COM6 BAUD=115200
EVENT=SOURCE_SERIAL_OPEN PORT=COM10 BAUD=9600
EVENT=PC_BRIDGE_STATUS UPTIME_MS=1062 RAW_BYTES=0 VALID=0 SENT=0 COMMANDS=0 CHECKSUM_ERR=0 LENGTH_ERR=0 PARSE_ERR=0 AGE_MS=-1 POOR_SIGNAL=200 ATTENTION=0 MEDITATION=0
EVENT=PC_BRIDGE_STATUS UPTIME_MS=2062 RAW_BYTES=0 VALID=0 SENT=0 COMMANDS=0 CHECKSUM_ERR=0 LENGTH_ERR=0 PARSE_ERR=0 AGE_MS=-1 POOR_SIGNAL=200 ATTENTION=0 MEDITATION=0
EVENT=PC_BRIDGE_STATUS UPTIME_MS=3062 RAW_BYTES=0 VALID=0 SENT=0 COMMANDS=0 CHECKSUM_ERR=0 LENGTH_ERR=0 PARSE_ERR=0 AGE_MS=-1 POOR_SIGNAL=200 ATTENTION=0 MEDITATION=0
EVENT=PC_BRIDGE_STATUS UPTIME_MS=4077 RAW_BYTES=0 VALID=0 SENT=0 COMMANDS=0 CHECKSUM_ERR=0 LENGTH_ERR=0 PARSE_ERR=0 AGE_MS=-1 POOR_SIGNAL=200 ATTENTION=0 MEDITATION=0
EVENT=PC_BRIDGE_STATUS UPTIME_MS=5093 RAW_BYTES=0 VALID=0 SENT=0 COMMANDS=0 CHECKSUM_ERR=0 LENGTH_ERR=0 PARSE_ERR=0 AGE_MS=-1 POOR_SIGNAL=200 ATTENTION=0 MEDITATION=0
EVENT=PC_BRIDGE_STATUS UPTIME_MS=6093 RAW_BYTES=0 VALID=0 SENT=0 COMMANDS=0 CHECKSUM_ERR=0 LENGTH_ERR=0 PARSE_ERR=0 AGE_MS=-1 POOR_SIGNAL=200 ATTENTION=0 MEDITATION=0
EVENT=PC_BRIDGE_STATUS UPTIME_MS=7093 RAW_BYTES=0 VALID=0 SENT=0 COMMANDS=0 CHECKSUM_ERR=0 LENGTH_ERR=0 PARSE_ERR=0 AGE_MS=-1 POOR_SIGNAL=200 ATTENTION=0 MEDITATION=0
EVENT=PC_BRIDGE_STATUS UPTIME_MS=8093 RAW_BYTES=0 VALID=0 SENT=0 COMMANDS=0 CHECKSUM_ERR=0 LENGTH_ERR=0 PARSE_ERR=0 AGE_MS=-1 POOR_SIGNAL=200 ATTENTION=0 MEDITATION=0
EVENT=PC_BRIDGE_STATUS UPTIME_MS=9093 RAW_BYTES=0 VALID=0 SENT=0 COMMANDS=0 CHECKSUM_ERR=0 LENGTH_ERR=0 PARSE_ERR=0 AGE_MS=-1 POOR_SIGNAL=200 ATTENTION=0 MEDITATION=0
EVENT=PC_BRIDGE_STATUS UPTIME_MS=10093 RAW_BYTES=0 VALID=0 SENT=0 COMMANDS=0 CHECKSUM_ERR=0 LENGTH_ERR=0 PARSE_ERR=0 AGE_MS=-1 POOR_SIGNAL=200 ATTENTION=0 MEDITATION=0
EVENT=PC_BRIDGE_STATUS UPTIME_MS=11093 RAW_BYTES=0 VALID=0 SENT=0 COMMANDS=0 CHECKSUM_ERR=0 LENGTH_ERR=0 PARSE_ERR=0 AGE_MS=-1 POOR_SIGNAL=200 ATTENTION=0 MEDITATION=0
EVENT=PC_BRIDGE_STATUS UPTIME_MS=12093 RAW_BYTES=0 VALID=0 SENT=0 COMMANDS=0 CHECKSUM_ERR=0 LENGTH_ERR=0 PARSE_ERR=0 AGE_MS=-1 POOR_SIGNAL=200 ATTENTION=0 MEDITATION=0
EVENT=PC_BRIDGE_STATUS UPTIME_MS=13093 RAW_BYTES=0 VALID=0 SENT=0 COMMANDS=0 CHECKSUM_ERR=0 LENGTH_ERR=0 PARSE_ERR=0 AGE_MS=-1 POOR_SIGNAL=200 ATTENTION=0 MEDITATION=0
EVENT=PC_BRIDGE_STATUS UPTIME_MS=14093 RAW_BYTES=0 VALID=0 SENT=0 COMMANDS=0 CHECKSUM_ERR=0 LENGTH_ERR=0 PARSE_ERR=0 AGE_MS=-1 POOR_SIGNAL=200 ATTENTION=0 MEDITATION=0
EVENT=PC_BRIDGE_STATUS UPTIME_MS=15093 RAW_BYTES=0 VALID=0 SENT=0 COMMANDS=0 CHECKSUM_ERR=0 LENGTH_ERR=0 PARSE_ERR=0 AGE_MS=-1 POOR_SIGNAL=200 ATTENTION=0 MEDITATION=0
EVENT=PC_BRIDGE_STATUS UPTIME_MS=16093 RAW_BYTES=0 VALID=0 SENT=0 COMMANDS=0 CHECKSUM_ERR=0 LENGTH_ERR=0 PARSE_ERR=0 AGE_MS=-1 POOR_SIGNAL=200 ATTENTION=0 MEDITATION=0
EVENT=PC_BRIDGE_STATUS UPTIME_MS=17093 RAW_BYTES=0 VALID=0 SENT=0 COMMANDS=0 CHECKSUM_ERR=0 LENGTH_ERR=0 PARSE_ERR=0 AGE_MS=-1 POOR_SIGNAL=200 ATTENTION=0 MEDITATION=0
EVENT=PC_BRIDGE_STATUS UPTIME_MS=18093 RAW_BYTES=0 VALID=0 SENT=0 COMMANDS=0 CHECKSUM_ERR=0 LENGTH_ERR=0 PARSE_ERR=0 AGE_MS=-1 POOR_SIGNAL=200 ATTENTION=0 MEDITATION=0
EVENT=PC_BRIDGE_STATUS UPTIME_MS=19093 RAW_BYTES=0 VALID=0 SENT=0 COMMANDS=0 CHECKSUM_ERR=0 LENGTH_ERR=0 PARSE_ERR=0 AGE_MS=-1 POOR_SIGNAL=200 ATTENTION=0 MEDITATION=0
EVENT=PC_BRIDGE_STATUS UPTIME_MS=20093 RAW_BYTES=0 VALID=0 SENT=0 COMMANDS=0 CHECKSUM_ERR=0 LENGTH_ERR=0 PARSE_ERR=0 AGE_MS=-1 POOR_SIGNAL=200 ATTENTION=0 MEDITATION=0
EVENT=PC_BRIDGE_STATUS UPTIME_MS=21093 RAW_BYTES=0 VALID=0 SENT=0 COMMANDS=0 CHECKSUM_ERR=0 LENGTH_ERR=0 PARSE_ERR=0 AGE_MS=-1 POOR_SIGNAL=200 ATTENTION=0 MEDITATION=0
EVENT=PC_BRIDGE_STATUS UPTIME_MS=22093 RAW_BYTES=0 VALID=0 SENT=0 COMMANDS=0 CHECKSUM_ERR=0 LENGTH_ERR=0 PARSE_ERR=0 AGE_MS=-1 POOR_SIGNAL=200 ATTENTION=0 MEDITATION=0
EVENT=PC_BRIDGE_STATUS UPTIME_MS=23093 RAW_BYTES=0 VALID=0 SENT=0 COMMANDS=0 CHECKSUM_ERR=0 LENGTH_ERR=0 PARSE_ERR=0 AGE_MS=-1 POOR_SIGNAL=200 ATTENTION=0 MEDITATION=0
EVENT=PC_BRIDGE_STATUS UPTIME_MS=24093 RAW_BYTES=0 VALID=0 SENT=0 COMMANDS=0 CHECKSUM_ERR=0 LENGTH_ERR=0 PARSE_ERR=0 AGE_MS=-1 POOR_SIGNAL=200 ATTENTION=0 MEDITATION=0
EVENT=PC_BRIDGE_STATUS UPTIME_MS=25110 RAW_BYTES=0 VALID=0 SENT=0 COMMANDS=0 CHECKSUM_ERR=0 LENGTH_ERR=0 PARSE_ERR=0 AGE_MS=-1 POOR_SIGNAL=200 ATTENTION=0 MEDITATION=0
EVENT=PC_BRIDGE_STATUS UPTIME_MS=26125 RAW_BYTES=0 VALID=0 SENT=0 COMMANDS=0 CHECKSUM_ERR=0 LENGTH_ERR=0 PARSE_ERR=0 AGE_MS=-1 POOR_SIGNAL=200 ATTENTION=0 MEDITATION=0
EVENT=PC_BRIDGE_STATUS UPTIME_MS=27125 RAW_BYTES=0 VALID=0 SENT=0 COMMANDS=0 CHECKSUM_ERR=0 LENGTH_ERR=0 PARSE_ERR=0 AGE_MS=-1 POOR_SIGNAL=200 ATTENTION=0 MEDITATION=0
EVENT=PC_BRIDGE_STATUS UPTIME_MS=28125 RAW_BYTES=0 VALID=0 SENT=0 COMMANDS=0 CHECKSUM_ERR=0 LENGTH_ERR=0 PARSE_ERR=0 AGE_MS=-1 POOR_SIGNAL=200 ATTENTION=0 MEDITATION=0
EVENT=PC_BRIDGE_STATUS UPTIME_MS=29125 RAW_BYTES=0 VALID=0 SENT=0 COMMANDS=0 CHECKSUM_ERR=0 LENGTH_ERR=0 PARSE_ERR=0 AGE_MS=-1 POOR_SIGNAL=200 ATTENTION=0 MEDITATION=0
EVENT=PC_BRIDGE_STATUS UPTIME_MS=30125 RAW_BYTES=0 VALID=0 SENT=0 COMMANDS=0 CHECKSUM_ERR=0 LENGTH_ERR=0 PARSE_ERR=0 AGE_MS=-1 POOR_SIGNAL=200 ATTENTION=0 MEDITATION=0
EVENT=PC_BRIDGE_STATUS UPTIME_MS=31125 RAW_BYTES=0 VALID=0 SENT=0 COMMANDS=0 CHECKSUM_ERR=0 LENGTH_ERR=0 PARSE_ERR=0 AGE_MS=-1 POOR_SIGNAL=200 ATTENTION=0 MEDITATION=0
EVENT=PC_BRIDGE_STATUS UPTIME_MS=32125 RAW_BYTES=0 VALID=0 SENT=0 COMMANDS=0 CHECKSUM_ERR=0 LENGTH_ERR=0 PARSE_ERR=0 AGE_MS=-1 POOR_SIGNAL=200 ATTENTION=0 MEDITATION=0
EVENT=PC_BRIDGE_STATUS UPTIME_MS=33141 RAW_BYTES=0 VALID=0 SENT=0 COMMANDS=0 CHECKSUM_ERR=0 LENGTH_ERR=0 PARSE_ERR=0 AGE_MS=-1 POOR_SIGNAL=200 ATTENTION=0 MEDITATION=0
EVENT=PC_BRIDGE_STATUS UPTIME_MS=34156 RAW_BYTES=0 VALID=0 SENT=0 COMMANDS=0 CHECKSUM_ERR=0 LENGTH_ERR=0 PARSE_ERR=0 AGE_MS=-1 POOR_SIGNAL=200 ATTENTION=0 MEDITATION=0
EVENT=PC_BRIDGE_STATUS UPTIME_MS=35156 RAW_BYTES=0 VALID=0 SENT=0 COMMANDS=0 CHECKSUM_ERR=0 LENGTH_ERR=0 PARSE_ERR=0 AGE_MS=-1 POOR_SIGNAL=200 ATTENTION=0 MEDITATION=0
EVENT=PC_BRIDGE_STATUS UPTIME_MS=36156 RAW_BYTES=0 VALID=0 SENT=0 COMMANDS=0 CHECKSUM_ERR=0 LENGTH_ERR=0 PARSE_ERR=0 AGE_MS=-1 POOR_SIGNAL=200 ATTENTION=0 MEDITATION=0
EVENT=PC_BRIDGE_STATUS UPTIME_MS=37156 RAW_BYTES=0 VALID=0 SENT=0 COMMANDS=0 CHECKSUM_ERR=0 LENGTH_ERR=0 PARSE_ERR=0 AGE_MS=-1 POOR_SIGNAL=200 ATTENTION=0 MEDITATION=0
EVENT=PC_BRIDGE_STATUS UPTIME_MS=38172 RAW_BYTES=0 VALID=0 SENT=0 COMMANDS=0 CHECKSUM_ERR=0 LENGTH_ERR=0 PARSE_ERR=0 AGE_MS=-1 POOR_SIGNAL=200 ATTENTION=0 MEDITATION=0
EVENT=PC_BRIDGE_STATUS UPTIME_MS=39187 RAW_BYTES=0 VALID=0 SENT=0 COMMANDS=0 CHECKSUM_ERR=0 LENGTH_ERR=0 PARSE_ERR=0 AGE_MS=-1 POOR_SIGNAL=200 ATTENTION=0 MEDITATION=0
EVENT=PC_BRIDGE_STATUS UPTIME_MS=40187 RAW_BYTES=0 VALID=0 SENT=0 COMMANDS=0 CHECKSUM_ERR=0 LENGTH_ERR=0 PARSE_ERR=0 AGE_MS=-1 POOR_SIGNAL=200 ATTENTION=0 MEDITATION=0
EVENT=PC_BRIDGE_STATUS UPTIME_MS=41202 RAW_BYTES=0 VALID=0 SENT=0 COMMANDS=0 CHECKSUM_ERR=0 LENGTH_ERR=0 PARSE_ERR=0 AGE_MS=-1 POOR_SIGNAL=200 ATTENTION=0 MEDITATION=0
EVENT=PC_BRIDGE_STATUS UPTIME_MS=42218 RAW_BYTES=0 VALID=0 SENT=0 COMMANDS=0 CHECKSUM_ERR=0 LENGTH_ERR=0 PARSE_ERR=0 AGE_MS=-1 POOR_SIGNAL=200 ATTENTION=0 MEDITATION=0
EVENT=PC_BRIDGE_STATUS UPTIME_MS=43218 RAW_BYTES=0 VALID=0 SENT=0 COMMANDS=0 CHECKSUM_ERR=0 LENGTH_ERR=0 PARSE_ERR=0 AGE_MS=-1 POOR_SIGNAL=200 ATTENTION=0 MEDITATION=0
EVENT=PC_BRIDGE_STATUS UPTIME_MS=44218 RAW_BYTES=0 VALID=0 SENT=0 COMMANDS=0 CHECKSUM_ERR=0 LENGTH_ERR=0 PARSE_ERR=0 AGE_MS=-1 POOR_SIGNAL=200 ATTENTION=0 MEDITATION=0
EVENT=PC_BRIDGE_STATUS UPTIME_MS=45218 RAW_BYTES=0 VALID=0 SENT=0 COMMANDS=0 CHECKSUM_ERR=0 LENGTH_ERR=0 PARSE_ERR=0 AGE_MS=-1 POOR_SIGNAL=200 ATTENTION=0 MEDITATION=0
EVENT=PC_BRIDGE_STATUS UPTIME_MS=46218 RAW_BYTES=0 VALID=0 SENT=0 COMMANDS=0 CHECKSUM_ERR=0 LENGTH_ERR=0 PARSE_ERR=0 AGE_MS=-1 POOR_SIGNAL=200 ATTENTION=0 MEDITATION=0
EVENT=PC_BRIDGE_STATUS UPTIME_MS=47235 RAW_BYTES=0 VALID=0 SENT=0 COMMANDS=0 CHECKSUM_ERR=0 LENGTH_ERR=0 PARSE_ERR=0 AGE_MS=-1 POOR_SIGNAL=200 ATTENTION=0 MEDITATION=0
EVENT=PC_BRIDGE_STATUS UPTIME_MS=48250 RAW_BYTES=0 VALID=0 SENT=0 COMMANDS=0 CHECKSUM_ERR=0 LENGTH_ERR=0 PARSE_ERR=0 AGE_MS=-1 POOR_SIGNAL=200 ATTENTION=0 MEDITATION=0
EVENT=PC_BRIDGE_STATUS UPTIME_MS=49250 RAW_BYTES=0 VALID=0 SENT=0 COMMANDS=0 CHECKSUM_ERR=0 LENGTH_ERR=0 PARSE_ERR=0 AGE_MS=-1 POOR_SIGNAL=200 ATTENTION=0 MEDITATION=0
EVENT=PC_BRIDGE_STATUS UPTIME_MS=50250 RAW_BYTES=0 VALID=0 SENT=0 COMMANDS=0 CHECKSUM_ERR=0 LENGTH_ERR=0 PARSE_ERR=0 AGE_MS=-1 POOR_SIGNAL=200 ATTENTION=0 MEDITATION=0
EVENT=PC_BRIDGE_STATUS UPTIME_MS=51250 RAW_BYTES=0 VALID=0 SENT=0 COMMANDS=0 CHECKSUM_ERR=0 LENGTH_ERR=0 PARSE_ERR=0 AGE_MS=-1 POOR_SIGNAL=200 ATTENTION=0 MEDITATION=0
EVENT=PC_BRIDGE_STATUS UPTIME_MS=52250 RAW_BYTES=0 VALID=0 SENT=0 COMMANDS=0 CHECKSUM_ERR=0 LENGTH_ERR=0 PARSE_ERR=0 AGE_MS=-1 POOR_SIGNAL=200 ATTENTION=0 MEDITATION=0
EVENT=PC_BRIDGE_STATUS UPTIME_MS=53250 RAW_BYTES=0 VALID=0 SENT=0 COMMANDS=0 CHECKSUM_ERR=0 LENGTH_ERR=0 PARSE_ERR=0 AGE_MS=-1 POOR_SIGNAL=200 ATTENTION=0 MEDITATION=0
EVENT=PC_BRIDGE_STATUS UPTIME_MS=54250 RAW_BYTES=0 VALID=0 SENT=0 COMMANDS=0 CHECKSUM_ERR=0 LENGTH_ERR=0 PARSE_ERR=0 AGE_MS=-1 POOR_SIGNAL=200 ATTENTION=0 MEDITATION=0
EVENT=PC_BRIDGE_STATUS UPTIME_MS=55250 RAW_BYTES=0 VALID=0 SENT=0 COMMANDS=0 CHECKSUM_ERR=0 LENGTH_ERR=0 PARSE_ERR=0 AGE_MS=-1 POOR_SIGNAL=200 ATTENTION=0 MEDITATION=0
EVENT=PC_BRIDGE_STATUS UPTIME_MS=56250 RAW_BYTES=0 VALID=0 SENT=0 COMMANDS=0 CHECKSUM_ERR=0 LENGTH_ERR=0 PARSE_ERR=0 AGE_MS=-1 POOR_SIGNAL=200 ATTENTION=0 MEDITATION=0
EVENT=PC_BRIDGE_STATUS UPTIME_MS=57250 RAW_BYTES=0 VALID=0 SENT=0 COMMANDS=0 CHECKSUM_ERR=0 LENGTH_ERR=0 PARSE_ERR=0 AGE_MS=-1 POOR_SIGNAL=200 ATTENTION=0 MEDITATION=0
EVENT=CONTROL_QUEUED FRAME=CMD,0,58077,SYSTEM_ENABLE,0,0,0,0,0,0,0,0
M5: EVENT=CONTROL_TX SEQ=0 ACTION=1 REPEATS=5
EVENT=PC_BRIDGE_STATUS UPTIME_MS=58250 RAW_BYTES=0 VALID=0 SENT=0 COMMANDS=1 CHECKSUM_ERR=0 LENGTH_ERR=0 PARSE_ERR=0 AGE_MS=-1 POOR_SIGNAL=200 ATTENTION=0 MEDITATION=0
EVENT=PC_BRIDGE_STATUS UPTIME_MS=59281 RAW_BYTES=0 VALID=0 SENT=0 COMMANDS=1 CHECKSUM_ERR=0 LENGTH_ERR=0 PARSE_ERR=0 AGE_MS=-1 POOR_SIGNAL=200 ATTENTION=0 MEDITATION=0
EVENT=PC_BRIDGE_STATUS UPTIME_MS=60281 RAW_BYTES=0 VALID=0 SENT=0 COMMANDS=1 CHECKSUM_ERR=0 LENGTH_ERR=0 PARSE_ERR=0 AGE_MS=-1 POOR_SIGNAL=200 ATTENTION=0 MEDITATION=0
EVENT=PC_BRIDGE_STATUS UPTIME_MS=61281 RAW_BYTES=0 VALID=0 SENT=0 COMMANDS=1 CHECKSUM_ERR=0 LENGTH_ERR=0 PARSE_ERR=0 AGE_MS=-1 POOR_SIGNAL=200 ATTENTION=0 MEDITATION=0
EVENT=PC_BRIDGE_STATUS UPTIME_MS=62281 RAW_BYTES=0 VALID=0 SENT=0 COMMANDS=1 CHECKSUM_ERR=0 LENGTH_ERR=0 PARSE_ERR=0 AGE_MS=-1 POOR_SIGNAL=200 ATTENTION=0 MEDITATION=0
EVENT=PC_BRIDGE_STATUS UPTIME_MS=63281 RAW_BYTES=0 VALID=0 SENT=0 COMMANDS=1 CHECKSUM_ERR=0 LENGTH_ERR=0 PARSE_ERR=0 AGE_MS=-1 POOR_SIGNAL=200 ATTENTION=0 MEDITATION=0
EVENT=PC_BRIDGE_STATUS UPTIME_MS=64297 RAW_BYTES=0 VALID=0 SENT=0 COMMANDS=1 CHECKSUM_ERR=0 LENGTH_ERR=0 PARSE_ERR=0 AGE_MS=-1 POOR_SIGNAL=200 ATTENTION=0 MEDITATION=0
EVENT=CONTROL_QUEUED FRAME=CMD,1,64500,FAN_ON,0,0,0,0,0,0,0,0
M5: EVENT=CONTROL_TX SEQ=1 ACTION=12 REPEATS=5
EVENT=PC_BRIDGE_STATUS UPTIME_MS=65297 RAW_BYTES=0 VALID=0 SENT=0 COMMANDS=2 CHECKSUM_ERR=0 LENGTH_ERR=0 PARSE_ERR=0 AGE_MS=-1 POOR_SIGNAL=200 ATTENTION=0 MEDITATION=0
EVENT=PC_BRIDGE_STATUS UPTIME_MS=66297 RAW_BYTES=0 VALID=0 SENT=0 COMMANDS=2 CHECKSUM_ERR=0 LENGTH_ERR=0 PARSE_ERR=0 AGE_MS=-1 POOR_SIGNAL=200 ATTENTION=0 MEDITATION=0
EVENT=PC_BRIDGE_STATUS UPTIME_MS=67297 RAW_BYTES=0 VALID=0 SENT=0 COMMANDS=2 CHECKSUM_ERR=0 LENGTH_ERR=0 PARSE_ERR=0 AGE_MS=-1 POOR_SIGNAL=200 ATTENTION=0 MEDITATION=0
EVENT=PC_BRIDGE_STATUS UPTIME_MS=68312 RAW_BYTES=0 VALID=0 SENT=0 COMMANDS=2 CHECKSUM_ERR=0 LENGTH_ERR=0 PARSE_ERR=0 AGE_MS=-1 POOR_SIGNAL=200 ATTENTION=0 MEDITATION=0
EVENT=PC_BRIDGE_STATUS UPTIME_MS=69312 RAW_BYTES=0 VALID=0 SENT=0 COMMANDS=2 CHECKSUM_ERR=0 LENGTH_ERR=0 PARSE_ERR=0 AGE_MS=-1 POOR_SIGNAL=200 ATTENTION=0 MEDITATION=0
EVENT=PC_BRIDGE_STATUS UPTIME_MS=70327 RAW_BYTES=0 VALID=0 SENT=0 COMMANDS=2 CHECKSUM_ERR=0 LENGTH_ERR=0 PARSE_ERR=0 AGE_MS=-1 POOR_SIGNAL=200 ATTENTION=0 MEDITATION=0
EVENT=PC_BRIDGE_STATUS UPTIME_MS=71343 RAW_BYTES=0 VALID=0 SENT=0 COMMANDS=2 CHECKSUM_ERR=0 LENGTH_ERR=0 PARSE_ERR=0 AGE_MS=-1 POOR_SIGNAL=200 ATTENTION=0 MEDITATION=0
EVENT=PC_BRIDGE_STATUS UPTIME_MS=72360 RAW_BYTES=0 VALID=0 SENT=0 COMMANDS=2 CHECKSUM_ERR=0 LENGTH_ERR=0 PARSE_ERR=0 AGE_MS=-1 POOR_SIGNAL=200 ATTENTION=0 MEDITATION=0
EVENT=PC_BRIDGE_STATUS UPTIME_MS=73375 RAW_BYTES=0 VALID=0 SENT=0 COMMANDS=2 CHECKSUM_ERR=0 LENGTH_ERR=0 PARSE_ERR=0 AGE_MS=-1 POOR_SIGNAL=200 ATTENTION=0 MEDITATION=0
EVENT=PC_BRIDGE_STATUS UPTIME_MS=74375 RAW_BYTES=0 VALID=0 SENT=0 COMMANDS=2 CHECKSUM_ERR=0 LENGTH_ERR=0 PARSE_ERR=0 AGE_MS=-1 POOR_SIGNAL=200 ATTENTION=0 MEDITATION=0
EVENT=CONTROL_QUEUED FRAME=CMD,2,74812,FAN_OFF,0,0,0,0,0,0,0,0
M5: EVENT=CONTROL_TX SEQ=2 ACTION=13 REPEATS=5
EVENT=PC_BRIDGE_STATUS UPTIME_MS=75375 RAW_BYTES=0 VALID=0 SENT=0 COMMANDS=3 CHECKSUM_ERR=0 LENGTH_ERR=0 PARSE_ERR=0 AGE_MS=-1 POOR_SIGNAL=200 ATTENTION=0 MEDITATION=0
EVENT=PC_BRIDGE_STATUS UPTIME_MS=76375 RAW_BYTES=0 VALID=0 SENT=0 COMMANDS=3 CHECKSUM_ERR=0 LENGTH_ERR=0 PARSE_ERR=0 AGE_MS=-1 POOR_SIGNAL=200 ATTENTION=0 MEDITATION=0
EVENT=PC_BRIDGE_STATUS UPTIME_MS=77375 RAW_BYTES=0 VALID=0 SENT=0 COMMANDS=3 CHECKSUM_ERR=0 LENGTH_ERR=0 PARSE_ERR=0 AGE_MS=-1 POOR_SIGNAL=200 ATTENTION=0 MEDITATION=0
EVENT=PC_BRIDGE_STATUS UPTIME_MS=78375 RAW_BYTES=0 VALID=0 SENT=0 COMMANDS=3 CHECKSUM_ERR=0 LENGTH_ERR=0 PARSE_ERR=0 AGE_MS=-1 POOR_SIGNAL=200 ATTENTION=0 MEDITATION=0
EVENT=PC_BRIDGE_STATUS UPTIME_MS=79391 RAW_BYTES=0 VALID=0 SENT=0 COMMANDS=3 CHECKSUM_ERR=0 LENGTH_ERR=0 PARSE_ERR=0 AGE_MS=-1 POOR_SIGNAL=200 ATTENTION=0 MEDITATION=0
EVENT=PC_BRIDGE_STATUS UPTIME_MS=80406 RAW_BYTES=0 VALID=0 SENT=0 COMMANDS=3 CHECKSUM_ERR=0 LENGTH_ERR=0 PARSE_ERR=0 AGE_MS=-1 POOR_SIGNAL=200 ATTENTION=0 MEDITATION=0
EVENT=PC_BRIDGE_STATUS UPTIME_MS=81406 RAW_BYTES=0 VALID=0 SENT=0 COMMANDS=3 CHECKSUM_ERR=0 LENGTH_ERR=0 PARSE_ERR=0 AGE_MS=-1 POOR_SIGNAL=200 ATTENTION=0 MEDITATION=0
EVENT=PC_BRIDGE_STATUS UPTIME_MS=82406 RAW_BYTES=0 VALID=0 SENT=0 COMMANDS=3 CHECKSUM_ERR=0 LENGTH_ERR=0 PARSE_ERR=0 AGE_MS=-1 POOR_SIGNAL=200 ATTENTION=0 MEDITATION=0
EVENT=PC_BRIDGE_STATUS UPTIME_MS=83406 RAW_BYTES=0 VALID=0 SENT=0 COMMANDS=3 CHECKSUM_ERR=0 LENGTH_ERR=0 PARSE_ERR=0 AGE_MS=-1 POOR_SIGNAL=200 ATTENTION=0 MEDITATION=0
EVENT=PC_BRIDGE_STATUS UPTIME_MS=84422 RAW_BYTES=0 VALID=0 SENT=0 COMMANDS=3 CHECKSUM_ERR=0 LENGTH_ERR=0 PARSE_ERR=0 AGE_MS=-1 POOR_SIGNAL=200 ATTENTION=0 MEDITATION=0
EVENT=PC_BRIDGE_STATUS UPTIME_MS=85437 RAW_BYTES=0 VALID=0 SENT=0 COMMANDS=3 CHECKSUM_ERR=0 LENGTH_ERR=0 PARSE_ERR=0 AGE_MS=-1 POOR_SIGNAL=200 ATTENTION=0 MEDITATION=0
EVENT=PC_BRIDGE_STATUS UPTIME_MS=86437 RAW_BYTES=0 VALID=0 SENT=0 COMMANDS=3 CHECKSUM_ERR=0 LENGTH_ERR=0 PARSE_ERR=0 AGE_MS=-1 POOR_SIGNAL=200 ATTENTION=0 MEDITATION=0
EVENT=PC_BRIDGE_STATUS UPTIME_MS=87437 RAW_BYTES=0 VALID=0 SENT=0 COMMANDS=3 CHECKSUM_ERR=0 LENGTH_ERR=0 PARSE_ERR=0 AGE_MS=-1 POOR_SIGNAL=200 ATTENTION=0 MEDITATION=0
EVENT=PC_BRIDGE_STATUS UPTIME_MS=88437 RAW_BYTES=0 VALID=0 SENT=0 COMMANDS=3 CHECKSUM_ERR=0 LENGTH_ERR=0 PARSE_ERR=0 AGE_MS=-1 POOR_SIGNAL=200 ATTENTION=0 MEDITATION=0
EVENT=PC_BRIDGE_STATUS UPTIME_MS=89437 RAW_BYTES=0 VALID=0 SENT=0 COMMANDS=3 CHECKSUM_ERR=0 LENGTH_ERR=0 PARSE_ERR=0 AGE_MS=-1 POOR_SIGNAL=200 ATTENTION=0 MEDITATION=0
EVENT=PC_BRIDGE_STATUS UPTIME_MS=90437 RAW_BYTES=0 VALID=0 SENT=0 COMMANDS=3 CHECKSUM_ERR=0 LENGTH_ERR=0 PARSE_ERR=0 AGE_MS=-1 POOR_SIGNAL=200 ATTENTION=0 MEDITATION=0
EVENT=PC_BRIDGE_STATUS UPTIME_MS=91452 RAW_BYTES=0 VALID=0 SENT=0 COMMANDS=3 CHECKSUM_ERR=0 LENGTH_ERR=0 PARSE_ERR=0 AGE_MS=-1 POOR_SIGNAL=200 ATTENTION=0 MEDITATION=0
EVENT=CONTROL_QUEUED FRAME=CMD,3,92031,BUBBLE_CONFIG,1600,1000,4000,1600,500,1000,4000,0
EVENT=CONTROL_QUEUED FRAME=CMD,4,92047,BUBBLE_TRIGGER,0,0,0,0,0,0,0,0
M5: EVENT=CONTROL_TX SEQ=3 ACTION=15 REPEATS=5
M5: EVENT=CONTROL_TX SEQ=4 ACTION=14 REPEATS=5
EVENT=PC_BRIDGE_STATUS UPTIME_MS=92452 RAW_BYTES=0 VALID=0 SENT=0 COMMANDS=5 CHECKSUM_ERR=0 LENGTH_ERR=0 PARSE_ERR=0 AGE_MS=-1 POOR_SIGNAL=200 ATTENTION=0 MEDITATION=0
EVENT=PC_BRIDGE_STATUS UPTIME_MS=93452 RAW_BYTES=0 VALID=0 SENT=0 COMMANDS=5 CHECKSUM_ERR=0 LENGTH_ERR=0 PARSE_ERR=0 AGE_MS=-1 POOR_SIGNAL=200 ATTENTION=0 MEDITATION=0
EVENT=PC_BRIDGE_STATUS UPTIME_MS=94468 RAW_BYTES=0 VALID=0 SENT=0 COMMANDS=5 CHECKSUM_ERR=0 LENGTH_ERR=0 PARSE_ERR=0 AGE_MS=-1 POOR_SIGNAL=200 ATTENTION=0 MEDITATION=0
EVENT=PC_BRIDGE_STATUS UPTIME_MS=95485 RAW_BYTES=0 VALID=0 SENT=0 COMMANDS=5 CHECKSUM_ERR=0 LENGTH_ERR=0 PARSE_ERR=0 AGE_MS=-1 POOR_SIGNAL=200 ATTENTION=0 MEDITATION=0
EVENT=PC_BRIDGE_STATUS UPTIME_MS=96485 RAW_BYTES=0 VALID=0 SENT=0 COMMANDS=5 CHECKSUM_ERR=0 LENGTH_ERR=0 PARSE_ERR=0 AGE_MS=-1 POOR_SIGNAL=200 ATTENTION=0 MEDITATION=0
EVENT=PC_BRIDGE_STATUS UPTIME_MS=97500 RAW_BYTES=0 VALID=0 SENT=0 COMMANDS=5 CHECKSUM_ERR=0 LENGTH_ERR=0 PARSE_ERR=0 AGE_MS=-1 POOR_SIGNAL=200 ATTENTION=0 MEDITATION=0
EVENT=PC_BRIDGE_STATUS UPTIME_MS=98516 RAW_BYTES=0 VALID=0 SENT=0 COMMANDS=5 CHECKSUM_ERR=0 LENGTH_ERR=0 PARSE_ERR=0 AGE_MS=-1 POOR_SIGNAL=200 ATTENTION=0 MEDITATION=0
EVENT=PC_BRIDGE_STATUS UPTIME_MS=99531 RAW_BYTES=0 VALID=0 SENT=0 COMMANDS=5 CHECKSUM_ERR=0 LENGTH_ERR=0 PARSE_ERR=0 AGE_MS=-1 POOR_SIGNAL=200 ATTENTION=0 MEDITATION=0
EVENT=PC_BRIDGE_STATUS UPTIME_MS=100531 RAW_BYTES=0 VALID=0 SENT=0 COMMANDS=5 CHECKSUM_ERR=0 LENGTH_ERR=0 PARSE_ERR=0 AGE_MS=-1 POOR_SIGNAL=200 ATTENTION=0 MEDITATION=0
EVENT=PC_BRIDGE_STATUS UPTIME_MS=101531 RAW_BYTES=0 VALID=0 SENT=0 COMMANDS=5 CHECKSUM_ERR=0 LENGTH_ERR=0 PARSE_ERR=0 AGE_MS=-1 POOR_SIGNAL=200 ATTENTION=0 MEDITATION=0
EVENT=PC_BRIDGE_STATUS UPTIME_MS=102531 RAW_BYTES=0 VALID=0 SENT=0 COMMANDS=5 CHECKSUM_ERR=0 LENGTH_ERR=0 PARSE_ERR=0 AGE_MS=-1 POOR_SIGNAL=200 ATTENTION=0 MEDITATION=0
EVENT=PC_BRIDGE_STATUS UPTIME_MS=103547 RAW_BYTES=0 VALID=0 SENT=0 COMMANDS=5 CHECKSUM_ERR=0 LENGTH_ERR=0 PARSE_ERR=0 AGE_MS=-1 POOR_SIGNAL=200 ATTENTION=0 MEDITATION=0
EVENT=PC_BRIDGE_STATUS UPTIME_MS=104562 RAW_BYTES=0 VALID=0 SENT=0 COMMANDS=5 CHECKSUM_ERR=0 LENGTH_ERR=0 PARSE_ERR=0 AGE_MS=-1 POOR_SIGNAL=200 ATTENTION=0 MEDITATION=0
EVENT=PC_BRIDGE_STATUS UPTIME_MS=105577 RAW_BYTES=0 VALID=0 SENT=0 COMMANDS=5 CHECKSUM_ERR=0 LENGTH_ERR=0 PARSE_ERR=0 AGE_MS=-1 POOR_SIGNAL=200 ATTENTION=0 MEDITATION=0
EVENT=PC_BRIDGE_STATUS UPTIME_MS=106593 RAW_BYTES=0 VALID=0 SENT=0 COMMANDS=5 CHECKSUM_ERR=0 LENGTH_ERR=0 PARSE_ERR=0 AGE_MS=-1 POOR_SIGNAL=200 ATTENTION=0 MEDITATION=0
EVENT=PC_BRIDGE_STATUS UPTIME_MS=107593 RAW_BYTES=0 VALID=0 SENT=0 COMMANDS=5 CHECKSUM_ERR=0 LENGTH_ERR=0 PARSE_ERR=0 AGE_MS=-1 POOR_SIGNAL=200 ATTENTION=0 MEDITATION=0
EVENT=PC_BRIDGE_STATUS UPTIME_MS=108593 RAW_BYTES=0 VALID=0 SENT=0 COMMANDS=5 CHECKSUM_ERR=0 LENGTH_ERR=0 PARSE_ERR=0 AGE_MS=-1 POOR_SIGNAL=200 ATTENTION=0 MEDITATION=0
EVENT=PC_BRIDGE_STATUS UPTIME_MS=109593 RAW_BYTES=0 VALID=0 SENT=0 COMMANDS=5 CHECKSUM_ERR=0 LENGTH_ERR=0 PARSE_ERR=0 AGE_MS=-1 POOR_SIGNAL=200 ATTENTION=0 MEDITATION=0
EVENT=PC_BRIDGE_STATUS UPTIME_MS=110610 RAW_BYTES=0 VALID=0 SENT=0 COMMANDS=5 CHECKSUM_ERR=0 LENGTH_ERR=0 PARSE_ERR=0 AGE_MS=-1 POOR_SIGNAL=200 ATTENTION=0 MEDITATION=0
EVENT=PC_BRIDGE_STATUS UPTIME_MS=111625 RAW_BYTES=0 VALID=0 SENT=0 COMMANDS=5 CHECKSUM_ERR=0 LENGTH_ERR=0 PARSE_ERR=0 AGE_MS=-1 POOR_SIGNAL=200 ATTENTION=0 MEDITATION=0
EVENT=PC_BRIDGE_STATUS UPTIME_MS=112641 RAW_BYTES=0 VALID=0 SENT=0 COMMANDS=5 CHECKSUM_ERR=0 LENGTH_ERR=0 PARSE_ERR=0 AGE_MS=-1 POOR_SIGNAL=200 ATTENTION=0 MEDITATION=0
EVENT=PC_BRIDGE_STATUS UPTIME_MS=113641 RAW_BYTES=0 VALID=0 SENT=0 COMMANDS=5 CHECKSUM_ERR=0 LENGTH_ERR=0 PARSE_ERR=0 AGE_MS=-1 POOR_SIGNAL=200 ATTENTION=0 MEDITATION=0
EVENT=PC_BRIDGE_STATUS UPTIME_MS=114656 RAW_BYTES=0 VALID=0 SENT=0 COMMANDS=5 CHECKSUM_ERR=0 LENGTH_ERR=0 PARSE_ERR=0 AGE_MS=-1 POOR_SIGNAL=200 ATTENTION=0 MEDITATION=0
EVENT=PC_BRIDGE_STATUS UPTIME_MS=115656 RAW_BYTES=0 VALID=0 SENT=0 COMMANDS=5 CHECKSUM_ERR=0 LENGTH_ERR=0 PARSE_ERR=0 AGE_MS=-1 POOR_SIGNAL=200 ATTENTION=0 MEDITATION=0
EVENT=PC_BRIDGE_STATUS UPTIME_MS=116672 RAW_BYTES=0 VALID=0 SENT=0 COMMANDS=5 CHECKSUM_ERR=0 LENGTH_ERR=0 PARSE_ERR=0 AGE_MS=-1 POOR_SIGNAL=200 ATTENTION=0 MEDITATION=0
EVENT=PC_BRIDGE_STATUS UPTIME_MS=117687 RAW_BYTES=0 VALID=0 SENT=0 COMMANDS=5 CHECKSUM_ERR=0 LENGTH_ERR=0 PARSE_ERR=0 AGE_MS=-1 POOR_SIGNAL=200 ATTENTION=0 MEDITATION=0
EVENT=PC_BRIDGE_STATUS UPTIME_MS=118702 RAW_BYTES=0 VALID=0 SENT=0 COMMANDS=5 CHECKSUM_ERR=0 LENGTH_ERR=0 PARSE_ERR=0 AGE_MS=-1 POOR_SIGNAL=200 ATTENTION=0 MEDITATION=0
EVENT=PC_BRIDGE_STATUS UPTIME_MS=119702 RAW_BYTES=0 VALID=0 SENT=0 COMMANDS=5 CHECKSUM_ERR=0 LENGTH_ERR=0 PARSE_ERR=0 AGE_MS=-1 POOR_SIGNAL=200 ATTENTION=0 MEDITATION=0
EVENT=PC_BRIDGE_STATUS UPTIME_MS=120702 RAW_BYTES=0 VALID=0 SENT=0 COMMANDS=5 CHECKSUM_ERR=0 LENGTH_ERR=0 PARSE_ERR=0 AGE_MS=-1 POOR_SIGNAL=200 ATTENTION=0 MEDITATION=0
EVENT=PC_BRIDGE_STATUS UPTIME_MS=121702 RAW_BYTES=0 VALID=0 SENT=0 COMMANDS=5 CHECKSUM_ERR=0 LENGTH_ERR=0 PARSE_ERR=0 AGE_MS=-1 POOR_SIGNAL=200 ATTENTION=0 MEDITATION=0
EVENT=PC_BRIDGE_STATUS UPTIME_MS=122718 RAW_BYTES=0 VALID=0 SENT=0 COMMANDS=5 CHECKSUM_ERR=0 LENGTH_ERR=0 PARSE_ERR=0 AGE_MS=-1 POOR_SIGNAL=200 ATTENTION=0 MEDITATION=0
EVENT=PC_BRIDGE_STATUS UPTIME_MS=123735 RAW_BYTES=0 VALID=0 SENT=0 COMMANDS=5 CHECKSUM_ERR=0 LENGTH_ERR=0 PARSE_ERR=0 AGE_MS=-1 POOR_SIGNAL=200 ATTENTION=0 MEDITATION=0
EVENT=PC_BRIDGE_STATUS UPTIME_MS=124750 RAW_BYTES=0 VALID=0 SENT=0 COMMANDS=5 CHECKSUM_ERR=0 LENGTH_ERR=0 PARSE_ERR=0 AGE_MS=-1 POOR_SIGNAL=200 ATTENTION=0 MEDITATION=0
EVENT=PC_BRIDGE_STATUS UPTIME_MS=125766 RAW_BYTES=0 VALID=0 SENT=0 COMMANDS=5 CHECKSUM_ERR=0 LENGTH_ERR=0 PARSE_ERR=0 AGE_MS=-1 POOR_SIGNAL=200 ATTENTION=0 MEDITATION=0
EVENT=PC_BRIDGE_STATUS UPTIME_MS=126766 RAW_BYTES=0 VALID=0 SENT=0 COMMANDS=5 CHECKSUM_ERR=0 LENGTH_ERR=0 PARSE_ERR=0 AGE_MS=-1 POOR_SIGNAL=200 ATTENTION=0 MEDITATION=0
EVENT=PC_BRIDGE_STATUS UPTIME_MS=127766 RAW_BYTES=0 VALID=0 SENT=0 COMMANDS=5 CHECKSUM_ERR=0 LENGTH_ERR=0 PARSE_ERR=0 AGE_MS=-1 POOR_SIGNAL=200 ATTENTION=0 MEDITATION=0
EVENT=PC_BRIDGE_STATUS UPTIME_MS=128766 RAW_BYTES=0 VALID=0 SENT=0 COMMANDS=5 CHECKSUM_ERR=0 LENGTH_ERR=0 PARSE_ERR=0 AGE_MS=-1 POOR_SIGNAL=200 ATTENTION=0 MEDITATION=0
EVENT=PC_BRIDGE_STATUS UPTIME_MS=129781 RAW_BYTES=0 VALID=0 SENT=0 COMMANDS=5 CHECKSUM_ERR=0 LENGTH_ERR=0 PARSE_ERR=0 AGE_MS=-1 POOR_SIGNAL=200 ATTENTION=0 MEDITATION=0
EVENT=PC_BRIDGE_STATUS UPTIME_MS=130797 RAW_BYTES=0 VALID=0 SENT=0 COMMANDS=5 CHECKSUM_ERR=0 LENGTH_ERR=0 PARSE_ERR=0 AGE_MS=-1 POOR_SIGNAL=200 ATTENTION=0 MEDITATION=0
EVENT=PC_BRIDGE_STATUS UPTIME_MS=131797 RAW_BYTES=0 VALID=0 SENT=0 COMMANDS=5 CHECKSUM_ERR=0 LENGTH_ERR=0 PARSE_ERR=0 AGE_MS=-1 POOR_SIGNAL=200 ATTENTION=0 MEDITATION=0
EVENT=PC_BRIDGE_STATUS UPTIME_MS=132797 RAW_BYTES=0 VALID=0 SENT=0 COMMANDS=5 CHECKSUM_ERR=0 LENGTH_ERR=0 PARSE_ERR=0 AGE_MS=-1 POOR_SIGNAL=200 ATTENTION=0 MEDITATION=0
EVENT=PC_BRIDGE_STATUS UPTIME_MS=133797 RAW_BYTES=0 VALID=0 SENT=0 COMMANDS=5 CHECKSUM_ERR=0 LENGTH_ERR=0 PARSE_ERR=0 AGE_MS=-1 POOR_SIGNAL=200 ATTENTION=0 MEDITATION=0
EVENT=PC_BRIDGE_STATUS UPTIME_MS=134812 RAW_BYTES=0 VALID=0 SENT=0 COMMANDS=5 CHECKSUM_ERR=0 LENGTH_ERR=0 PARSE_ERR=0 AGE_MS=-1 POOR_SIGNAL=200 ATTENTION=0 MEDITATION=0
EVENT=PC_BRIDGE_STATUS UPTIME_MS=135812 RAW_BYTES=0 VALID=0 SENT=0 COMMANDS=5 CHECKSUM_ERR=0 LENGTH_ERR=0 PARSE_ERR=0 AGE_MS=-1 POOR_SIGNAL=200 ATTENTION=0 MEDITATION=0
EVENT=PC_BRIDGE_STATUS UPTIME_MS=136827 RAW_BYTES=0 VALID=0 SENT=0 COMMANDS=5 CHECKSUM_ERR=0 LENGTH_ERR=0 PARSE_ERR=0 AGE_MS=-1 POOR_SIGNAL=200 ATTENTION=0 MEDITATION=0
EVENT=PC_BRIDGE_STATUS UPTIME_MS=137843 RAW_BYTES=0 VALID=0 SENT=0 COMMANDS=5 CHECKSUM_ERR=0 LENGTH_ERR=0 PARSE_ERR=0 AGE_MS=-1 POOR_SIGNAL=200 ATTENTION=0 MEDITATION=0
EVENT=PC_BRIDGE_STATUS UPTIME_MS=138843 RAW_BYTES=0 VALID=0 SENT=0 COMMANDS=5 CHECKSUM_ERR=0 LENGTH_ERR=0 PARSE_ERR=0 AGE_MS=-1 POOR_SIGNAL=200 ATTENTION=0 MEDITATION=0
EVENT=PC_BRIDGE_STATUS UPTIME_MS=139843 RAW_BYTES=0 VALID=0 SENT=0 COMMANDS=5 CHECKSUM_ERR=0 LENGTH_ERR=0 PARSE_ERR=0 AGE_MS=-1 POOR_SIGNAL=200 ATTENTION=0 MEDITATION=0
EVENT=PC_BRIDGE_STATUS UPTIME_MS=140860 RAW_BYTES=0 VALID=0 SENT=0 COMMANDS=5 CHECKSUM_ERR=0 LENGTH_ERR=0 PARSE_ERR=0 AGE_MS=-1 POOR_SIGNAL=200 ATTENTION=0 MEDITATION=0
EVENT=PC_BRIDGE_STATUS UPTIME_MS=141860 RAW_BYTES=0 VALID=0 SENT=0 COMMANDS=5 CHECKSUM_ERR=0 LENGTH_ERR=0 PARSE_ERR=0 AGE_MS=-1 POOR_SIGNAL=200 ATTENTION=0 MEDITATION=0
EVENT=PC_BRIDGE_STATUS UPTIME_MS=142875 RAW_BYTES=0 VALID=0 SENT=0 COMMANDS=5 CHECKSUM_ERR=0 LENGTH_ERR=0 PARSE_ERR=0 AGE_MS=-1 POOR_SIGNAL=200 ATTENTION=0 MEDITATION=0
EVENT=PC_BRIDGE_STATUS UPTIME_MS=143875 RAW_BYTES=0 VALID=0 SENT=0 COMMANDS=5 CHECKSUM_ERR=0 LENGTH_ERR=0 PARSE_ERR=0 AGE_MS=-1 POOR_SIGNAL=200 ATTENTION=0 MEDITATION=0
EVENT=PC_BRIDGE_STATUS UPTIME_MS=144875 RAW_BYTES=0 VALID=0 SENT=0 COMMANDS=5 CHECKSUM_ERR=0 LENGTH_ERR=0 PARSE_ERR=0 AGE_MS=-1 POOR_SIGNAL=200 ATTENTION=0 MEDITATION=0
EVENT=PC_BRIDGE_STATUS UPTIME_MS=145875 RAW_BYTES=0 VALID=0 SENT=0 COMMANDS=5 CHECKSUM_ERR=0 LENGTH_ERR=0 PARSE_ERR=0 AGE_MS=-1 POOR_SIGNAL=200 ATTENTION=0 MEDITATION=0
EVENT=PC_BRIDGE_STATUS UPTIME_MS=146875 RAW_BYTES=0 VALID=0 SENT=0 COMMANDS=5 CHECKSUM_ERR=0 LENGTH_ERR=0 PARSE_ERR=0 AGE_MS=-1 POOR_SIGNAL=200 ATTENTION=0 MEDITATION=0
EVENT=PC_BRIDGE_STATUS UPTIME_MS=147891 RAW_BYTES=0 VALID=0 SENT=0 COMMANDS=5 CHECKSUM_ERR=0 LENGTH_ERR=0 PARSE_ERR=0 AGE_MS=-1 POOR_SIGNAL=200 ATTENTION=0 MEDITATION=0
EVENT=PC_BRIDGE_STATUS UPTIME_MS=148891 RAW_BYTES=0 VALID=0 SENT=0 COMMANDS=5 CHECKSUM_ERR=0 LENGTH_ERR=0 PARSE_ERR=0 AGE_MS=-1 POOR_SIGNAL=200 ATTENTION=0 MEDITATION=0
EVENT=PC_BRIDGE_STATUS UPTIME_MS=149891 RAW_BYTES=0 VALID=0 SENT=0 COMMANDS=5 CHECKSUM_ERR=0 LENGTH_ERR=0 PARSE_ERR=0 AGE_MS=-1 POOR_SIGNAL=200 ATTENTION=0 MEDITATION=0
EVENT=PC_BRIDGE_STATUS UPTIME_MS=150906 RAW_BYTES=0 VALID=0 SENT=0 COMMANDS=5 CHECKSUM_ERR=0 LENGTH_ERR=0 PARSE_ERR=0 AGE_MS=-1 POOR_SIGNAL=200 ATTENTION=0 MEDITATION=0
EVENT=PC_BRIDGE_STATUS UPTIME_MS=151906 RAW_BYTES=0 VALID=0 SENT=0 COMMANDS=5 CHECKSUM_ERR=0 LENGTH_ERR=0 PARSE_ERR=0 AGE_MS=-1 POOR_SIGNAL=200 ATTENTION=0 MEDITATION=0
EVENT=PC_BRIDGE_STATUS UPTIME_MS=152922 RAW_BYTES=0 VALID=0 SENT=0 COMMANDS=5 CHECKSUM_ERR=0 LENGTH_ERR=0 PARSE_ERR=0 AGE_MS=-1 POOR_SIGNAL=200 ATTENTION=0 MEDITATION=0
EVENT=PC_BRIDGE_STATUS UPTIME_MS=153937 RAW_BYTES=0 VALID=0 SENT=0 COMMANDS=5 CHECKSUM_ERR=0 LENGTH_ERR=0 PARSE_ERR=0 AGE_MS=-1 POOR_SIGNAL=200 ATTENTION=0 MEDITATION=0
EVENT=PC_BRIDGE_STATUS UPTIME_MS=155016 RAW_BYTES=0 VALID=0 SENT=0 COMMANDS=5 CHECKSUM_ERR=0 LENGTH_ERR=0 PARSE_ERR=0 AGE_MS=-1 POOR_SIGNAL=200 ATTENTION=0 MEDITATION=0
EVENT=PC_BRIDGE_STATUS UPTIME_MS=156016 RAW_BYTES=0 VALID=0 SENT=0 COMMANDS=5 CHECKSUM_ERR=0 LENGTH_ERR=0 PARSE_ERR=0 AGE_MS=-1 POOR_SIGNAL=200 ATTENTION=0 MEDITATION=0
EVENT=PC_BRIDGE_STATUS UPTIME_MS=157016 RAW_BYTES=0 VALID=0 SENT=0 COMMANDS=5 CHECKSUM_ERR=0 LENGTH_ERR=0 PARSE_ERR=0 AGE_MS=-1 POOR_SIGNAL=200 ATTENTION=0 MEDITATION=0
EVENT=PC_BRIDGE_STATUS UPTIME_MS=158016 RAW_BYTES=0 VALID=0 SENT=0 COMMANDS=5 CHECKSUM_ERR=0 LENGTH_ERR=0 PARSE_ERR=0 AGE_MS=-1 POOR_SIGNAL=200 ATTENTION=0 MEDITATION=0
EVENT=PC_BRIDGE_STATUS UPTIME_MS=159016 RAW_BYTES=0 VALID=0 SENT=0 COMMANDS=5 CHECKSUM_ERR=0 LENGTH_ERR=0 PARSE_ERR=0 AGE_MS=-1 POOR_SIGNAL=200 ATTENTION=0 MEDITATION=0
EVENT=PC_BRIDGE_STATUS UPTIME_MS=160016 RAW_BYTES=0 VALID=0 SENT=0 COMMANDS=5 CHECKSUM_ERR=0 LENGTH_ERR=0 PARSE_ERR=0 AGE_MS=-1 POOR_SIGNAL=200 ATTENTION=0 MEDITATION=0
EVENT=PC_BRIDGE_STATUS UPTIME_MS=161016 RAW_BYTES=0 VALID=0 SENT=0 COMMANDS=5 CHECKSUM_ERR=0 LENGTH_ERR=0 PARSE_ERR=0 AGE_MS=-1 POOR_SIGNAL=200 ATTENTION=0 MEDITATION=0
EVENT=PC_BRIDGE_STATUS UPTIME_MS=162016 RAW_BYTES=0 VALID=0 SENT=0 COMMANDS=5 CHECKSUM_ERR=0 LENGTH_ERR=0 PARSE_ERR=0 AGE_MS=-1 POOR_SIGNAL=200 ATTENTION=0 MEDITATION=0
EVENT=PC_BRIDGE_STATUS UPTIME_MS=163016 RAW_BYTES=0 VALID=0 SENT=0 COMMANDS=5 CHECKSUM_ERR=0 LENGTH_ERR=0 PARSE_ERR=0 AGE_MS=-1 POOR_SIGNAL=200 ATTENTION=0 MEDITATION=0
EVENT=PC_BRIDGE_STATUS UPTIME_MS=164016 RAW_BYTES=0 VALID=0 SENT=0 COMMANDS=5 CHECKSUM_ERR=0 LENGTH_ERR=0 PARSE_ERR=0 AGE_MS=-1 POOR_SIGNAL=200 ATTENTION=0 MEDITATION=0
EVENT=PC_BRIDGE_STATUS UPTIME_MS=165016 RAW_BYTES=0 VALID=0 SENT=0 COMMANDS=5 CHECKSUM_ERR=0 LENGTH_ERR=0 PARSE_ERR=0 AGE_MS=-1 POOR_SIGNAL=200 ATTENTION=0 MEDITATION=0
EVENT=PC_BRIDGE_STATUS UPTIME_MS=166016 RAW_BYTES=0 VALID=0 SENT=0 COMMANDS=5 CHECKSUM_ERR=0 LENGTH_ERR=0 PARSE_ERR=0 AGE_MS=-1 POOR_SIGNAL=200 ATTENTION=0 MEDITATION=0
EVENT=PC_BRIDGE_STATUS UPTIME_MS=167016 RAW_BYTES=0 VALID=0 SENT=0 COMMANDS=5 CHECKSUM_ERR=0 LENGTH_ERR=0 PARSE_ERR=0 AGE_MS=-1 POOR_SIGNAL=200 ATTENTION=0 MEDITATION=0
EVENT=PC_BRIDGE_STATUS UPTIME_MS=168016 RAW_BYTES=0 VALID=0 SENT=0 COMMANDS=5 CHECKSUM_ERR=0 LENGTH_ERR=0 PARSE_ERR=0 AGE_MS=-1 POOR_SIGNAL=200 ATTENTION=0 MEDITATION=0
EVENT=PC_BRIDGE_STATUS UPTIME_MS=169031 RAW_BYTES=0 VALID=0 SENT=0 COMMANDS=5 CHECKSUM_ERR=0 LENGTH_ERR=0 PARSE_ERR=0 AGE_MS=-1 POOR_SIGNAL=200 ATTENTION=0 MEDITATION=0
EVENT=PC_BRIDGE_STATUS UPTIME_MS=170031 RAW_BYTES=0 VALID=0 SENT=0 COMMANDS=5 CHECKSUM_ERR=0 LENGTH_ERR=0 PARSE_ERR=0 AGE_MS=-1 POOR_SIGNAL=200 ATTENTION=0 MEDITATION=0
EVENT=PC_BRIDGE_STATUS UPTIME_MS=171047 RAW_BYTES=0 VALID=0 SENT=0 COMMANDS=5 CHECKSUM_ERR=0 LENGTH_ERR=0 PARSE_ERR=0 AGE_MS=-1 POOR_SIGNAL=200 ATTENTION=0 MEDITATION=0
EVENT=PC_BRIDGE_STATUS UPTIME_MS=172047 RAW_BYTES=0 VALID=0 SENT=0 COMMANDS=5 CHECKSUM_ERR=0 LENGTH_ERR=0 PARSE_ERR=0 AGE_MS=-1 POOR_SIGNAL=200 ATTENTION=0 MEDITATION=0
EVENT=PC_BRIDGE_STATUS UPTIME_MS=173062 RAW_BYTES=0 VALID=0 SENT=0 COMMANDS=5 CHECKSUM_ERR=0 LENGTH_ERR=0 PARSE_ERR=0 AGE_MS=-1 POOR_SIGNAL=200 ATTENTION=0 MEDITATION=0
EVENT=PC_BRIDGE_STATUS UPTIME_MS=174062 RAW_BYTES=0 VALID=0 SENT=0 COMMANDS=5 CHECKSUM_ERR=0 LENGTH_ERR=0 PARSE_ERR=0 AGE_MS=-1 POOR_SIGNAL=200 ATTENTION=0 MEDITATION=0
EVENT=PC_BRIDGE_STATUS UPTIME_MS=175062 RAW_BYTES=0 VALID=0 SENT=0 COMMANDS=5 CHECKSUM_ERR=0 LENGTH_ERR=0 PARSE_ERR=0 AGE_MS=-1 POOR_SIGNAL=200 ATTENTION=0 MEDITATION=0
EVENT=PC_BRIDGE_STATUS UPTIME_MS=176062 RAW_BYTES=0 VALID=0 SENT=0 COMMANDS=5 CHECKSUM_ERR=0 LENGTH_ERR=0 PARSE_ERR=0 AGE_MS=-1 POOR_SIGNAL=200 ATTENTION=0 MEDITATION=0
EVENT=PC_BRIDGE_STATUS UPTIME_MS=177062 RAW_BYTES=0 VALID=0 SENT=0 COMMANDS=5 CHECKSUM_ERR=0 LENGTH_ERR=0 PARSE_ERR=0 AGE_MS=-1 POOR_SIGNAL=200 ATTENTION=0 MEDITATION=0
EVENT=PC_BRIDGE_STATUS UPTIME_MS=178062 RAW_BYTES=0 VALID=0 SENT=0 COMMANDS=5 CHECKSUM_ERR=0 LENGTH_ERR=0 PARSE_ERR=0 AGE_MS=-1 POOR_SIGNAL=200 ATTENTION=0 MEDITATION=0
EVENT=PC_BRIDGE_STATUS UPTIME_MS=179062 RAW_BYTES=0 VALID=0 SENT=0 COMMANDS=5 CHECKSUM_ERR=0 LENGTH_ERR=0 PARSE_ERR=0 AGE_MS=-1 POOR_SIGNAL=200 ATTENTION=0 MEDITATION=0
EVENT=PC_BRIDGE_STATUS UPTIME_MS=180062 RAW_BYTES=0 VALID=0 SENT=0 COMMANDS=5 CHECKSUM_ERR=0 LENGTH_ERR=0 PARSE_ERR=0 AGE_MS=-1 POOR_SIGNAL=200 ATTENTION=0 MEDITATION=0
EVENT=PC_BRIDGE_STATUS UPTIME_MS=181062 RAW_BYTES=0 VALID=0 SENT=0 COMMANDS=5 CHECKSUM_ERR=0 LENGTH_ERR=0 PARSE_ERR=0 AGE_MS=-1 POOR_SIGNAL=200 ATTENTION=0 MEDITATION=0
EVENT=PC_BRIDGE_STATUS UPTIME_MS=182062 RAW_BYTES=0 VALID=0 SENT=0 COMMANDS=5 CHECKSUM_ERR=0 LENGTH_ERR=0 PARSE_ERR=0 AGE_MS=-1 POOR_SIGNAL=200 ATTENTION=0 MEDITATION=0
EVENT=PC_BRIDGE_STATUS UPTIME_MS=183062 RAW_BYTES=0 VALID=0 SENT=0 COMMANDS=5 CHECKSUM_ERR=0 LENGTH_ERR=0 PARSE_ERR=0 AGE_MS=-1 POOR_SIGNAL=200 ATTENTION=0 MEDITATION=0
EVENT=PC_BRIDGE_STATUS UPTIME_MS=184062 RAW_BYTES=0 VALID=0 SENT=0 COMMANDS=5 CHECKSUM_ERR=0 LENGTH_ERR=0 PARSE_ERR=0 AGE_MS=-1 POOR_SIGNAL=200 ATTENTION=0 MEDITATION=0
EVENT=PC_BRIDGE_STATUS UPTIME_MS=185062 RAW_BYTES=0 VALID=0 SENT=0 COMMANDS=5 CHECKSUM_ERR=0 LENGTH_ERR=0 PARSE_ERR=0 AGE_MS=-1 POOR_SIGNAL=200 ATTENTION=0 MEDITATION=0
EVENT=PC_BRIDGE_STATUS UPTIME_MS=186062 RAW_BYTES=0 VALID=0 SENT=0 COMMANDS=5 CHECKSUM_ERR=0 LENGTH_ERR=0 PARSE_ERR=0 AGE_MS=-1 POOR_SIGNAL=200 ATTENTION=0 MEDITATION=0
EVENT=PC_BRIDGE_STATUS UPTIME_MS=187062 RAW_BYTES=0 VALID=0 SENT=0 COMMANDS=5 CHECKSUM_ERR=0 LENGTH_ERR=0 PARSE_ERR=0 AGE_MS=-1 POOR_SIGNAL=200 ATTENTION=0 MEDITATION=0
EVENT=PC_BRIDGE_STATUS UPTIME_MS=188062 RAW_BYTES=0 VALID=0 SENT=0 COMMANDS=5 CHECKSUM_ERR=0 LENGTH_ERR=0 PARSE_ERR=0 AGE_MS=-1 POOR_SIGNAL=200 ATTENTION=0 MEDITATION=0
EVENT=PC_BRIDGE_STATUS UPTIME_MS=189062 RAW_BYTES=0 VALID=0 SENT=0 COMMANDS=5 CHECKSUM_ERR=0 LENGTH_ERR=0 PARSE_ERR=0 AGE_MS=-1 POOR_SIGNAL=200 ATTENTION=0 MEDITATION=0
EVENT=PC_BRIDGE_STATUS UPTIME_MS=190062 RAW_BYTES=0 VALID=0 SENT=0 COMMANDS=5 CHECKSUM_ERR=0 LENGTH_ERR=0 PARSE_ERR=0 AGE_MS=-1 POOR_SIGNAL=200 ATTENTION=0 MEDITATION=0
EVENT=PC_BRIDGE_STATUS UPTIME_MS=191077 RAW_BYTES=0 VALID=0 SENT=0 COMMANDS=5 CHECKSUM_ERR=0 LENGTH_ERR=0 PARSE_ERR=0 AGE_MS=-1 POOR_SIGNAL=200 ATTENTION=0 MEDITATION=0
EVENT=PC_BRIDGE_STATUS UPTIME_MS=192077 RAW_BYTES=0 VALID=0 SENT=0 COMMANDS=5 CHECKSUM_ERR=0 LENGTH_ERR=0 PARSE_ERR=0 AGE_MS=-1 POOR_SIGNAL=200 ATTENTION=0 MEDITATION=0
EVENT=PC_BRIDGE_STATUS UPTIME_MS=193093 RAW_BYTES=0 VALID=0 SENT=0 COMMANDS=5 CHECKSUM_ERR=0 LENGTH_ERR=0 PARSE_ERR=0 AGE_MS=-1 POOR_SIGNAL=200 ATTENTION=0 MEDITATION=0
EVENT=PC_BRIDGE_STATUS UPTIME_MS=194110 RAW_BYTES=0 VALID=0 SENT=0 COMMANDS=5 CHECKSUM_ERR=0 LENGTH_ERR=0 PARSE_ERR=0 AGE_MS=-1 POOR_SIGNAL=200 ATTENTION=0 MEDITATION=0
EVENT=PC_BRIDGE_STATUS UPTIME_MS=195125 RAW_BYTES=0 VALID=0 SENT=0 COMMANDS=5 CHECKSUM_ERR=0 LENGTH_ERR=0 PARSE_ERR=0 AGE_MS=-1 POOR_SIGNAL=200 ATTENTION=0 MEDITATION=0
EVENT=PC_BRIDGE_STATUS UPTIME_MS=196125 RAW_BYTES=0 VALID=0 SENT=0 COMMANDS=5 CHECKSUM_ERR=0 LENGTH_ERR=0 PARSE_ERR=0 AGE_MS=-1 POOR_SIGNAL=200 ATTENTION=0 MEDITATION=0
EVENT=PC_BRIDGE_STATUS UPTIME_MS=197141 RAW_BYTES=0 VALID=0 SENT=0 COMMANDS=5 CHECKSUM_ERR=0 LENGTH_ERR=0 PARSE_ERR=0 AGE_MS=-1 POOR_SIGNAL=200 ATTENTION=0 MEDITATION=0
EVENT=PC_BRIDGE_STATUS UPTIME_MS=198141 RAW_BYTES=0 VALID=0 SENT=0 COMMANDS=5 CHECKSUM_ERR=0 LENGTH_ERR=0 PARSE_ERR=0 AGE_MS=-1 POOR_SIGNAL=200 ATTENTION=0 MEDITATION=0
EVENT=PC_BRIDGE_STATUS UPTIME_MS=199141 RAW_BYTES=0 VALID=0 SENT=0 COMMANDS=5 CHECKSUM_ERR=0 LENGTH_ERR=0 PARSE_ERR=0 AGE_MS=-1 POOR_SIGNAL=200 ATTENTION=0 MEDITATION=0
EVENT=PC_BRIDGE_STATUS UPTIME_MS=200156 RAW_BYTES=0 VALID=0 SENT=0 COMMANDS=5 CHECKSUM_ERR=0 LENGTH_ERR=0 PARSE_ERR=0 AGE_MS=-1 POOR_SIGNAL=200 ATTENTION=0 MEDITATION=0
EVENT=PC_BRIDGE_STATUS UPTIME_MS=201156 RAW_BYTES=0 VALID=0 SENT=0 COMMANDS=5 CHECKSUM_ERR=0 LENGTH_ERR=0 PARSE_ERR=0 AGE_MS=-1 POOR_SIGNAL=200 ATTENTION=0 MEDITATION=0
EVENT=PC_BRIDGE_STATUS UPTIME_MS=202156 RAW_BYTES=0 VALID=0 SENT=0 COMMANDS=5 CHECKSUM_ERR=0 LENGTH_ERR=0 PARSE_ERR=0 AGE_MS=-1 POOR_SIGNAL=200 ATTENTION=0 MEDITATION=0
EVENT=PC_BRIDGE_STATUS UPTIME_MS=203156 RAW_BYTES=0 VALID=0 SENT=0 COMMANDS=5 CHECKSUM_ERR=0 LENGTH_ERR=0 PARSE_ERR=0 AGE_MS=-1 POOR_SIGNAL=200 ATTENTION=0 MEDITATION=0
EVENT=PC_BRIDGE_STATUS UPTIME_MS=204156 RAW_BYTES=0 VALID=0 SENT=0 COMMANDS=5 CHECKSUM_ERR=0 LENGTH_ERR=0 PARSE_ERR=0 AGE_MS=-1 POOR_SIGNAL=200 ATTENTION=0 MEDITATION=0
EVENT=PC_BRIDGE_STATUS UPTIME_MS=205156 RAW_BYTES=0 VALID=0 SENT=0 COMMANDS=5 CHECKSUM_ERR=0 LENGTH_ERR=0 PARSE_ERR=0 AGE_MS=-1 POOR_SIGNAL=200 ATTENTION=0 MEDITATION=0
EVENT=PC_BRIDGE_STATUS UPTIME_MS=206156 RAW_BYTES=0 VALID=0 SENT=0 COMMANDS=5 CHECKSUM_ERR=0 LENGTH_ERR=0 PARSE_ERR=0 AGE_MS=-1 POOR_SIGNAL=200 ATTENTION=0 MEDITATION=0
EVENT=PC_BRIDGE_STATUS UPTIME_MS=207156 RAW_BYTES=0 VALID=0 SENT=0 COMMANDS=5 CHECKSUM_ERR=0 LENGTH_ERR=0 PARSE_ERR=0 AGE_MS=-1 POOR_SIGNAL=200 ATTENTION=0 MEDITATION=0
EVENT=PC_BRIDGE_STATUS UPTIME_MS=208156 RAW_BYTES=0 VALID=0 SENT=0 COMMANDS=5 CHECKSUM_ERR=0 LENGTH_ERR=0 PARSE_ERR=0 AGE_MS=-1 POOR_SIGNAL=200 ATTENTION=0 MEDITATION=0
EVENT=PC_BRIDGE_STATUS UPTIME_MS=209156 RAW_BYTES=0 VALID=0 SENT=0 COMMANDS=5 CHECKSUM_ERR=0 LENGTH_ERR=0 PARSE_ERR=0 AGE_MS=-1 POOR_SIGNAL=200 ATTENTION=0 MEDITATION=0
EVENT=PC_BRIDGE_STATUS UPTIME_MS=210172 RAW_BYTES=0 VALID=0 SENT=0 COMMANDS=5 CHECKSUM_ERR=0 LENGTH_ERR=0 PARSE_ERR=0 AGE_MS=-1 POOR_SIGNAL=200 ATTENTION=0 MEDITATION=0
EVENT=PC_BRIDGE_STATUS UPTIME_MS=211172 RAW_BYTES=0 VALID=0 SENT=0 COMMANDS=5 CHECKSUM_ERR=0 LENGTH_ERR=0 PARSE_ERR=0 AGE_MS=-1 POOR_SIGNAL=200 ATTENTION=0 MEDITATION=0
EVENT=PC_BRIDGE_STATUS UPTIME_MS=212172 RAW_BYTES=0 VALID=0 SENT=0 COMMANDS=5 CHECKSUM_ERR=0 LENGTH_ERR=0 PARSE_ERR=0 AGE_MS=-1 POOR_SIGNAL=200 ATTENTION=0 MEDITATION=0
EVENT=PC_BRIDGE_STATUS UPTIME_MS=213172 RAW_BYTES=0 VALID=0 SENT=0 COMMANDS=5 CHECKSUM_ERR=0 LENGTH_ERR=0 PARSE_ERR=0 AGE_MS=-1 POOR_SIGNAL=200 ATTENTION=0 MEDITATION=0
EVENT=PC_BRIDGE_STATUS UPTIME_MS=214172 RAW_BYTES=0 VALID=0 SENT=0 COMMANDS=5 CHECKSUM_ERR=0 LENGTH_ERR=0 PARSE_ERR=0 AGE_MS=-1 POOR_SIGNAL=200 ATTENTION=0 MEDITATION=0
EVENT=PC_BRIDGE_STATUS UPTIME_MS=215172 RAW_BYTES=0 VALID=0 SENT=0 COMMANDS=5 CHECKSUM_ERR=0 LENGTH_ERR=0 PARSE_ERR=0 AGE_MS=-1 POOR_SIGNAL=200 ATTENTION=0 MEDITATION=0
EVENT=PC_BRIDGE_STATUS UPTIME_MS=216187 RAW_BYTES=0 VALID=0 SENT=0 COMMANDS=5 CHECKSUM_ERR=0 LENGTH_ERR=0 PARSE_ERR=0 AGE_MS=-1 POOR_SIGNAL=200 ATTENTION=0 MEDITATION=0
EVENT=PC_BRIDGE_STATUS UPTIME_MS=217202 RAW_BYTES=0 VALID=0 SENT=0 COMMANDS=5 CHECKSUM_ERR=0 LENGTH_ERR=0 PARSE_ERR=0 AGE_MS=-1 POOR_SIGNAL=200 ATTENTION=0 MEDITATION=0
EVENT=PC_BRIDGE_STATUS UPTIME_MS=218218 RAW_BYTES=0 VALID=0 SENT=0 COMMANDS=5 CHECKSUM_ERR=0 LENGTH_ERR=0 PARSE_ERR=0 AGE_MS=-1 POOR_SIGNAL=200 ATTENTION=0 MEDITATION=0
EVENT=PC_BRIDGE_STATUS UPTIME_MS=219218 RAW_BYTES=0 VALID=0 SENT=0 COMMANDS=5 CHECKSUM_ERR=0 LENGTH_ERR=0 PARSE_ERR=0 AGE_MS=-1 POOR_SIGNAL=200 ATTENTION=0 MEDITATION=0
EVENT=PC_BRIDGE_STATUS UPTIME_MS=220218 RAW_BYTES=0 VALID=0 SENT=0 COMMANDS=5 CHECKSUM_ERR=0 LENGTH_ERR=0 PARSE_ERR=0 AGE_MS=-1 POOR_SIGNAL=200 ATTENTION=0 MEDITATION=0
EVENT=PC_BRIDGE_STATUS UPTIME_MS=221218 RAW_BYTES=0 VALID=0 SENT=0 COMMANDS=5 CHECKSUM_ERR=0 LENGTH_ERR=0 PARSE_ERR=0 AGE_MS=-1 POOR_SIGNAL=200 ATTENTION=0 MEDITATION=0
EVENT=PC_BRIDGE_STATUS UPTIME_MS=222218 RAW_BYTES=0 VALID=0 SENT=0 COMMANDS=5 CHECKSUM_ERR=0 LENGTH_ERR=0 PARSE_ERR=0 AGE_MS=-1 POOR_SIGNAL=200 ATTENTION=0 MEDITATION=0
EVENT=PC_BRIDGE_STATUS UPTIME_MS=223235 RAW_BYTES=0 VALID=0 SENT=0 COMMANDS=5 CHECKSUM_ERR=0 LENGTH_ERR=0 PARSE_ERR=0 AGE_MS=-1 POOR_SIGNAL=200 ATTENTION=0 MEDITATION=0
EVENT=PC_BRIDGE_STATUS UPTIME_MS=224250 RAW_BYTES=0 VALID=0 SENT=0 COMMANDS=5 CHECKSUM_ERR=0 LENGTH_ERR=0 PARSE_ERR=0 AGE_MS=-1 POOR_SIGNAL=200 ATTENTION=0 MEDITATION=0
EVENT=PC_BRIDGE_STATUS UPTIME_MS=225266 RAW_BYTES=0 VALID=0 SENT=0 COMMANDS=5 CHECKSUM_ERR=0 LENGTH_ERR=0 PARSE_ERR=0 AGE_MS=-1 POOR_SIGNAL=200 ATTENTION=0 MEDITATION=0
EVENT=PC_BRIDGE_STATUS UPTIME_MS=226266 RAW_BYTES=0 VALID=0 SENT=0 COMMANDS=5 CHECKSUM_ERR=0 LENGTH_ERR=0 PARSE_ERR=0 AGE_MS=-1 POOR_SIGNAL=200 ATTENTION=0 MEDITATION=0
EVENT=PC_BRIDGE_STATUS UPTIME_MS=227266 RAW_BYTES=0 VALID=0 SENT=0 COMMANDS=5 CHECKSUM_ERR=0 LENGTH_ERR=0 PARSE_ERR=0 AGE_MS=-1 POOR_SIGNAL=200 ATTENTION=0 MEDITATION=0
EVENT=PC_BRIDGE_STATUS UPTIME_MS=228266 RAW_BYTES=0 VALID=0 SENT=0 COMMANDS=5 CHECKSUM_ERR=0 LENGTH_ERR=0 PARSE_ERR=0 AGE_MS=-1 POOR_SIGNAL=200 ATTENTION=0 MEDITATION=0
EVENT=PC_BRIDGE_STATUS UPTIME_MS=229281 RAW_BYTES=0 VALID=0 SENT=0 COMMANDS=5 CHECKSUM_ERR=0 LENGTH_ERR=0 PARSE_ERR=0 AGE_MS=-1 POOR_SIGNAL=200 ATTENTION=0 MEDITATION=0
EVENT=PC_BRIDGE_STATUS UPTIME_MS=230297 RAW_BYTES=0 VALID=0 SENT=0 COMMANDS=5 CHECKSUM_ERR=0 LENGTH_ERR=0 PARSE_ERR=0 AGE_MS=-1 POOR_SIGNAL=200 ATTENTION=0 MEDITATION=0
EVENT=PC_BRIDGE_STATUS UPTIME_MS=231297 RAW_BYTES=0 VALID=0 SENT=0 COMMANDS=5 CHECKSUM_ERR=0 LENGTH_ERR=0 PARSE_ERR=0 AGE_MS=-1 POOR_SIGNAL=200 ATTENTION=0 MEDITATION=0
EVENT=PC_BRIDGE_STATUS UPTIME_MS=232297 RAW_BYTES=0 VALID=0 SENT=0 COMMANDS=5 CHECKSUM_ERR=0 LENGTH_ERR=0 PARSE_ERR=0 AGE_MS=-1 POOR_SIGNAL=200 ATTENTION=0 MEDITATION=0
EVENT=PC_BRIDGE_STATUS UPTIME_MS=233297 RAW_BYTES=0 VALID=0 SENT=0 COMMANDS=5 CHECKSUM_ERR=0 LENGTH_ERR=0 PARSE_ERR=0 AGE_MS=-1 POOR_SIGNAL=200 ATTENTION=0 MEDITATION=0
EVENT=PC_BRIDGE_STATUS UPTIME_MS=234312 RAW_BYTES=0 VALID=0 SENT=0 COMMANDS=5 CHECKSUM_ERR=0 LENGTH_ERR=0 PARSE_ERR=0 AGE_MS=-1 POOR_SIGNAL=200 ATTENTION=0 MEDITATION=0
EVENT=PC_BRIDGE_STATUS UPTIME_MS=235312 RAW_BYTES=0 VALID=0 SENT=0 COMMANDS=5 CHECKSUM_ERR=0 LENGTH_ERR=0 PARSE_ERR=0 AGE_MS=-1 POOR_SIGNAL=200 ATTENTION=0 MEDITATION=0
EVENT=PC_BRIDGE_STATUS UPTIME_MS=236312 RAW_BYTES=0 VALID=0 SENT=0 COMMANDS=5 CHECKSUM_ERR=0 LENGTH_ERR=0 PARSE_ERR=0 AGE_MS=-1 POOR_SIGNAL=200 ATTENTION=0 MEDITATION=0
EVENT=PC_BRIDGE_STATUS UPTIME_MS=237327 RAW_BYTES=0 VALID=0 SENT=0 COMMANDS=5 CHECKSUM_ERR=0 LENGTH_ERR=0 PARSE_ERR=0 AGE_MS=-1 POOR_SIGNAL=200 ATTENTION=0 MEDITATION=0
EVENT=PC_BRIDGE_STATUS UPTIME_MS=238327 RAW_BYTES=0 VALID=0 SENT=0 COMMANDS=5 CHECKSUM_ERR=0 LENGTH_ERR=0 PARSE_ERR=0 AGE_MS=-1 POOR_SIGNAL=200 ATTENTION=0 MEDITATION=0
EVENT=PC_BRIDGE_STATUS UPTIME_MS=239343 RAW_BYTES=0 VALID=0 SENT=0 COMMANDS=5 CHECKSUM_ERR=0 LENGTH_ERR=0 PARSE_ERR=0 AGE_MS=-1 POOR_SIGNAL=200 ATTENTION=0 MEDITATION=0
EVENT=PC_BRIDGE_STATUS UPTIME_MS=240343 RAW_BYTES=0 VALID=0 SENT=0 COMMANDS=5 CHECKSUM_ERR=0 LENGTH_ERR=0 PARSE_ERR=0 AGE_MS=-1 POOR_SIGNAL=200 ATTENTION=0 MEDITATION=0
EVENT=PC_BRIDGE_STATUS UPTIME_MS=241343 RAW_BYTES=0 VALID=0 SENT=0 COMMANDS=5 CHECKSUM_ERR=0 LENGTH_ERR=0 PARSE_ERR=0 AGE_MS=-1 POOR_SIGNAL=200 ATTENTION=0 MEDITATION=0
EVENT=PC_BRIDGE_STATUS UPTIME_MS=242343 RAW_BYTES=0 VALID=0 SENT=0 COMMANDS=5 CHECKSUM_ERR=0 LENGTH_ERR=0 PARSE_ERR=0 AGE_MS=-1 POOR_SIGNAL=200 ATTENTION=0 MEDITATION=0
EVENT=PC_BRIDGE_STATUS UPTIME_MS=243343 RAW_BYTES=0 VALID=0 SENT=0 COMMANDS=5 CHECKSUM_ERR=0 LENGTH_ERR=0 PARSE_ERR=0 AGE_MS=-1 POOR_SIGNAL=200 ATTENTION=0 MEDITATION=0
EVENT=PC_BRIDGE_STATUS UPTIME_MS=244343 RAW_BYTES=0 VALID=0 SENT=0 COMMANDS=5 CHECKSUM_ERR=0 LENGTH_ERR=0 PARSE_ERR=0 AGE_MS=-1 POOR_SIGNAL=200 ATTENTION=0 MEDITATION=0
EVENT=PC_BRIDGE_STATUS UPTIME_MS=245343 RAW_BYTES=0 VALID=0 SENT=0 COMMANDS=5 CHECKSUM_ERR=0 LENGTH_ERR=0 PARSE_ERR=0 AGE_MS=-1 POOR_SIGNAL=200 ATTENTION=0 MEDITATION=0
EVENT=PC_BRIDGE_STATUS UPTIME_MS=246343 RAW_BYTES=0 VALID=0 SENT=0 COMMANDS=5 CHECKSUM_ERR=0 LENGTH_ERR=0 PARSE_ERR=0 AGE_MS=-1 POOR_SIGNAL=200 ATTENTION=0 MEDITATION=0
EVENT=PC_BRIDGE_STATUS UPTIME_MS=247343 RAW_BYTES=0 VALID=0 SENT=0 COMMANDS=5 CHECKSUM_ERR=0 LENGTH_ERR=0 PARSE_ERR=0 AGE_MS=-1 POOR_SIGNAL=200 ATTENTION=0 MEDITATION=0
EVENT=PC_BRIDGE_STATUS UPTIME_MS=248360 RAW_BYTES=0 VALID=0 SENT=0 COMMANDS=5 CHECKSUM_ERR=0 LENGTH_ERR=0 PARSE_ERR=0 AGE_MS=-1 POOR_SIGNAL=200 ATTENTION=0 MEDITATION=0
EVENT=PC_BRIDGE_STATUS UPTIME_MS=249360 RAW_BYTES=0 VALID=0 SENT=0 COMMANDS=5 CHECKSUM_ERR=0 LENGTH_ERR=0 PARSE_ERR=0 AGE_MS=-1 POOR_SIGNAL=200 ATTENTION=0 MEDITATION=0
EVENT=PC_BRIDGE_STATUS UPTIME_MS=250360 RAW_BYTES=0 VALID=0 SENT=0 COMMANDS=5 CHECKSUM_ERR=0 LENGTH_ERR=0 PARSE_ERR=0 AGE_MS=-1 POOR_SIGNAL=200 ATTENTION=0 MEDITATION=0
EVENT=PC_BRIDGE_STATUS UPTIME_MS=251375 RAW_BYTES=0 VALID=0 SENT=0 COMMANDS=5 CHECKSUM_ERR=0 LENGTH_ERR=0 PARSE_ERR=0 AGE_MS=-1 POOR_SIGNAL=200 ATTENTION=0 MEDITATION=0
EVENT=PC_BRIDGE_STATUS UPTIME_MS=252375 RAW_BYTES=0 VALID=0 SENT=0 COMMANDS=5 CHECKSUM_ERR=0 LENGTH_ERR=0 PARSE_ERR=0 AGE_MS=-1 POOR_SIGNAL=200 ATTENTION=0 MEDITATION=0
EVENT=PC_BRIDGE_STATUS UPTIME_MS=253375 RAW_BYTES=0 VALID=0 SENT=0 COMMANDS=5 CHECKSUM_ERR=0 LENGTH_ERR=0 PARSE_ERR=0 AGE_MS=-1 POOR_SIGNAL=200 ATTENTION=0 MEDITATION=0
EVENT=PC_BRIDGE_STATUS UPTIME_MS=254375 RAW_BYTES=0 VALID=0 SENT=0 COMMANDS=5 CHECKSUM_ERR=0 LENGTH_ERR=0 PARSE_ERR=0 AGE_MS=-1 POOR_SIGNAL=200 ATTENTION=0 MEDITATION=0
EVENT=PC_BRIDGE_STATUS UPTIME_MS=255375 RAW_BYTES=0 VALID=0 SENT=0 COMMANDS=5 CHECKSUM_ERR=0 LENGTH_ERR=0 PARSE_ERR=0 AGE_MS=-1 POOR_SIGNAL=200 ATTENTION=0 MEDITATION=0
EVENT=PC_BRIDGE_STATUS UPTIME_MS=256391 RAW_BYTES=0 VALID=0 SENT=0 COMMANDS=5 CHECKSUM_ERR=0 LENGTH_ERR=0 PARSE_ERR=0 AGE_MS=-1 POOR_SIGNAL=200 ATTENTION=0 MEDITATION=0
EVENT=PC_BRIDGE_STATUS UPTIME_MS=257406 RAW_BYTES=0 VALID=0 SENT=0 COMMANDS=5 CHECKSUM_ERR=0 LENGTH_ERR=0 PARSE_ERR=0 AGE_MS=-1 POOR_SIGNAL=200 ATTENTION=0 MEDITATION=0
EVENT=PC_BRIDGE_STATUS UPTIME_MS=258406 RAW_BYTES=0 VALID=0 SENT=0 COMMANDS=5 CHECKSUM_ERR=0 LENGTH_ERR=0 PARSE_ERR=0 AGE_MS=-1 POOR_SIGNAL=200 ATTENTION=0 MEDITATION=0
EVENT=PC_BRIDGE_STATUS UPTIME_MS=259406 RAW_BYTES=0 VALID=0 SENT=0 COMMANDS=5 CHECKSUM_ERR=0 LENGTH_ERR=0 PARSE_ERR=0 AGE_MS=-1 POOR_SIGNAL=200 ATTENTION=0 MEDITATION=0
EVENT=PC_BRIDGE_STATUS UPTIME_MS=260422 RAW_BYTES=0 VALID=0 SENT=0 COMMANDS=5 CHECKSUM_ERR=0 LENGTH_ERR=0 PARSE_ERR=0 AGE_MS=-1 POOR_SIGNAL=200 ATTENTION=0 MEDITATION=0
EVENT=PC_BRIDGE_STATUS UPTIME_MS=261437 RAW_BYTES=0 VALID=0 SENT=0 COMMANDS=5 CHECKSUM_ERR=0 LENGTH_ERR=0 PARSE_ERR=0 AGE_MS=-1 POOR_SIGNAL=200 ATTENTION=0 MEDITATION=0
EVENT=PC_BRIDGE_STATUS UPTIME_MS=262452 RAW_BYTES=0 VALID=0 SENT=0 COMMANDS=5 CHECKSUM_ERR=0 LENGTH_ERR=0 PARSE_ERR=0 AGE_MS=-1 POOR_SIGNAL=200 ATTENTION=0 MEDITATION=0
EVENT=PC_BRIDGE_STATUS UPTIME_MS=263468 RAW_BYTES=0 VALID=0 SENT=0 COMMANDS=5 CHECKSUM_ERR=0 LENGTH_ERR=0 PARSE_ERR=0 AGE_MS=-1 POOR_SIGNAL=200 ATTENTION=0 MEDITATION=0
EVENT=PC_BRIDGE_STATUS UPTIME_MS=264485 RAW_BYTES=0 VALID=0 SENT=0 COMMANDS=5 CHECKSUM_ERR=0 LENGTH_ERR=0 PARSE_ERR=0 AGE_MS=-1 POOR_SIGNAL=200 ATTENTION=0 MEDITATION=0
EVENT=PC_BRIDGE_STATUS UPTIME_MS=265485 RAW_BYTES=0 VALID=0 SENT=0 COMMANDS=5 CHECKSUM_ERR=0 LENGTH_ERR=0 PARSE_ERR=0 AGE_MS=-1 POOR_SIGNAL=200 ATTENTION=0 MEDITATION=0
EVENT=PC_BRIDGE_STATUS UPTIME_MS=266485 RAW_BYTES=0 VALID=0 SENT=0 COMMANDS=5 CHECKSUM_ERR=0 LENGTH_ERR=0 PARSE_ERR=0 AGE_MS=-1 POOR_SIGNAL=200 ATTENTION=0 MEDITATION=0
EVENT=PC_BRIDGE_STATUS UPTIME_MS=267500 RAW_BYTES=0 VALID=0 SENT=0 COMMANDS=5 CHECKSUM_ERR=0 LENGTH_ERR=0 PARSE_ERR=0 AGE_MS=-1 POOR_SIGNAL=200 ATTENTION=0 MEDITATION=0
EVENT=PC_BRIDGE_STATUS UPTIME_MS=268516 RAW_BYTES=0 VALID=0 SENT=0 COMMANDS=5 CHECKSUM_ERR=0 LENGTH_ERR=0 PARSE_ERR=0 AGE_MS=-1 POOR_SIGNAL=200 ATTENTION=0 MEDITATION=0
EVENT=PC_BRIDGE_STATUS UPTIME_MS=269531 RAW_BYTES=0 VALID=0 SENT=0 COMMANDS=5 CHECKSUM_ERR=0 LENGTH_ERR=0 PARSE_ERR=0 AGE_MS=-1 POOR_SIGNAL=200 ATTENTION=0 MEDITATION=0
EVENT=PC_BRIDGE_STATUS UPTIME_MS=270547 RAW_BYTES=0 VALID=0 SENT=0 COMMANDS=5 CHECKSUM_ERR=0 LENGTH_ERR=0 PARSE_ERR=0 AGE_MS=-1 POOR_SIGNAL=200 ATTENTION=0 MEDITATION=0
EVENT=PC_BRIDGE_STATUS UPTIME_MS=271547 RAW_BYTES=0 VALID=0 SENT=0 COMMANDS=5 CHECKSUM_ERR=0 LENGTH_ERR=0 PARSE_ERR=0 AGE_MS=-1 POOR_SIGNAL=200 ATTENTION=0 MEDITATION=0
EVENT=PC_BRIDGE_STATUS UPTIME_MS=272562 RAW_BYTES=0 VALID=0 SENT=0 COMMANDS=5 CHECKSUM_ERR=0 LENGTH_ERR=0 PARSE_ERR=0 AGE_MS=-1 POOR_SIGNAL=200 ATTENTION=0 MEDITATION=0
EVENT=PC_BRIDGE_STATUS UPTIME_MS=273562 RAW_BYTES=0 VALID=0 SENT=0 COMMANDS=5 CHECKSUM_ERR=0 LENGTH_ERR=0 PARSE_ERR=0 AGE_MS=-1 POOR_SIGNAL=200 ATTENTION=0 MEDITATION=0
EVENT=PC_BRIDGE_STATUS UPTIME_MS=274562 RAW_BYTES=0 VALID=0 SENT=0 COMMANDS=5 CHECKSUM_ERR=0 LENGTH_ERR=0 PARSE_ERR=0 AGE_MS=-1 POOR_SIGNAL=200 ATTENTION=0 MEDITATION=0
EVENT=PC_BRIDGE_STATUS UPTIME_MS=275577 RAW_BYTES=0 VALID=0 SENT=0 COMMANDS=5 CHECKSUM_ERR=0 LENGTH_ERR=0 PARSE_ERR=0 AGE_MS=-1 POOR_SIGNAL=200 ATTENTION=0 MEDITATION=0
EVENT=PC_BRIDGE_STATUS UPTIME_MS=276593 RAW_BYTES=0 VALID=0 SENT=0 COMMANDS=5 CHECKSUM_ERR=0 LENGTH_ERR=0 PARSE_ERR=0 AGE_MS=-1 POOR_SIGNAL=200 ATTENTION=0 MEDITATION=0
EVENT=PC_BRIDGE_STATUS UPTIME_MS=277593 RAW_BYTES=0 VALID=0 SENT=0 COMMANDS=5 CHECKSUM_ERR=0 LENGTH_ERR=0 PARSE_ERR=0 AGE_MS=-1 POOR_SIGNAL=200 ATTENTION=0 MEDITATION=0
EVENT=PC_BRIDGE_STATUS UPTIME_MS=278610 RAW_BYTES=0 VALID=0 SENT=0 COMMANDS=5 CHECKSUM_ERR=0 LENGTH_ERR=0 PARSE_ERR=0 AGE_MS=-1 POOR_SIGNAL=200 ATTENTION=0 MEDITATION=0
EVENT=PC_BRIDGE_STATUS UPTIME_MS=279610 RAW_BYTES=0 VALID=0 SENT=0 COMMANDS=5 CHECKSUM_ERR=0 LENGTH_ERR=0 PARSE_ERR=0 AGE_MS=-1 POOR_SIGNAL=200 ATTENTION=0 MEDITATION=0
EVENT=PC_BRIDGE_STATUS UPTIME_MS=280610 RAW_BYTES=0 VALID=0 SENT=0 COMMANDS=5 CHECKSUM_ERR=0 LENGTH_ERR=0 PARSE_ERR=0 AGE_MS=-1 POOR_SIGNAL=200 ATTENTION=0 MEDITATION=0
EVENT=PC_BRIDGE_STATUS UPTIME_MS=281610 RAW_BYTES=0 VALID=0 SENT=0 COMMANDS=5 CHECKSUM_ERR=0 LENGTH_ERR=0 PARSE_ERR=0 AGE_MS=-1 POOR_SIGNAL=200 ATTENTION=0 MEDITATION=0
EVENT=PC_BRIDGE_STATUS UPTIME_MS=282625 RAW_BYTES=0 VALID=0 SENT=0 COMMANDS=5 CHECKSUM_ERR=0 LENGTH_ERR=0 PARSE_ERR=0 AGE_MS=-1 POOR_SIGNAL=200 ATTENTION=0 MEDITATION=0
EVENT=PC_BRIDGE_STATUS UPTIME_MS=283625 RAW_BYTES=0 VALID=0 SENT=0 COMMANDS=5 CHECKSUM_ERR=0 LENGTH_ERR=0 PARSE_ERR=0 AGE_MS=-1 POOR_SIGNAL=200 ATTENTION=0 MEDITATION=0
EVENT=PC_BRIDGE_STATUS UPTIME_MS=284625 RAW_BYTES=0 VALID=0 SENT=0 COMMANDS=5 CHECKSUM_ERR=0 LENGTH_ERR=0 PARSE_ERR=0 AGE_MS=-1 POOR_SIGNAL=200 ATTENTION=0 MEDITATION=0
EVENT=PC_BRIDGE_STATUS UPTIME_MS=285641 RAW_BYTES=0 VALID=0 SENT=0 COMMANDS=5 CHECKSUM_ERR=0 LENGTH_ERR=0 PARSE_ERR=0 AGE_MS=-1 POOR_SIGNAL=200 ATTENTION=0 MEDITATION=0
EVENT=PC_BRIDGE_STATUS UPTIME_MS=286641 RAW_BYTES=0 VALID=0 SENT=0 COMMANDS=5 CHECKSUM_ERR=0 LENGTH_ERR=0 PARSE_ERR=0 AGE_MS=-1 POOR_SIGNAL=200 ATTENTION=0 MEDITATION=0
EVENT=PC_BRIDGE_STATUS UPTIME_MS=287656 RAW_BYTES=0 VALID=0 SENT=0 COMMANDS=5 CHECKSUM_ERR=0 LENGTH_ERR=0 PARSE_ERR=0 AGE_MS=-1 POOR_SIGNAL=200 ATTENTION=0 MEDITATION=0
EVENT=PC_BRIDGE_STATUS UPTIME_MS=288656 RAW_BYTES=0 VALID=0 SENT=0 COMMANDS=5 CHECKSUM_ERR=0 LENGTH_ERR=0 PARSE_ERR=0 AGE_MS=-1 POOR_SIGNAL=200 ATTENTION=0 MEDITATION=0
EVENT=PC_BRIDGE_STATUS UPTIME_MS=289656 RAW_BYTES=0 VALID=0 SENT=0 COMMANDS=5 CHECKSUM_ERR=0 LENGTH_ERR=0 PARSE_ERR=0 AGE_MS=-1 POOR_SIGNAL=200 ATTENTION=0 MEDITATION=0
EVENT=PC_BRIDGE_STATUS UPTIME_MS=290656 RAW_BYTES=0 VALID=0 SENT=0 COMMANDS=5 CHECKSUM_ERR=0 LENGTH_ERR=0 PARSE_ERR=0 AGE_MS=-1 POOR_SIGNAL=200 ATTENTION=0 MEDITATION=0
EVENT=PC_BRIDGE_STATUS UPTIME_MS=291656 RAW_BYTES=0 VALID=0 SENT=0 COMMANDS=5 CHECKSUM_ERR=0 LENGTH_ERR=0 PARSE_ERR=0 AGE_MS=-1 POOR_SIGNAL=200 ATTENTION=0 MEDITATION=0
EVENT=PC_BRIDGE_STATUS UPTIME_MS=292656 RAW_BYTES=0 VALID=0 SENT=0 COMMANDS=5 CHECKSUM_ERR=0 LENGTH_ERR=0 PARSE_ERR=0 AGE_MS=-1 POOR_SIGNAL=200 ATTENTION=0 MEDITATION=0
EVENT=PC_BRIDGE_STATUS UPTIME_MS=293672 RAW_BYTES=0 VALID=0 SENT=0 COMMANDS=5 CHECKSUM_ERR=0 LENGTH_ERR=0 PARSE_ERR=0 AGE_MS=-1 POOR_SIGNAL=200 ATTENTION=0 MEDITATION=0
EVENT=PC_BRIDGE_STATUS UPTIME_MS=294672 RAW_BYTES=0 VALID=0 SENT=0 COMMANDS=5 CHECKSUM_ERR=0 LENGTH_ERR=0 PARSE_ERR=0 AGE_MS=-1 POOR_SIGNAL=200 ATTENTION=0 MEDITATION=0
EVENT=PC_BRIDGE_STATUS UPTIME_MS=295687 RAW_BYTES=0 VALID=0 SENT=0 COMMANDS=5 CHECKSUM_ERR=0 LENGTH_ERR=0 PARSE_ERR=0 AGE_MS=-1 POOR_SIGNAL=200 ATTENTION=0 MEDITATION=0
EVENT=PC_BRIDGE_STATUS UPTIME_MS=296718 RAW_BYTES=0 VALID=0 SENT=0 COMMANDS=5 CHECKSUM_ERR=0 LENGTH_ERR=0 PARSE_ERR=0 AGE_MS=-1 POOR_SIGNAL=200 ATTENTION=0 MEDITATION=0
EVENT=PC_BRIDGE_STATUS UPTIME_MS=297718 RAW_BYTES=0 VALID=0 SENT=0 COMMANDS=5 CHECKSUM_ERR=0 LENGTH_ERR=0 PARSE_ERR=0 AGE_MS=-1 POOR_SIGNAL=200 ATTENTION=0 MEDITATION=0
EVENT=PC_BRIDGE_STATUS UPTIME_MS=298735 RAW_BYTES=0 VALID=0 SENT=0 COMMANDS=5 CHECKSUM_ERR=0 LENGTH_ERR=0 PARSE_ERR=0 AGE_MS=-1 POOR_SIGNAL=200 ATTENTION=0 MEDITATION=0
EVENT=PC_BRIDGE_STATUS UPTIME_MS=299750 RAW_BYTES=0 VALID=0 SENT=0 COMMANDS=5 CHECKSUM_ERR=0 LENGTH_ERR=0 PARSE_ERR=0 AGE_MS=-1 POOR_SIGNAL=200 ATTENTION=0 MEDITATION=0
EVENT=PC_BRIDGE_STATUS UPTIME_MS=300766 RAW_BYTES=0 VALID=0 SENT=0 COMMANDS=5 CHECKSUM_ERR=0 LENGTH_ERR=0 PARSE_ERR=0 AGE_MS=-1 POOR_SIGNAL=200 ATTENTION=0 MEDITATION=0
EVENT=PC_BRIDGE_STATUS UPTIME_MS=301766 RAW_BYTES=0 VALID=0 SENT=0 COMMANDS=5 CHECKSUM_ERR=0 LENGTH_ERR=0 PARSE_ERR=0 AGE_MS=-1 POOR_SIGNAL=200 ATTENTION=0 MEDITATION=0
EVENT=PC_BRIDGE_STATUS UPTIME_MS=302781 RAW_BYTES=0 VALID=0 SENT=0 COMMANDS=5 CHECKSUM_ERR=0 LENGTH_ERR=0 PARSE_ERR=0 AGE_MS=-1 POOR_SIGNAL=200 ATTENTION=0 MEDITATION=0
EVENT=PC_BRIDGE_STATUS UPTIME_MS=303781 RAW_BYTES=0 VALID=0 SENT=0 COMMANDS=5 CHECKSUM_ERR=0 LENGTH_ERR=0 PARSE_ERR=0 AGE_MS=-1 POOR_SIGNAL=200 ATTENTION=0 MEDITATION=0
EVENT=PC_BRIDGE_STATUS UPTIME_MS=304797 RAW_BYTES=0 VALID=0 SENT=0 COMMANDS=5 CHECKSUM_ERR=0 LENGTH_ERR=0 PARSE_ERR=0 AGE_MS=-1 POOR_SIGNAL=200 ATTENTION=0 MEDITATION=0
EVENT=PC_BRIDGE_STATUS UPTIME_MS=305797 RAW_BYTES=0 VALID=0 SENT=0 COMMANDS=5 CHECKSUM_ERR=0 LENGTH_ERR=0 PARSE_ERR=0 AGE_MS=-1 POOR_SIGNAL=200 ATTENTION=0 MEDITATION=0
EVENT=PC_BRIDGE_STATUS UPTIME_MS=306812 RAW_BYTES=0 VALID=0 SENT=0 COMMANDS=5 CHECKSUM_ERR=0 LENGTH_ERR=0 PARSE_ERR=0 AGE_MS=-1 POOR_SIGNAL=200 ATTENTION=0 MEDITATION=0
EVENT=PC_BRIDGE_STATUS UPTIME_MS=307827 RAW_BYTES=0 VALID=0 SENT=0 COMMANDS=5 CHECKSUM_ERR=0 LENGTH_ERR=0 PARSE_ERR=0 AGE_MS=-1 POOR_SIGNAL=200 ATTENTION=0 MEDITATION=0
EVENT=PC_BRIDGE_STATUS UPTIME_MS=308827 RAW_BYTES=0 VALID=0 SENT=0 COMMANDS=5 CHECKSUM_ERR=0 LENGTH_ERR=0 PARSE_ERR=0 AGE_MS=-1 POOR_SIGNAL=200 ATTENTION=0 MEDITATION=0
EVENT=PC_BRIDGE_STATUS UPTIME_MS=309843 RAW_BYTES=0 VALID=0 SENT=0 COMMANDS=5 CHECKSUM_ERR=0 LENGTH_ERR=0 PARSE_ERR=0 AGE_MS=-1 POOR_SIGNAL=200 ATTENTION=0 MEDITATION=0
EVENT=PC_BRIDGE_STATUS UPTIME_MS=310843 RAW_BYTES=0 VALID=0 SENT=0 COMMANDS=5 CHECKSUM_ERR=0 LENGTH_ERR=0 PARSE_ERR=0 AGE_MS=-1 POOR_SIGNAL=200 ATTENTION=0 MEDITATION=0
EVENT=PC_BRIDGE_STATUS UPTIME_MS=311843 RAW_BYTES=0 VALID=0 SENT=0 COMMANDS=5 CHECKSUM_ERR=0 LENGTH_ERR=0 PARSE_ERR=0 AGE_MS=-1 POOR_SIGNAL=200 ATTENTION=0 MEDITATION=0
EVENT=PC_BRIDGE_STATUS UPTIME_MS=312860 RAW_BYTES=0 VALID=0 SENT=0 COMMANDS=5 CHECKSUM_ERR=0 LENGTH_ERR=0 PARSE_ERR=0 AGE_MS=-1 POOR_SIGNAL=200 ATTENTION=0 MEDITATION=0
EVENT=PC_BRIDGE_STATUS UPTIME_MS=313860 RAW_BYTES=0 VALID=0 SENT=0 COMMANDS=5 CHECKSUM_ERR=0 LENGTH_ERR=0 PARSE_ERR=0 AGE_MS=-1 POOR_SIGNAL=200 ATTENTION=0 MEDITATION=0
EVENT=PC_BRIDGE_STATUS UPTIME_MS=314860 RAW_BYTES=0 VALID=0 SENT=0 COMMANDS=5 CHECKSUM_ERR=0 LENGTH_ERR=0 PARSE_ERR=0 AGE_MS=-1 POOR_SIGNAL=200 ATTENTION=0 MEDITATION=0
EVENT=PC_BRIDGE_STATUS UPTIME_MS=315875 RAW_BYTES=0 VALID=0 SENT=0 COMMANDS=5 CHECKSUM_ERR=0 LENGTH_ERR=0 PARSE_ERR=0 AGE_MS=-1 POOR_SIGNAL=200 ATTENTION=0 MEDITATION=0
EVENT=PC_BRIDGE_STATUS UPTIME_MS=316875 RAW_BYTES=0 VALID=0 SENT=0 COMMANDS=5 CHECKSUM_ERR=0 LENGTH_ERR=0 PARSE_ERR=0 AGE_MS=-1 POOR_SIGNAL=200 ATTENTION=0 MEDITATION=0
EVENT=PC_BRIDGE_STATUS UPTIME_MS=317875 RAW_BYTES=0 VALID=0 SENT=0 COMMANDS=5 CHECKSUM_ERR=0 LENGTH_ERR=0 PARSE_ERR=0 AGE_MS=-1 POOR_SIGNAL=200 ATTENTION=0 MEDITATION=0
EVENT=PC_BRIDGE_STATUS UPTIME_MS=318875 RAW_BYTES=0 VALID=0 SENT=0 COMMANDS=5 CHECKSUM_ERR=0 LENGTH_ERR=0 PARSE_ERR=0 AGE_MS=-1 POOR_SIGNAL=200 ATTENTION=0 MEDITATION=0
EVENT=PC_BRIDGE_STATUS UPTIME_MS=319875 RAW_BYTES=0 VALID=0 SENT=0 COMMANDS=5 CHECKSUM_ERR=0 LENGTH_ERR=0 PARSE_ERR=0 AGE_MS=-1 POOR_SIGNAL=200 ATTENTION=0 MEDITATION=0
EVENT=PC_BRIDGE_STATUS UPTIME_MS=320875 RAW_BYTES=0 VALID=0 SENT=0 COMMANDS=5 CHECKSUM_ERR=0 LENGTH_ERR=0 PARSE_ERR=0 AGE_MS=-1 POOR_SIGNAL=200 ATTENTION=0 MEDITATION=0
EVENT=PC_BRIDGE_STATUS UPTIME_MS=321891 RAW_BYTES=0 VALID=0 SENT=0 COMMANDS=5 CHECKSUM_ERR=0 LENGTH_ERR=0 PARSE_ERR=0 AGE_MS=-1 POOR_SIGNAL=200 ATTENTION=0 MEDITATION=0
EVENT=PC_BRIDGE_STATUS UPTIME_MS=322891 RAW_BYTES=0 VALID=0 SENT=0 COMMANDS=5 CHECKSUM_ERR=0 LENGTH_ERR=0 PARSE_ERR=0 AGE_MS=-1 POOR_SIGNAL=200 ATTENTION=0 MEDITATION=0
EVENT=PC_BRIDGE_STATUS UPTIME_MS=323891 RAW_BYTES=0 VALID=0 SENT=0 COMMANDS=5 CHECKSUM_ERR=0 LENGTH_ERR=0 PARSE_ERR=0 AGE_MS=-1 POOR_SIGNAL=200 ATTENTION=0 MEDITATION=0
EVENT=PC_BRIDGE_STATUS UPTIME_MS=324906 RAW_BYTES=0 VALID=0 SENT=0 COMMANDS=5 CHECKSUM_ERR=0 LENGTH_ERR=0 PARSE_ERR=0 AGE_MS=-1 POOR_SIGNAL=200 ATTENTION=0 MEDITATION=0
EVENT=PC_BRIDGE_STATUS UPTIME_MS=325906 RAW_BYTES=0 VALID=0 SENT=0 COMMANDS=5 CHECKSUM_ERR=0 LENGTH_ERR=0 PARSE_ERR=0 AGE_MS=-1 POOR_SIGNAL=200 ATTENTION=0 MEDITATION=0
EVENT=PC_BRIDGE_STATUS UPTIME_MS=326906 RAW_BYTES=0 VALID=0 SENT=0 COMMANDS=5 CHECKSUM_ERR=0 LENGTH_ERR=0 PARSE_ERR=0 AGE_MS=-1 POOR_SIGNAL=200 ATTENTION=0 MEDITATION=0
EVENT=PC_BRIDGE_STATUS UPTIME_MS=327906 RAW_BYTES=0 VALID=0 SENT=0 COMMANDS=5 CHECKSUM_ERR=0 LENGTH_ERR=0 PARSE_ERR=0 AGE_MS=-1 POOR_SIGNAL=200 ATTENTION=0 MEDITATION=0
EVENT=PC_BRIDGE_STATUS UPTIME_MS=328906 RAW_BYTES=0 VALID=0 SENT=0 COMMANDS=5 CHECKSUM_ERR=0 LENGTH_ERR=0 PARSE_ERR=0 AGE_MS=-1 POOR_SIGNAL=200 ATTENTION=0 MEDITATION=0
EVENT=PC_BRIDGE_STATUS UPTIME_MS=329922 RAW_BYTES=0 VALID=0 SENT=0 COMMANDS=5 CHECKSUM_ERR=0 LENGTH_ERR=0 PARSE_ERR=0 AGE_MS=-1 POOR_SIGNAL=200 ATTENTION=0 MEDITATION=0
EVENT=PC_BRIDGE_STATUS UPTIME_MS=330937 RAW_BYTES=0 VALID=0 SENT=0 COMMANDS=5 CHECKSUM_ERR=0 LENGTH_ERR=0 PARSE_ERR=0 AGE_MS=-1 POOR_SIGNAL=200 ATTENTION=0 MEDITATION=0
EVENT=PC_BRIDGE_STATUS UPTIME_MS=332016 RAW_BYTES=0 VALID=0 SENT=0 COMMANDS=5 CHECKSUM_ERR=0 LENGTH_ERR=0 PARSE_ERR=0 AGE_MS=-1 POOR_SIGNAL=200 ATTENTION=0 MEDITATION=0
EVENT=PC_BRIDGE_STATUS UPTIME_MS=333016 RAW_BYTES=0 VALID=0 SENT=0 COMMANDS=5 CHECKSUM_ERR=0 LENGTH_ERR=0 PARSE_ERR=0 AGE_MS=-1 POOR_SIGNAL=200 ATTENTION=0 MEDITATION=0
EVENT=PC_BRIDGE_STATUS UPTIME_MS=334016 RAW_BYTES=0 VALID=0 SENT=0 COMMANDS=5 CHECKSUM_ERR=0 LENGTH_ERR=0 PARSE_ERR=0 AGE_MS=-1 POOR_SIGNAL=200 ATTENTION=0 MEDITATION=0
EVENT=PC_BRIDGE_STATUS UPTIME_MS=335016 RAW_BYTES=0 VALID=0 SENT=0 COMMANDS=5 CHECKSUM_ERR=0 LENGTH_ERR=0 PARSE_ERR=0 AGE_MS=-1 POOR_SIGNAL=200 ATTENTION=0 MEDITATION=0
EVENT=PC_BRIDGE_STATUS UPTIME_MS=336016 RAW_BYTES=0 VALID=0 SENT=0 COMMANDS=5 CHECKSUM_ERR=0 LENGTH_ERR=0 PARSE_ERR=0 AGE_MS=-1 POOR_SIGNAL=200 ATTENTION=0 MEDITATION=0
EVENT=PC_BRIDGE_STATUS UPTIME_MS=337016 RAW_BYTES=0 VALID=0 SENT=0 COMMANDS=5 CHECKSUM_ERR=0 LENGTH_ERR=0 PARSE_ERR=0 AGE_MS=-1 POOR_SIGNAL=200 ATTENTION=0 MEDITATION=0
EVENT=PC_BRIDGE_STATUS UPTIME_MS=338016 RAW_BYTES=0 VALID=0 SENT=0 COMMANDS=5 CHECKSUM_ERR=0 LENGTH_ERR=0 PARSE_ERR=0 AGE_MS=-1 POOR_SIGNAL=200 ATTENTION=0 MEDITATION=0
EVENT=PC_BRIDGE_STATUS UPTIME_MS=339016 RAW_BYTES=0 VALID=0 SENT=0 COMMANDS=5 CHECKSUM_ERR=0 LENGTH_ERR=0 PARSE_ERR=0 AGE_MS=-1 POOR_SIGNAL=200 ATTENTION=0 MEDITATION=0
EVENT=PC_BRIDGE_STATUS UPTIME_MS=340016 RAW_BYTES=0 VALID=0 SENT=0 COMMANDS=5 CHECKSUM_ERR=0 LENGTH_ERR=0 PARSE_ERR=0 AGE_MS=-1 POOR_SIGNAL=200 ATTENTION=0 MEDITATION=0
EVENT=PC_BRIDGE_STATUS UPTIME_MS=341016 RAW_BYTES=0 VALID=0 SENT=0 COMMANDS=5 CHECKSUM_ERR=0 LENGTH_ERR=0 PARSE_ERR=0 AGE_MS=-1 POOR_SIGNAL=200 ATTENTION=0 MEDITATION=0
EVENT=PC_BRIDGE_STATUS UPTIME_MS=342016 RAW_BYTES=0 VALID=0 SENT=0 COMMANDS=5 CHECKSUM_ERR=0 LENGTH_ERR=0 PARSE_ERR=0 AGE_MS=-1 POOR_SIGNAL=200 ATTENTION=0 MEDITATION=0
EVENT=PC_BRIDGE_STATUS UPTIME_MS=343016 RAW_BYTES=0 VALID=0 SENT=0 COMMANDS=5 CHECKSUM_ERR=0 LENGTH_ERR=0 PARSE_ERR=0 AGE_MS=-1 POOR_SIGNAL=200 ATTENTION=0 MEDITATION=0
EVENT=PC_BRIDGE_STATUS UPTIME_MS=344016 RAW_BYTES=0 VALID=0 SENT=0 COMMANDS=5 CHECKSUM_ERR=0 LENGTH_ERR=0 PARSE_ERR=0 AGE_MS=-1 POOR_SIGNAL=200 ATTENTION=0 MEDITATION=0
EVENT=PC_BRIDGE_STATUS UPTIME_MS=345016 RAW_BYTES=0 VALID=0 SENT=0 COMMANDS=5 CHECKSUM_ERR=0 LENGTH_ERR=0 PARSE_ERR=0 AGE_MS=-1 POOR_SIGNAL=200 ATTENTION=0 MEDITATION=0
EVENT=PC_BRIDGE_STATUS UPTIME_MS=346016 RAW_BYTES=0 VALID=0 SENT=0 COMMANDS=5 CHECKSUM_ERR=0 LENGTH_ERR=0 PARSE_ERR=0 AGE_MS=-1 POOR_SIGNAL=200 ATTENTION=0 MEDITATION=0
EVENT=PC_BRIDGE_STATUS UPTIME_MS=347016 RAW_BYTES=0 VALID=0 SENT=0 COMMANDS=5 CHECKSUM_ERR=0 LENGTH_ERR=0 PARSE_ERR=0 AGE_MS=-1 POOR_SIGNAL=200 ATTENTION=0 MEDITATION=0
EVENT=PC_BRIDGE_STATUS UPTIME_MS=348016 RAW_BYTES=0 VALID=0 SENT=0 COMMANDS=5 CHECKSUM_ERR=0 LENGTH_ERR=0 PARSE_ERR=0 AGE_MS=-1 POOR_SIGNAL=200 ATTENTION=0 MEDITATION=0
EVENT=PC_BRIDGE_STATUS UPTIME_MS=349016 RAW_BYTES=0 VALID=0 SENT=0 COMMANDS=5 CHECKSUM_ERR=0 LENGTH_ERR=0 PARSE_ERR=0 AGE_MS=-1 POOR_SIGNAL=200 ATTENTION=0 MEDITATION=0
EVENT=PC_BRIDGE_STATUS UPTIME_MS=350016 RAW_BYTES=0 VALID=0 SENT=0 COMMANDS=5 CHECKSUM_ERR=0 LENGTH_ERR=0 PARSE_ERR=0 AGE_MS=-1 POOR_SIGNAL=200 ATTENTION=0 MEDITATION=0
EVENT=PC_BRIDGE_STATUS UPTIME_MS=351016 RAW_BYTES=0 VALID=0 SENT=0 COMMANDS=5 CHECKSUM_ERR=0 LENGTH_ERR=0 PARSE_ERR=0 AGE_MS=-1 POOR_SIGNAL=200 ATTENTION=0 MEDITATION=0
EVENT=PC_BRIDGE_STATUS UPTIME_MS=352016 RAW_BYTES=0 VALID=0 SENT=0 COMMANDS=5 CHECKSUM_ERR=0 LENGTH_ERR=0 PARSE_ERR=0 AGE_MS=-1 POOR_SIGNAL=200 ATTENTION=0 MEDITATION=0
EVENT=PC_BRIDGE_STATUS UPTIME_MS=353016 RAW_BYTES=0 VALID=0 SENT=0 COMMANDS=5 CHECKSUM_ERR=0 LENGTH_ERR=0 PARSE_ERR=0 AGE_MS=-1 POOR_SIGNAL=200 ATTENTION=0 MEDITATION=0
EVENT=PC_BRIDGE_STATUS UPTIME_MS=354016 RAW_BYTES=0 VALID=0 SENT=0 COMMANDS=5 CHECKSUM_ERR=0 LENGTH_ERR=0 PARSE_ERR=0 AGE_MS=-1 POOR_SIGNAL=200 ATTENTION=0 MEDITATION=0
EVENT=PC_BRIDGE_STATUS UPTIME_MS=355016 RAW_BYTES=0 VALID=0 SENT=0 COMMANDS=5 CHECKSUM_ERR=0 LENGTH_ERR=0 PARSE_ERR=0 AGE_MS=-1 POOR_SIGNAL=200 ATTENTION=0 MEDITATION=0
EVENT=PC_BRIDGE_STATUS UPTIME_MS=356016 RAW_BYTES=0 VALID=0 SENT=0 COMMANDS=5 CHECKSUM_ERR=0 LENGTH_ERR=0 PARSE_ERR=0 AGE_MS=-1 POOR_SIGNAL=200 ATTENTION=0 MEDITATION=0
EVENT=PC_BRIDGE_STATUS UPTIME_MS=357016 RAW_BYTES=0 VALID=0 SENT=0 COMMANDS=5 CHECKSUM_ERR=0 LENGTH_ERR=0 PARSE_ERR=0 AGE_MS=-1 POOR_SIGNAL=200 ATTENTION=0 MEDITATION=0
EVENT=PC_BRIDGE_STATUS UPTIME_MS=358016 RAW_BYTES=0 VALID=0 SENT=0 COMMANDS=5 CHECKSUM_ERR=0 LENGTH_ERR=0 PARSE_ERR=0 AGE_MS=-1 POOR_SIGNAL=200 ATTENTION=0 MEDITATION=0
EVENT=PC_BRIDGE_STATUS UPTIME_MS=359016 RAW_BYTES=0 VALID=0 SENT=0 COMMANDS=5 CHECKSUM_ERR=0 LENGTH_ERR=0 PARSE_ERR=0 AGE_MS=-1 POOR_SIGNAL=200 ATTENTION=0 MEDITATION=0
EVENT=PC_BRIDGE_STATUS UPTIME_MS=360016 RAW_BYTES=0 VALID=0 SENT=0 COMMANDS=5 CHECKSUM_ERR=0 LENGTH_ERR=0 PARSE_ERR=0 AGE_MS=-1 POOR_SIGNAL=200 ATTENTION=0 MEDITATION=0
EVENT=PC_BRIDGE_STATUS UPTIME_MS=361016 RAW_BYTES=0 VALID=0 SENT=0 COMMANDS=5 CHECKSUM_ERR=0 LENGTH_ERR=0 PARSE_ERR=0 AGE_MS=-1 POOR_SIGNAL=200 ATTENTION=0 MEDITATION=0
EVENT=PC_BRIDGE_STATUS UPTIME_MS=362016 RAW_BYTES=0 VALID=0 SENT=0 COMMANDS=5 CHECKSUM_ERR=0 LENGTH_ERR=0 PARSE_ERR=0 AGE_MS=-1 POOR_SIGNAL=200 ATTENTION=0 MEDITATION=0
EVENT=PC_BRIDGE_STATUS UPTIME_MS=363016 RAW_BYTES=0 VALID=0 SENT=0 COMMANDS=5 CHECKSUM_ERR=0 LENGTH_ERR=0 PARSE_ERR=0 AGE_MS=-1 POOR_SIGNAL=200 ATTENTION=0 MEDITATION=0
EVENT=PC_BRIDGE_STATUS UPTIME_MS=364016 RAW_BYTES=0 VALID=0 SENT=0 COMMANDS=5 CHECKSUM_ERR=0 LENGTH_ERR=0 PARSE_ERR=0 AGE_MS=-1 POOR_SIGNAL=200 ATTENTION=0 MEDITATION=0
EVENT=PC_BRIDGE_STATUS UPTIME_MS=365016 RAW_BYTES=0 VALID=0 SENT=0 COMMANDS=5 CHECKSUM_ERR=0 LENGTH_ERR=0 PARSE_ERR=0 AGE_MS=-1 POOR_SIGNAL=200 ATTENTION=0 MEDITATION=0
EVENT=PC_BRIDGE_STATUS UPTIME_MS=366016 RAW_BYTES=0 VALID=0 SENT=0 COMMANDS=5 CHECKSUM_ERR=0 LENGTH_ERR=0 PARSE_ERR=0 AGE_MS=-1 POOR_SIGNAL=200 ATTENTION=0 MEDITATION=0
EVENT=PC_BRIDGE_STATUS UPTIME_MS=367016 RAW_BYTES=0 VALID=0 SENT=0 COMMANDS=5 CHECKSUM_ERR=0 LENGTH_ERR=0 PARSE_ERR=0 AGE_MS=-1 POOR_SIGNAL=200 ATTENTION=0 MEDITATION=0
EVENT=PC_BRIDGE_STATUS UPTIME_MS=368016 RAW_BYTES=0 VALID=0 SENT=0 COMMANDS=5 CHECKSUM_ERR=0 LENGTH_ERR=0 PARSE_ERR=0 AGE_MS=-1 POOR_SIGNAL=200 ATTENTION=0 MEDITATION=0
EVENT=PC_BRIDGE_STATUS UPTIME_MS=369016 RAW_BYTES=0 VALID=0 SENT=0 COMMANDS=5 CHECKSUM_ERR=0 LENGTH_ERR=0 PARSE_ERR=0 AGE_MS=-1 POOR_SIGNAL=200 ATTENTION=0 MEDITATION=0
EVENT=PC_BRIDGE_STATUS UPTIME_MS=370016 RAW_BYTES=0 VALID=0 SENT=0 COMMANDS=5 CHECKSUM_ERR=0 LENGTH_ERR=0 PARSE_ERR=0 AGE_MS=-1 POOR_SIGNAL=200 ATTENTION=0 MEDITATION=0
EVENT=PC_BRIDGE_STATUS UPTIME_MS=371016 RAW_BYTES=0 VALID=0 SENT=0 COMMANDS=5 CHECKSUM_ERR=0 LENGTH_ERR=0 PARSE_ERR=0 AGE_MS=-1 POOR_SIGNAL=200 ATTENTION=0 MEDITATION=0
EVENT=PC_BRIDGE_STATUS UPTIME_MS=372016 RAW_BYTES=0 VALID=0 SENT=0 COMMANDS=5 CHECKSUM_ERR=0 LENGTH_ERR=0 PARSE_ERR=0 AGE_MS=-1 POOR_SIGNAL=200 ATTENTION=0 MEDITATION=0
EVENT=PC_BRIDGE_STATUS UPTIME_MS=373016 RAW_BYTES=0 VALID=0 SENT=0 COMMANDS=5 CHECKSUM_ERR=0 LENGTH_ERR=0 PARSE_ERR=0 AGE_MS=-1 POOR_SIGNAL=200 ATTENTION=0 MEDITATION=0
EVENT=PC_BRIDGE_STATUS UPTIME_MS=374016 RAW_BYTES=0 VALID=0 SENT=0 COMMANDS=5 CHECKSUM_ERR=0 LENGTH_ERR=0 PARSE_ERR=0 AGE_MS=-1 POOR_SIGNAL=200 ATTENTION=0 MEDITATION=0
EVENT=PC_BRIDGE_STATUS UPTIME_MS=375016 RAW_BYTES=0 VALID=0 SENT=0 COMMANDS=5 CHECKSUM_ERR=0 LENGTH_ERR=0 PARSE_ERR=0 AGE_MS=-1 POOR_SIGNAL=200 ATTENTION=0 MEDITATION=0
EVENT=PC_BRIDGE_STATUS UPTIME_MS=376016 RAW_BYTES=0 VALID=0 SENT=0 COMMANDS=5 CHECKSUM_ERR=0 LENGTH_ERR=0 PARSE_ERR=0 AGE_MS=-1 POOR_SIGNAL=200 ATTENTION=0 MEDITATION=0
EVENT=PC_BRIDGE_STATUS UPTIME_MS=377016 RAW_BYTES=0 VALID=0 SENT=0 COMMANDS=5 CHECKSUM_ERR=0 LENGTH_ERR=0 PARSE_ERR=0 AGE_MS=-1 POOR_SIGNAL=200 ATTENTION=0 MEDITATION=0
EVENT=PC_BRIDGE_STATUS UPTIME_MS=378016 RAW_BYTES=0 VALID=0 SENT=0 COMMANDS=5 CHECKSUM_ERR=0 LENGTH_ERR=0 PARSE_ERR=0 AGE_MS=-1 POOR_SIGNAL=200 ATTENTION=0 MEDITATION=0
EVENT=PC_BRIDGE_STATUS UPTIME_MS=379016 RAW_BYTES=0 VALID=0 SENT=0 COMMANDS=5 CHECKSUM_ERR=0 LENGTH_ERR=0 PARSE_ERR=0 AGE_MS=-1 POOR_SIGNAL=200 ATTENTION=0 MEDITATION=0
EVENT=PC_BRIDGE_STATUS UPTIME_MS=380016 RAW_BYTES=0 VALID=0 SENT=0 COMMANDS=5 CHECKSUM_ERR=0 LENGTH_ERR=0 PARSE_ERR=0 AGE_MS=-1 POOR_SIGNAL=200 ATTENTION=0 MEDITATION=0
EVENT=PC_BRIDGE_STATUS UPTIME_MS=381016 RAW_BYTES=0 VALID=0 SENT=0 COMMANDS=5 CHECKSUM_ERR=0 LENGTH_ERR=0 PARSE_ERR=0 AGE_MS=-1 POOR_SIGNAL=200 ATTENTION=0 MEDITATION=0
EVENT=PC_BRIDGE_STATUS UPTIME_MS=382016 RAW_BYTES=0 VALID=0 SENT=0 COMMANDS=5 CHECKSUM_ERR=0 LENGTH_ERR=0 PARSE_ERR=0 AGE_MS=-1 POOR_SIGNAL=200 ATTENTION=0 MEDITATION=0
EVENT=PC_BRIDGE_STATUS UPTIME_MS=383016 RAW_BYTES=0 VALID=0 SENT=0 COMMANDS=5 CHECKSUM_ERR=0 LENGTH_ERR=0 PARSE_ERR=0 AGE_MS=-1 POOR_SIGNAL=200 ATTENTION=0 MEDITATION=0
EVENT=PC_BRIDGE_STATUS UPTIME_MS=384016 RAW_BYTES=0 VALID=0 SENT=0 COMMANDS=5 CHECKSUM_ERR=0 LENGTH_ERR=0 PARSE_ERR=0 AGE_MS=-1 POOR_SIGNAL=200 ATTENTION=0 MEDITATION=0
EVENT=PC_BRIDGE_STATUS UPTIME_MS=385016 RAW_BYTES=0 VALID=0 SENT=0 COMMANDS=5 CHECKSUM_ERR=0 LENGTH_ERR=0 PARSE_ERR=0 AGE_MS=-1 POOR_SIGNAL=200 ATTENTION=0 MEDITATION=0
EVENT=PC_BRIDGE_STATUS UPTIME_MS=386016 RAW_BYTES=0 VALID=0 SENT=0 COMMANDS=5 CHECKSUM_ERR=0 LENGTH_ERR=0 PARSE_ERR=0 AGE_MS=-1 POOR_SIGNAL=200 ATTENTION=0 MEDITATION=0
EVENT=PC_BRIDGE_STATUS UPTIME_MS=387016 RAW_BYTES=0 VALID=0 SENT=0 COMMANDS=5 CHECKSUM_ERR=0 LENGTH_ERR=0 PARSE_ERR=0 AGE_MS=-1 POOR_SIGNAL=200 ATTENTION=0 MEDITATION=0
EVENT=PC_BRIDGE_STATUS UPTIME_MS=388016 RAW_BYTES=0 VALID=0 SENT=0 COMMANDS=5 CHECKSUM_ERR=0 LENGTH_ERR=0 PARSE_ERR=0 AGE_MS=-1 POOR_SIGNAL=200 ATTENTION=0 MEDITATION=0
EVENT=PC_BRIDGE_STATUS UPTIME_MS=389016 RAW_BYTES=0 VALID=0 SENT=0 COMMANDS=5 CHECKSUM_ERR=0 LENGTH_ERR=0 PARSE_ERR=0 AGE_MS=-1 POOR_SIGNAL=200 ATTENTION=0 MEDITATION=0
EVENT=PC_BRIDGE_STATUS UPTIME_MS=390016 RAW_BYTES=0 VALID=0 SENT=0 COMMANDS=5 CHECKSUM_ERR=0 LENGTH_ERR=0 PARSE_ERR=0 AGE_MS=-1 POOR_SIGNAL=200 ATTENTION=0 MEDITATION=0
EVENT=PC_BRIDGE_STATUS UPTIME_MS=391016 RAW_BYTES=0 VALID=0 SENT=0 COMMANDS=5 CHECKSUM_ERR=0 LENGTH_ERR=0 PARSE_ERR=0 AGE_MS=-1 POOR_SIGNAL=200 ATTENTION=0 MEDITATION=0
EVENT=PC_BRIDGE_STATUS UPTIME_MS=392016 RAW_BYTES=0 VALID=0 SENT=0 COMMANDS=5 CHECKSUM_ERR=0 LENGTH_ERR=0 PARSE_ERR=0 AGE_MS=-1 POOR_SIGNAL=200 ATTENTION=0 MEDITATION=0
EVENT=PC_BRIDGE_STATUS UPTIME_MS=393016 RAW_BYTES=0 VALID=0 SENT=0 COMMANDS=5 CHECKSUM_ERR=0 LENGTH_ERR=0 PARSE_ERR=0 AGE_MS=-1 POOR_SIGNAL=200 ATTENTION=0 MEDITATION=0
EVENT=PC_BRIDGE_STATUS UPTIME_MS=394016 RAW_BYTES=0 VALID=0 SENT=0 COMMANDS=5 CHECKSUM_ERR=0 LENGTH_ERR=0 PARSE_ERR=0 AGE_MS=-1 POOR_SIGNAL=200 ATTENTION=0 MEDITATION=0
EVENT=PC_BRIDGE_STATUS UPTIME_MS=395016 RAW_BYTES=0 VALID=0 SENT=0 COMMANDS=5 CHECKSUM_ERR=0 LENGTH_ERR=0 PARSE_ERR=0 AGE_MS=-1 POOR_SIGNAL=200 ATTENTION=0 MEDITATION=0
EVENT=PC_BRIDGE_STATUS UPTIME_MS=396016 RAW_BYTES=0 VALID=0 SENT=0 COMMANDS=5 CHECKSUM_ERR=0 LENGTH_ERR=0 PARSE_ERR=0 AGE_MS=-1 POOR_SIGNAL=200 ATTENTION=0 MEDITATION=0
EVENT=PC_BRIDGE_STATUS UPTIME_MS=397016 RAW_BYTES=0 VALID=0 SENT=0 COMMANDS=5 CHECKSUM_ERR=0 LENGTH_ERR=0 PARSE_ERR=0 AGE_MS=-1 POOR_SIGNAL=200 ATTENTION=0 MEDITATION=0
EVENT=PC_BRIDGE_STATUS UPTIME_MS=398016 RAW_BYTES=0 VALID=0 SENT=0 COMMANDS=5 CHECKSUM_ERR=0 LENGTH_ERR=0 PARSE_ERR=0 AGE_MS=-1 POOR_SIGNAL=200 ATTENTION=0 MEDITATION=0
EVENT=PC_BRIDGE_STATUS UPTIME_MS=399016 RAW_BYTES=0 VALID=0 SENT=0 COMMANDS=5 CHECKSUM_ERR=0 LENGTH_ERR=0 PARSE_ERR=0 AGE_MS=-1 POOR_SIGNAL=200 ATTENTION=0 MEDITATION=0
EVENT=PC_BRIDGE_STATUS UPTIME_MS=400016 RAW_BYTES=0 VALID=0 SENT=0 COMMANDS=5 CHECKSUM_ERR=0 LENGTH_ERR=0 PARSE_ERR=0 AGE_MS=-1 POOR_SIGNAL=200 ATTENTION=0 MEDITATION=0
EVENT=PC_BRIDGE_STATUS UPTIME_MS=401016 RAW_BYTES=0 VALID=0 SENT=0 COMMANDS=5 CHECKSUM_ERR=0 LENGTH_ERR=0 PARSE_ERR=0 AGE_MS=-1 POOR_SIGNAL=200 ATTENTION=0 MEDITATION=0
EVENT=PC_BRIDGE_STATUS UPTIME_MS=402016 RAW_BYTES=0 VALID=0 SENT=0 COMMANDS=5 CHECKSUM_ERR=0 LENGTH_ERR=0 PARSE_ERR=0 AGE_MS=-1 POOR_SIGNAL=200 ATTENTION=0 MEDITATION=0
EVENT=PC_BRIDGE_STATUS UPTIME_MS=403016 RAW_BYTES=0 VALID=0 SENT=0 COMMANDS=5 CHECKSUM_ERR=0 LENGTH_ERR=0 PARSE_ERR=0 AGE_MS=-1 POOR_SIGNAL=200 ATTENTION=0 MEDITATION=0
EVENT=PC_BRIDGE_STATUS UPTIME_MS=404016 RAW_BYTES=0 VALID=0 SENT=0 COMMANDS=5 CHECKSUM_ERR=0 LENGTH_ERR=0 PARSE_ERR=0 AGE_MS=-1 POOR_SIGNAL=200 ATTENTION=0 MEDITATION=0
EVENT=PC_BRIDGE_STATUS UPTIME_MS=405016 RAW_BYTES=0 VALID=0 SENT=0 COMMANDS=5 CHECKSUM_ERR=0 LENGTH_ERR=0 PARSE_ERR=0 AGE_MS=-1 POOR_SIGNAL=200 ATTENTION=0 MEDITATION=0
EVENT=PC_BRIDGE_STATUS UPTIME_MS=406016 RAW_BYTES=0 VALID=0 SENT=0 COMMANDS=5 CHECKSUM_ERR=0 LENGTH_ERR=0 PARSE_ERR=0 AGE_MS=-1 POOR_SIGNAL=200 ATTENTION=0 MEDITATION=0
EVENT=PC_BRIDGE_STATUS UPTIME_MS=407016 RAW_BYTES=0 VALID=0 SENT=0 COMMANDS=5 CHECKSUM_ERR=0 LENGTH_ERR=0 PARSE_ERR=0 AGE_MS=-1 POOR_SIGNAL=200 ATTENTION=0 MEDITATION=0
EVENT=PC_BRIDGE_STATUS UPTIME_MS=408031 RAW_BYTES=0 VALID=0 SENT=0 COMMANDS=5 CHECKSUM_ERR=0 LENGTH_ERR=0 PARSE_ERR=0 AGE_MS=-1 POOR_SIGNAL=200 ATTENTION=0 MEDITATION=0
EVENT=PC_BRIDGE_STATUS UPTIME_MS=409047 RAW_BYTES=0 VALID=0 SENT=0 COMMANDS=5 CHECKSUM_ERR=0 LENGTH_ERR=0 PARSE_ERR=0 AGE_MS=-1 POOR_SIGNAL=200 ATTENTION=0 MEDITATION=0
EVENT=PC_BRIDGE_STATUS UPTIME_MS=410062 RAW_BYTES=0 VALID=0 SENT=0 COMMANDS=5 CHECKSUM_ERR=0 LENGTH_ERR=0 PARSE_ERR=0 AGE_MS=-1 POOR_SIGNAL=200 ATTENTION=0 MEDITATION=0
EVENT=PC_BRIDGE_STATUS UPTIME_MS=411062 RAW_BYTES=0 VALID=0 SENT=0 COMMANDS=5 CHECKSUM_ERR=0 LENGTH_ERR=0 PARSE_ERR=0 AGE_MS=-1 POOR_SIGNAL=200 ATTENTION=0 MEDITATION=0
EVENT=PC_BRIDGE_STATUS UPTIME_MS=412062 RAW_BYTES=0 VALID=0 SENT=0 COMMANDS=5 CHECKSUM_ERR=0 LENGTH_ERR=0 PARSE_ERR=0 AGE_MS=-1 POOR_SIGNAL=200 ATTENTION=0 MEDITATION=0
EVENT=PC_BRIDGE_STATUS UPTIME_MS=413062 RAW_BYTES=0 VALID=0 SENT=0 COMMANDS=5 CHECKSUM_ERR=0 LENGTH_ERR=0 PARSE_ERR=0 AGE_MS=-1 POOR_SIGNAL=200 ATTENTION=0 MEDITATION=0
EVENT=PC_BRIDGE_STATUS UPTIME_MS=414077 RAW_BYTES=0 VALID=0 SENT=0 COMMANDS=5 CHECKSUM_ERR=0 LENGTH_ERR=0 PARSE_ERR=0 AGE_MS=-1 POOR_SIGNAL=200 ATTENTION=0 MEDITATION=0
EVENT=PC_BRIDGE_STATUS UPTIME_MS=415077 RAW_BYTES=0 VALID=0 SENT=0 COMMANDS=5 CHECKSUM_ERR=0 LENGTH_ERR=0 PARSE_ERR=0 AGE_MS=-1 POOR_SIGNAL=200 ATTENTION=0 MEDITATION=0
EVENT=PC_BRIDGE_STATUS UPTIME_MS=416077 RAW_BYTES=0 VALID=0 SENT=0 COMMANDS=5 CHECKSUM_ERR=0 LENGTH_ERR=0 PARSE_ERR=0 AGE_MS=-1 POOR_SIGNAL=200 ATTENTION=0 MEDITATION=0
EVENT=PC_BRIDGE_STATUS UPTIME_MS=417077 RAW_BYTES=0 VALID=0 SENT=0 COMMANDS=5 CHECKSUM_ERR=0 LENGTH_ERR=0 PARSE_ERR=0 AGE_MS=-1 POOR_SIGNAL=200 ATTENTION=0 MEDITATION=0
EVENT=PC_BRIDGE_STATUS UPTIME_MS=418093 RAW_BYTES=0 VALID=0 SENT=0 COMMANDS=5 CHECKSUM_ERR=0 LENGTH_ERR=0 PARSE_ERR=0 AGE_MS=-1 POOR_SIGNAL=200 ATTENTION=0 MEDITATION=0
EVENT=PC_BRIDGE_STATUS UPTIME_MS=419093 RAW_BYTES=0 VALID=0 SENT=0 COMMANDS=5 CHECKSUM_ERR=0 LENGTH_ERR=0 PARSE_ERR=0 AGE_MS=-1 POOR_SIGNAL=200 ATTENTION=0 MEDITATION=0
EVENT=PC_BRIDGE_STATUS UPTIME_MS=420093 RAW_BYTES=0 VALID=0 SENT=0 COMMANDS=5 CHECKSUM_ERR=0 LENGTH_ERR=0 PARSE_ERR=0 AGE_MS=-1 POOR_SIGNAL=200 ATTENTION=0 MEDITATION=0
EVENT=PC_BRIDGE_STATUS UPTIME_MS=421093 RAW_BYTES=0 VALID=0 SENT=0 COMMANDS=5 CHECKSUM_ERR=0 LENGTH_ERR=0 PARSE_ERR=0 AGE_MS=-1 POOR_SIGNAL=200 ATTENTION=0 MEDITATION=0
EVENT=PC_BRIDGE_STATUS UPTIME_MS=422093 RAW_BYTES=0 VALID=0 SENT=0 COMMANDS=5 CHECKSUM_ERR=0 LENGTH_ERR=0 PARSE_ERR=0 AGE_MS=-1 POOR_SIGNAL=200 ATTENTION=0 MEDITATION=0
EVENT=PC_BRIDGE_STATUS UPTIME_MS=423110 RAW_BYTES=0 VALID=0 SENT=0 COMMANDS=5 CHECKSUM_ERR=0 LENGTH_ERR=0 PARSE_ERR=0 AGE_MS=-1 POOR_SIGNAL=200 ATTENTION=0 MEDITATION=0
EVENT=PC_BRIDGE_STATUS UPTIME_MS=424110 RAW_BYTES=0 VALID=0 SENT=0 COMMANDS=5 CHECKSUM_ERR=0 LENGTH_ERR=0 PARSE_ERR=0 AGE_MS=-1 POOR_SIGNAL=200 ATTENTION=0 MEDITATION=0
EVENT=PC_BRIDGE_STATUS UPTIME_MS=425110 RAW_BYTES=0 VALID=0 SENT=0 COMMANDS=5 CHECKSUM_ERR=0 LENGTH_ERR=0 PARSE_ERR=0 AGE_MS=-1 POOR_SIGNAL=200 ATTENTION=0 MEDITATION=0
EVENT=PC_BRIDGE_STATUS UPTIME_MS=426125 RAW_BYTES=0 VALID=0 SENT=0 COMMANDS=5 CHECKSUM_ERR=0 LENGTH_ERR=0 PARSE_ERR=0 AGE_MS=-1 POOR_SIGNAL=200 ATTENTION=0 MEDITATION=0
EVENT=PC_BRIDGE_STATUS UPTIME_MS=427125 RAW_BYTES=0 VALID=0 SENT=0 COMMANDS=5 CHECKSUM_ERR=0 LENGTH_ERR=0 PARSE_ERR=0 AGE_MS=-1 POOR_SIGNAL=200 ATTENTION=0 MEDITATION=0
EVENT=PC_BRIDGE_STATUS UPTIME_MS=428125 RAW_BYTES=0 VALID=0 SENT=0 COMMANDS=5 CHECKSUM_ERR=0 LENGTH_ERR=0 PARSE_ERR=0 AGE_MS=-1 POOR_SIGNAL=200 ATTENTION=0 MEDITATION=0
EVENT=PC_BRIDGE_STATUS UPTIME_MS=429125 RAW_BYTES=0 VALID=0 SENT=0 COMMANDS=5 CHECKSUM_ERR=0 LENGTH_ERR=0 PARSE_ERR=0 AGE_MS=-1 POOR_SIGNAL=200 ATTENTION=0 MEDITATION=0
EVENT=PC_BRIDGE_STATUS UPTIME_MS=430141 RAW_BYTES=0 VALID=0 SENT=0 COMMANDS=5 CHECKSUM_ERR=0 LENGTH_ERR=0 PARSE_ERR=0 AGE_MS=-1 POOR_SIGNAL=200 ATTENTION=0 MEDITATION=0
EVENT=PC_BRIDGE_STATUS UPTIME_MS=431141 RAW_BYTES=0 VALID=0 SENT=0 COMMANDS=5 CHECKSUM_ERR=0 LENGTH_ERR=0 PARSE_ERR=0 AGE_MS=-1 POOR_SIGNAL=200 ATTENTION=0 MEDITATION=0
EVENT=PC_BRIDGE_STATUS UPTIME_MS=432141 RAW_BYTES=0 VALID=0 SENT=0 COMMANDS=5 CHECKSUM_ERR=0 LENGTH_ERR=0 PARSE_ERR=0 AGE_MS=-1 POOR_SIGNAL=200 ATTENTION=0 MEDITATION=0
EVENT=PC_BRIDGE_STATUS UPTIME_MS=433141 RAW_BYTES=0 VALID=0 SENT=0 COMMANDS=5 CHECKSUM_ERR=0 LENGTH_ERR=0 PARSE_ERR=0 AGE_MS=-1 POOR_SIGNAL=200 ATTENTION=0 MEDITATION=0
EVENT=PC_BRIDGE_STATUS UPTIME_MS=434141 RAW_BYTES=0 VALID=0 SENT=0 COMMANDS=5 CHECKSUM_ERR=0 LENGTH_ERR=0 PARSE_ERR=0 AGE_MS=-1 POOR_SIGNAL=200 ATTENTION=0 MEDITATION=0
EVENT=PC_BRIDGE_STATUS UPTIME_MS=435141 RAW_BYTES=0 VALID=0 SENT=0 COMMANDS=5 CHECKSUM_ERR=0 LENGTH_ERR=0 PARSE_ERR=0 AGE_MS=-1 POOR_SIGNAL=200 ATTENTION=0 MEDITATION=0
EVENT=PC_BRIDGE_STATUS UPTIME_MS=436141 RAW_BYTES=0 VALID=0 SENT=0 COMMANDS=5 CHECKSUM_ERR=0 LENGTH_ERR=0 PARSE_ERR=0 AGE_MS=-1 POOR_SIGNAL=200 ATTENTION=0 MEDITATION=0
EVENT=PC_BRIDGE_STATUS UPTIME_MS=437141 RAW_BYTES=0 VALID=0 SENT=0 COMMANDS=5 CHECKSUM_ERR=0 LENGTH_ERR=0 PARSE_ERR=0 AGE_MS=-1 POOR_SIGNAL=200 ATTENTION=0 MEDITATION=0
EVENT=PC_BRIDGE_STATUS UPTIME_MS=438156 RAW_BYTES=0 VALID=0 SENT=0 COMMANDS=5 CHECKSUM_ERR=0 LENGTH_ERR=0 PARSE_ERR=0 AGE_MS=-1 POOR_SIGNAL=200 ATTENTION=0 MEDITATION=0
EVENT=PC_BRIDGE_STATUS UPTIME_MS=439156 RAW_BYTES=0 VALID=0 SENT=0 COMMANDS=5 CHECKSUM_ERR=0 LENGTH_ERR=0 PARSE_ERR=0 AGE_MS=-1 POOR_SIGNAL=200 ATTENTION=0 MEDITATION=0
EVENT=PC_BRIDGE_STATUS UPTIME_MS=440156 RAW_BYTES=0 VALID=0 SENT=0 COMMANDS=5 CHECKSUM_ERR=0 LENGTH_ERR=0 PARSE_ERR=0 AGE_MS=-1 POOR_SIGNAL=200 ATTENTION=0 MEDITATION=0
EVENT=PC_BRIDGE_STATUS UPTIME_MS=441172 RAW_BYTES=0 VALID=0 SENT=0 COMMANDS=5 CHECKSUM_ERR=0 LENGTH_ERR=0 PARSE_ERR=0 AGE_MS=-1 POOR_SIGNAL=200 ATTENTION=0 MEDITATION=0
EVENT=PC_BRIDGE_STATUS UPTIME_MS=442172 RAW_BYTES=0 VALID=0 SENT=0 COMMANDS=5 CHECKSUM_ERR=0 LENGTH_ERR=0 PARSE_ERR=0 AGE_MS=-1 POOR_SIGNAL=200 ATTENTION=0 MEDITATION=0
EVENT=PC_BRIDGE_STATUS UPTIME_MS=443172 RAW_BYTES=0 VALID=0 SENT=0 COMMANDS=5 CHECKSUM_ERR=0 LENGTH_ERR=0 PARSE_ERR=0 AGE_MS=-1 POOR_SIGNAL=200 ATTENTION=0 MEDITATION=0
EVENT=PC_BRIDGE_STATUS UPTIME_MS=444172 RAW_BYTES=0 VALID=0 SENT=0 COMMANDS=5 CHECKSUM_ERR=0 LENGTH_ERR=0 PARSE_ERR=0 AGE_MS=-1 POOR_SIGNAL=200 ATTENTION=0 MEDITATION=0
EVENT=PC_BRIDGE_STATUS UPTIME_MS=445187 RAW_BYTES=0 VALID=0 SENT=0 COMMANDS=5 CHECKSUM_ERR=0 LENGTH_ERR=0 PARSE_ERR=0 AGE_MS=-1 POOR_SIGNAL=200 ATTENTION=0 MEDITATION=0
EVENT=PC_BRIDGE_STATUS UPTIME_MS=446187 RAW_BYTES=0 VALID=0 SENT=0 COMMANDS=5 CHECKSUM_ERR=0 LENGTH_ERR=0 PARSE_ERR=0 AGE_MS=-1 POOR_SIGNAL=200 ATTENTION=0 MEDITATION=0
EVENT=PC_BRIDGE_STATUS UPTIME_MS=447202 RAW_BYTES=0 VALID=0 SENT=0 COMMANDS=5 CHECKSUM_ERR=0 LENGTH_ERR=0 PARSE_ERR=0 AGE_MS=-1 POOR_SIGNAL=200 ATTENTION=0 MEDITATION=0
EVENT=PC_BRIDGE_STATUS UPTIME_MS=448202 RAW_BYTES=0 VALID=0 SENT=0 COMMANDS=5 CHECKSUM_ERR=0 LENGTH_ERR=0 PARSE_ERR=0 AGE_MS=-1 POOR_SIGNAL=200 ATTENTION=0 MEDITATION=0
EVENT=PC_BRIDGE_STATUS UPTIME_MS=449218 RAW_BYTES=0 VALID=0 SENT=0 COMMANDS=5 CHECKSUM_ERR=0 LENGTH_ERR=0 PARSE_ERR=0 AGE_MS=-1 POOR_SIGNAL=200 ATTENTION=0 MEDITATION=0
EVENT=PC_BRIDGE_STATUS UPTIME_MS=450235 RAW_BYTES=0 VALID=0 SENT=0 COMMANDS=5 CHECKSUM_ERR=0 LENGTH_ERR=0 PARSE_ERR=0 AGE_MS=-1 POOR_SIGNAL=200 ATTENTION=0 MEDITATION=0
EVENT=PC_BRIDGE_STATUS UPTIME_MS=451250 RAW_BYTES=0 VALID=0 SENT=0 COMMANDS=5 CHECKSUM_ERR=0 LENGTH_ERR=0 PARSE_ERR=0 AGE_MS=-1 POOR_SIGNAL=200 ATTENTION=0 MEDITATION=0
EVENT=PC_BRIDGE_STATUS UPTIME_MS=452266 RAW_BYTES=0 VALID=0 SENT=0 COMMANDS=5 CHECKSUM_ERR=0 LENGTH_ERR=0 PARSE_ERR=0 AGE_MS=-1 POOR_SIGNAL=200 ATTENTION=0 MEDITATION=0
EVENT=PC_BRIDGE_STATUS UPTIME_MS=453266 RAW_BYTES=0 VALID=0 SENT=0 COMMANDS=5 CHECKSUM_ERR=0 LENGTH_ERR=0 PARSE_ERR=0 AGE_MS=-1 POOR_SIGNAL=200 ATTENTION=0 MEDITATION=0
EVENT=PC_BRIDGE_STATUS UPTIME_MS=454266 RAW_BYTES=0 VALID=0 SENT=0 COMMANDS=5 CHECKSUM_ERR=0 LENGTH_ERR=0 PARSE_ERR=0 AGE_MS=-1 POOR_SIGNAL=200 ATTENTION=0 MEDITATION=0
EVENT=PC_BRIDGE_STATUS UPTIME_MS=455266 RAW_BYTES=0 VALID=0 SENT=0 COMMANDS=5 CHECKSUM_ERR=0 LENGTH_ERR=0 PARSE_ERR=0 AGE_MS=-1 POOR_SIGNAL=200 ATTENTION=0 MEDITATION=0
EVENT=PC_BRIDGE_STATUS UPTIME_MS=456281 RAW_BYTES=0 VALID=0 SENT=0 COMMANDS=5 CHECKSUM_ERR=0 LENGTH_ERR=0 PARSE_ERR=0 AGE_MS=-1 POOR_SIGNAL=200 ATTENTION=0 MEDITATION=0
EVENT=PC_BRIDGE_STATUS UPTIME_MS=457281 RAW_BYTES=0 VALID=0 SENT=0 COMMANDS=5 CHECKSUM_ERR=0 LENGTH_ERR=0 PARSE_ERR=0 AGE_MS=-1 POOR_SIGNAL=200 ATTENTION=0 MEDITATION=0
EVENT=PC_BRIDGE_STATUS UPTIME_MS=458281 RAW_BYTES=0 VALID=0 SENT=0 COMMANDS=5 CHECKSUM_ERR=0 LENGTH_ERR=0 PARSE_ERR=0 AGE_MS=-1 POOR_SIGNAL=200 ATTENTION=0 MEDITATION=0
EVENT=PC_BRIDGE_STATUS UPTIME_MS=459281 RAW_BYTES=0 VALID=0 SENT=0 COMMANDS=5 CHECKSUM_ERR=0 LENGTH_ERR=0 PARSE_ERR=0 AGE_MS=-1 POOR_SIGNAL=200 ATTENTION=0 MEDITATION=0
EVENT=PC_BRIDGE_STATUS UPTIME_MS=460297 RAW_BYTES=0 VALID=0 SENT=0 COMMANDS=5 CHECKSUM_ERR=0 LENGTH_ERR=0 PARSE_ERR=0 AGE_MS=-1 POOR_SIGNAL=200 ATTENTION=0 MEDITATION=0
EVENT=PC_BRIDGE_STATUS UPTIME_MS=461297 RAW_BYTES=0 VALID=0 SENT=0 COMMANDS=5 CHECKSUM_ERR=0 LENGTH_ERR=0 PARSE_ERR=0 AGE_MS=-1 POOR_SIGNAL=200 ATTENTION=0 MEDITATION=0
EVENT=PC_BRIDGE_STATUS UPTIME_MS=462312 RAW_BYTES=0 VALID=0 SENT=0 COMMANDS=5 CHECKSUM_ERR=0 LENGTH_ERR=0 PARSE_ERR=0 AGE_MS=-1 POOR_SIGNAL=200 ATTENTION=0 MEDITATION=0
EVENT=PC_BRIDGE_STATUS UPTIME_MS=463312 RAW_BYTES=0 VALID=0 SENT=0 COMMANDS=5 CHECKSUM_ERR=0 LENGTH_ERR=0 PARSE_ERR=0 AGE_MS=-1 POOR_SIGNAL=200 ATTENTION=0 MEDITATION=0
EVENT=PC_BRIDGE_STATUS UPTIME_MS=464327 RAW_BYTES=0 VALID=0 SENT=0 COMMANDS=5 CHECKSUM_ERR=0 LENGTH_ERR=0 PARSE_ERR=0 AGE_MS=-1 POOR_SIGNAL=200 ATTENTION=0 MEDITATION=0
EVENT=PC_BRIDGE_STATUS UPTIME_MS=465327 RAW_BYTES=0 VALID=0 SENT=0 COMMANDS=5 CHECKSUM_ERR=0 LENGTH_ERR=0 PARSE_ERR=0 AGE_MS=-1 POOR_SIGNAL=200 ATTENTION=0 MEDITATION=0
EVENT=PC_BRIDGE_STATUS UPTIME_MS=466327 RAW_BYTES=0 VALID=0 SENT=0 COMMANDS=5 CHECKSUM_ERR=0 LENGTH_ERR=0 PARSE_ERR=0 AGE_MS=-1 POOR_SIGNAL=200 ATTENTION=0 MEDITATION=0
EVENT=PC_BRIDGE_STATUS UPTIME_MS=467343 RAW_BYTES=0 VALID=0 SENT=0 COMMANDS=5 CHECKSUM_ERR=0 LENGTH_ERR=0 PARSE_ERR=0 AGE_MS=-1 POOR_SIGNAL=200 ATTENTION=0 MEDITATION=0
EVENT=PC_BRIDGE_STATUS UPTIME_MS=468343 RAW_BYTES=0 VALID=0 SENT=0 COMMANDS=5 CHECKSUM_ERR=0 LENGTH_ERR=0 PARSE_ERR=0 AGE_MS=-1 POOR_SIGNAL=200 ATTENTION=0 MEDITATION=0
